
------- MixMaxRng engine status -------
 Current state vector is:
mixmax state, file version 1.0
N=17; V[N]={906770732717044781, 629165745432651234, 1235682547346241386, 68420008233404568, 2262190991329242458, 2266470399991071809, 1976726662926872232, 245458862506414172, 1955974201201518530, 2155248512522080758, 604170912935414061, 1116171330120743511, 1861018313684488333, 1296715403254578286, 1549011045957234151, 370819759640195970, 2230139271784837643}; counter= 17sumtot= 1977567618660788324
---------------------------------------


          ################################
          !!! G4Backtrace is activated !!!
          ################################


**************************************************************
 Geant4 version Name: geant4-11-00-patch-02 [MT]   (25-May-2022)
                       Copyright : Geant4 Collaboration
                      References : NIM A 506 (2003), 250-303
                                 : IEEE-TNS 53 (2006), 270-278
                                 : NIM A 835 (2016), 186-225
                             WWW : http://geant4.org/
**************************************************************

===== Register constructor ==== G4EmAndDNA
/run/initialize
userDetector->Construct() start.
world is registered to the default region.
physicsList->Construct() start.
physicsList->CheckParticleList() start.
physicsList->setCut() start.
/gps/particle gamma
#/gps/particle ion
#/gps/ion 85 211
/gps/pos/type Surface
/gps/pos/shape Sphere
/gps/pos/centre 0 0 0
/gps/pos/radius 1 um
/gps/ang/type cos
/gps/ang/maxtheta 0.000075 rad
/gps/ene/type Mono
#/gps/energy 0 MeV
/gps/energy 5.9 MeV
/run/printProgress 10000
/run/beamOn 1000
=======================================================================
======                 Electromagnetic Physics Parameters      ========
=======================================================================
LPM effect enabled                                 1
Enable creation and use of sampling tables         0
Apply cuts on all EM processes                     0
Use general process                                0
Enable linear polarisation for gamma               0
Enable sampling of quantum entanglement            0
X-section factor for integral approach             0.8
Min kinetic energy for tables                      100 eV 
Max kinetic energy for tables                      100 TeV
Number of bins per decade of a table               7
Verbose level                                      1
Verbose level for worker thread                    0
Bremsstrahlung energy threshold above which 
  primary e+- is added to the list of secondary    100 TeV
Bremsstrahlung energy threshold above which primary
  muon/hadron is added to the list of secondary    100 TeV
Lowest triplet kinetic energy                      1 MeV
Enable sampling of gamma linear polarisation       0
5D gamma conversion model type                     0
5D gamma conversion model on isolated ion          0
Livermore data directory                           livermore
=======================================================================
======                 Ionisation Parameters                   ========
=======================================================================
Step function for e+-                              (0.2, 1 mm)
Step function for muons/hadrons                    (0.2, 0.1 mm)
Step function for light ions                       (0.2, 0.1 mm)
Step function for general ions                     (0.2, 0.1 mm)
Lowest e+e- kinetic energy                         1 keV
Lowest muon/hadron kinetic energy                  1 keV
Fluctuations of dE/dx are enabled                  1
Use ICRU90 data                                    0
Use built-in Birks satuaration                     0
Build CSDA range enabled                           0
Use cut as a final range enabled                   0
Enable angular generator interface                 0
Max kinetic energy for CSDA tables                 1 GeV
Max kinetic energy for NIEL computation            0 eV 
Linear loss limit                                  0.01
Read data from file for e+e- pair production by mu 0
=======================================================================
======                 Multiple Scattering Parameters          ========
=======================================================================
Type of msc step limit algorithm for e+-           3
Type of msc step limit algorithm for muons/hadrons 0
Msc lateral displacement for e+- enabled           1
Msc lateral displacement for muons and hadrons     0
Urban msc model lateral displacement alg96         1
Range factor for msc step limit for e+-            0.04
Range factor for msc step limit for muons/hadrons  0.2
Geometry factor for msc step limitation of e+-     2.5
Safety factor for msc step limit for e+-           0.6
Skin parameter for msc step limitation of e+-      1
Lambda limit for msc step limit for e+-            1 mm
Use Mott correction for e- scattering              0
Factor used for dynamic computation of angular 
  limit between single and multiple scattering     1
Fixed angular limit between single 
  and multiple scattering                          3.1416 rad
Upper energy limit for e+- multiple scattering     100 MeV
Type of electron single scattering model           0
Type of nuclear form-factor                        1
Screening factor                                   1
=======================================================================
======                 Atomic Deexcitation Parameters          ========
=======================================================================
Fluorescence enabled                               1
Fluorescence Bearden data files enabled            0
Fluorescence ANSTO data files enabled              0
Auger electron cascade enabled                     1
PIXE atomic de-excitation enabled                  0
De-excitation module ignores cuts                  1
Type of PIXE cross section for hadrons             Empirical
Type of PIXE cross section for e+-                 Livermore
=======================================================================
======                 DNA Physics Parameters                  ========
=======================================================================
Use fast sampling in DNA models                    0
Use Stationary option in DNA models                0
Use DNA with multiple scattering of e-             0
Use DNA e- solvation model type                    11003
=======================================================================

### ===  Deexcitation model UAtomDeexcitation is activated for 2 regions:
          DefaultRegionForTheWorld  1  1  0
          Target  1  1  0
### ===  Auger flag: 1
### ===  Ignore cuts flag:   1

phot:  for gamma SubType=12 BuildTable=0
      LambdaPrime table from 200 keV to 100 TeV in 61 bins 
      ===== EM models for the G4Region  DefaultRegionForTheWorld ======
 LivermorePhElectric : Emin=    0 eV  Emax=  100 TeV  SauterGavrila Fluo

compt:  for gamma SubType=13 BuildTable=1
      Lambda table from 100 eV  to 1 MeV, 7 bins/decade, spline: 1
      LambdaPrime table from 1 MeV to 100 TeV in 56 bins 
      ===== EM models for the G4Region  DefaultRegionForTheWorld ======
    LivermoreCompton : Emin=    0 eV  Emax=  100 TeV Fluo

conv:  for gamma SubType=14 BuildTable=1
      Lambda table from 1.022 MeV to 100 TeV, 18 bins/decade, spline: 1
      ===== EM models for the G4Region  DefaultRegionForTheWorld ======
 LivermoreConversion : Emin=    0 eV  Emax=  100 TeV  ModifiedTsai

Rayl:  for gamma SubType=11 BuildTable=1
      Lambda table from 100 eV  to 100 keV, 7 bins/decade, spline: 0
      LambdaPrime table from 100 keV to 100 TeV in 63 bins 
      ===== EM models for the G4Region  DefaultRegionForTheWorld ======
   LivermoreRayleigh : Emin=    0 eV  Emax=  100 TeV  CullenGenerator

msc:  for e-  SubType= 10
      ===== EM models for the G4Region  DefaultRegionForTheWorld ======
  GoudsmitSaunderson : Emin=    0 eV  Emax=  100 MeV Nbins=42 100 eV  - 100 MeV
          StepLim=DistanceToBoundary Rfact=0.04 Gfact=2.5 Sfact=0.6 DispFlag:1 Skin=1 Llim=1 mm
        WentzelVIUni : Emin=  100 MeV Emax=  100 TeV Nbins=42 100 MeV - 100 TeV
          StepLim=DistanceToBoundary Rfact=0.04 Gfact=2.5 Sfact=0.6 DispFlag:1 Skin=1 Llim=1 mm
      ===== EM models for the G4Region  Target ======
  GoudsmitSaunderson : Emin=    1 MeV Emax=  100 TeV Nbins=56   1 MeV - 100 TeV
          StepLim=DistanceToBoundary Rfact=0.04 Gfact=2.5 Sfact=0.6 DispFlag:1 Skin=1 Llim=1 mm

eIoni:  for e-  XStype:1  SubType=2
      dE/dx and range tables from 100 eV  to 100 TeV in 84 bins
      Lambda tables from threshold to 100 TeV, 7 bins/decade, spline: 1
      StepFunction=(0.2, 1 mm), integ: 1, fluct: 1, linLossLim= 0.01
      ===== EM models for the G4Region  DefaultRegionForTheWorld ======
        MollerBhabha : Emin=    0 eV  Emax=  100 TeV
      ===== EM models for the G4Region  Target ======
        MollerBhabha : Emin=    1 MeV Emax=  100 TeV

eBrem:  for e-  XStype:4  SubType=3
      dE/dx and range tables from 100 eV  to 100 TeV in 84 bins
      Lambda tables from threshold to 100 TeV, 7 bins/decade, spline: 1
      LPM flag: 1 for E > 1 GeV,  VertexHighEnergyTh(GeV)= 100000
      ===== EM models for the G4Region  DefaultRegionForTheWorld ======
             eBremSB : Emin=    0 eV  Emax=    1 GeV  AngularGen2BS
            eBremLPM : Emin=    1 GeV Emax=  100 TeV  AngularGen2BS

e-_G4DNAElastic:  for e- SubType=51 BuildTable=0
      ===== EM models for the G4Region  DefaultRegionForTheWorld ======
          DummyModel : Emin=    0 eV  Emax=  100 TeV
          StepLim=UseSafety Rfact=0.04 Gfact=2.5 Sfact=0.6 DispFlag:1 Skin=1 Llim=1 mm
      ===== EM models for the G4Region  Target ======
DNAChampionElasticModel : Emin=    0 eV  Emax=    1 MeV

e-_G4DNAExcitation:  for e- SubType=52 BuildTable=0
      ===== EM models for the G4Region  DefaultRegionForTheWorld ======
          DummyModel : Emin=    0 eV  Emax=  100 TeV
          StepLim=UseSafety Rfact=0.04 Gfact=2.5 Sfact=0.6 DispFlag:1 Skin=1 Llim=1 mm
      ===== EM models for the G4Region  Target ======
DNABornExcitationModel : Emin=    0 eV  Emax=    1 MeV

e-_G4DNAIonisation:  for e- SubType=53 BuildTable=0
      ===== EM models for the G4Region  DefaultRegionForTheWorld ======
          DummyModel : Emin=    0 eV  Emax=  100 TeV
          StepLim=UseSafety Rfact=0.04 Gfact=2.5 Sfact=0.6 DispFlag:1 Skin=1 Llim=1 mm
      ===== EM models for the G4Region  Target ======
DNABornIonisationModel : Emin=    0 eV  Emax=    1 MeV  deltaBorn Fluo

e-_G4DNAElectronSolvation:  for e- SubType=58 BuildTable=0
      ===== EM models for the G4Region  DefaultRegionForTheWorld ======
          DummyModel : Emin=    0 eV  Emax=  100 TeV
          StepLim=UseSafety Rfact=0.04 Gfact=2.5 Sfact=0.6 DispFlag:1 Skin=1 Llim=1 mm
      ===== EM models for the G4Region  Target ======
DNAOneStepThermalizationModel_Meesungnoen2002 : Emin=    0 eV  Emax=  7.4 eV 

e-_G4DNAVibExcitation:  for e- SubType=54 BuildTable=0
      ===== EM models for the G4Region  DefaultRegionForTheWorld ======
          DummyModel : Emin=    0 eV  Emax=  100 TeV
          StepLim=UseSafety Rfact=0.04 Gfact=2.5 Sfact=0.6 DispFlag:1 Skin=1 Llim=1 mm
      ===== EM models for the G4Region  Target ======
DNASancheExcitationModel : Emin=    0 eV  Emax=  100 eV 

e-_G4DNAAttachment:  for e- SubType=55 BuildTable=0
      ===== EM models for the G4Region  DefaultRegionForTheWorld ======
          DummyModel : Emin=    0 eV  Emax=  100 TeV
          StepLim=UseSafety Rfact=0.04 Gfact=2.5 Sfact=0.6 DispFlag:1 Skin=1 Llim=1 mm
      ===== EM models for the G4Region  Target ======
DNAMeltonAttachmentModel : Emin=    0 eV  Emax=   13 eV 

msc:  for e+  SubType= 10
      ===== EM models for the G4Region  DefaultRegionForTheWorld ======
            UrbanMsc : Emin=    0 eV  Emax=  100 TeV Nbins=84 100 eV  - 100 TeV
          StepLim=DistanceToBoundary Rfact=0.04 Gfact=2.5 Sfact=0.6 DispFlag:1 Skin=1 Llim=1 mm

eIoni:  for e+  XStype:1  SubType=2
      dE/dx and range tables from 100 eV  to 100 TeV in 84 bins
      Lambda tables from threshold to 100 TeV, 7 bins/decade, spline: 1
      StepFunction=(0.2, 1 mm), integ: 1, fluct: 1, linLossLim= 0.01
      ===== EM models for the G4Region  DefaultRegionForTheWorld ======
        MollerBhabha : Emin=    0 eV  Emax=  100 TeV

eBrem:  for e+  XStype:4  SubType=3
      dE/dx and range tables from 100 eV  to 100 TeV in 84 bins
      Lambda tables from threshold to 100 TeV, 7 bins/decade, spline: 1
      LPM flag: 1 for E > 1 GeV,  VertexHighEnergyTh(GeV)= 100000
      ===== EM models for the G4Region  DefaultRegionForTheWorld ======
             eBremSB : Emin=    0 eV  Emax=    1 GeV  ModifiedTsai
            eBremLPM : Emin=    1 GeV Emax=  100 TeV  ModifiedTsai

annihil:  for e+ XStype:2 SubType=5 BuildTable=0
      ===== EM models for the G4Region  DefaultRegionForTheWorld ======
            eplus2gg : Emin=    0 eV  Emax=  100 TeV

msc:  for proton  SubType= 10
      ===== EM models for the G4Region  DefaultRegionForTheWorld ======
        WentzelVIUni : Emin=    0 eV  Emax=  100 TeV Nbins=84 100 eV  - 100 TeV
          StepLim=Minimal Rfact=0.2 Gfact=2.5 Sfact=0.6 DispFlag:0 Skin=1 Llim=1 mm
      ===== EM models for the G4Region  Target ======
        WentzelVIUni : Emin=    1 MeV Emax=  100 TeV Nbins=56   1 MeV - 100 TeV
          StepLim=Minimal Rfact=0.2 Gfact=2.5 Sfact=0.6 DispFlag:0 Skin=1 Llim=1 mm

CoulombScat:  for proton XStype:1 SubType=1 BuildTable=1
      Lambda table from threshold  to 100 TeV, 7 bins/decade, spline: 0
      ThetaMin(p) < Theta(degree) < 180; pLimit(GeV^1)= 0.139531
      ===== EM models for the G4Region  DefaultRegionForTheWorld ======
  eCoulombScattering : Emin=    0 eV  Emax=  100 TeV
      ===== EM models for the G4Region  Target ======
  eCoulombScattering : Emin=    1 MeV Emax=  100 TeV

hIoni:  for proton  XStype:1  SubType=2
      dE/dx and range tables from 100 eV  to 100 TeV in 84 bins
      Lambda tables from threshold to 100 TeV, 7 bins/decade, spline: 1
      StepFunction=(0.2, 0.1 mm), integ: 1, fluct: 1, linLossLim= 0.01
      ===== EM models for the G4Region  DefaultRegionForTheWorld ======
               Bragg : Emin=    0 eV  Emax=    2 MeV
          BetheBloch : Emin=    2 MeV Emax=  100 TeV
      ===== EM models for the G4Region  Target ======
          BetheBloch : Emin=  100 MeV Emax=  100 TeV

proton_G4DNAExcitation:  for proton SubType=52 BuildTable=0
      ===== EM models for the G4Region  DefaultRegionForTheWorld ======
          DummyModel : Emin=    0 eV  Emax=  100 TeV
          StepLim=UseSafety Rfact=0.04 Gfact=2.5 Sfact=0.6 DispFlag:1 Skin=1 Llim=1 mm
      ===== EM models for the G4Region  Target ======
DNAMillerGreenExcitationModel : Emin=    0 eV  Emax=  500 keV
DNABornExcitationModel : Emin=  500 keV Emax=  100 MeV

proton_G4DNAIonisation:  for proton SubType=53 BuildTable=0
      ===== EM models for the G4Region  DefaultRegionForTheWorld ======
          DummyModel : Emin=    0 eV  Emax=  100 TeV
          StepLim=UseSafety Rfact=0.04 Gfact=2.5 Sfact=0.6 DispFlag:1 Skin=1 Llim=1 mm
      ===== EM models for the G4Region  Target ======
DNARuddIonisationExtendedModel : Emin=    0 eV  Emax=  500 keV  deltaRudd Fluo
DNABornIonisationModel : Emin=  500 keV Emax=  100 MeV  deltaBorn Fluo

proton_G4DNAElastic:  for proton SubType=51 BuildTable=0
      ===== EM models for the G4Region  DefaultRegionForTheWorld ======
          DummyModel : Emin=    0 eV  Emax=  100 TeV
          StepLim=UseSafety Rfact=0.04 Gfact=2.5 Sfact=0.6 DispFlag:1 Skin=1 Llim=1 mm
      ===== EM models for the G4Region  Target ======
  DNAIonElasticModel : Emin=    0 eV  Emax=    1 MeV

proton_G4DNAChargeDecrease:  for proton SubType=56 BuildTable=0
      ===== EM models for the G4Region  DefaultRegionForTheWorld ======
          DummyModel : Emin=    0 eV  Emax=  100 TeV
          StepLim=UseSafety Rfact=0.04 Gfact=2.5 Sfact=0.6 DispFlag:1 Skin=1 Llim=1 mm
      ===== EM models for the G4Region  Target ======
DNADingfelderChargeDecreaseModel : Emin=    0 eV  Emax=  100 MeV

msc:  for GenericIon  SubType= 10
      ===== EM models for the G4Region  DefaultRegionForTheWorld ======
            UrbanMsc : Emin=    0 eV  Emax=  100 TeV
          StepLim=Minimal Rfact=0.2 Gfact=2.5 Sfact=0.6 DispFlag:0 Skin=1 Llim=1 mm

ionIoni:  for GenericIon  XStype:1  SubType=2
      dE/dx and range tables from 100 eV  to 100 TeV in 84 bins
      Lambda tables from threshold to 100 TeV, 7 bins/decade, spline: 1
      StepFunction=(0.2, 0.1 mm), integ: 1, fluct: 1, linLossLim= 0.02
      Stopping Power data for 17 ion/material pairs
      ===== EM models for the G4Region  DefaultRegionForTheWorld ======
            BraggIon : Emin=    0 eV  Emax=    2 MeV
          BetheBloch : Emin=    2 MeV Emax=  100 TeV

msc:  for alpha  SubType= 10
      ===== EM models for the G4Region  DefaultRegionForTheWorld ======
            UrbanMsc : Emin=    0 eV  Emax=  100 TeV
          StepLim=Minimal Rfact=0.2 Gfact=2.5 Sfact=0.6 DispFlag:0 Skin=1 Llim=1 mm
      ===== EM models for the G4Region  Target ======
            UrbanMsc : Emin=    1 MeV Emax=  100 TeV
          StepLim=Minimal Rfact=0.2 Gfact=2.5 Sfact=0.6 DispFlag:0 Skin=1 Llim=1 mm

ionIoni:  for alpha  XStype:1  SubType=2
      dE/dx and range tables from 100 eV  to 100 TeV in 84 bins
      Lambda tables from threshold to 100 TeV, 7 bins/decade, spline: 1
      StepFunction=(0.2, 0.1 mm), integ: 1, fluct: 1, linLossLim= 0.02
      ===== EM models for the G4Region  DefaultRegionForTheWorld ======
            BraggIon : Emin=    0 eV  Emax=7.9452 MeV
          BetheBloch : Emin=7.9452 MeV Emax=  100 TeV
      ===== EM models for the G4Region  Target ======
          BetheBloch : Emin=   10 MeV Emax=  100 TeV

alpha_G4DNAExcitation:  for alpha SubType=52 BuildTable=0
      ===== EM models for the G4Region  DefaultRegionForTheWorld ======
          DummyModel : Emin=    0 eV  Emax=  100 TeV
          StepLim=UseSafety Rfact=0.04 Gfact=2.5 Sfact=0.6 DispFlag:1 Skin=1 Llim=1 mm
      ===== EM models for the G4Region  Target ======
DNAMillerGreenExcitationModel : Emin=    0 eV  Emax=   10 MeV

alpha_G4DNAIonisation:  for alpha SubType=53 BuildTable=0
      ===== EM models for the G4Region  DefaultRegionForTheWorld ======
          DummyModel : Emin=    0 eV  Emax=  100 TeV
          StepLim=UseSafety Rfact=0.04 Gfact=2.5 Sfact=0.6 DispFlag:1 Skin=1 Llim=1 mm
      ===== EM models for the G4Region  Target ======
DNARuddIonisationModel : Emin=    0 eV  Emax=   10 MeV  deltaRudd Fluo

alpha_G4DNAElastic:  for alpha SubType=51 BuildTable=0
      ===== EM models for the G4Region  DefaultRegionForTheWorld ======
          DummyModel : Emin=    0 eV  Emax=  100 TeV
          StepLim=UseSafety Rfact=0.04 Gfact=2.5 Sfact=0.6 DispFlag:1 Skin=1 Llim=1 mm
      ===== EM models for the G4Region  Target ======
  DNAIonElasticModel : Emin=    0 eV  Emax=    1 MeV

alpha_G4DNAChargeDecrease:  for alpha SubType=56 BuildTable=0
      ===== EM models for the G4Region  DefaultRegionForTheWorld ======
          DummyModel : Emin=    0 eV  Emax=  100 TeV
          StepLim=UseSafety Rfact=0.04 Gfact=2.5 Sfact=0.6 DispFlag:1 Skin=1 Llim=1 mm
      ===== EM models for the G4Region  Target ======
DNADingfelderChargeDecreaseModel : Emin=    0 eV  Emax=  400 MeV

msc:  for alpha+  SubType= 10
      ===== EM models for the G4Region  DefaultRegionForTheWorld ======
            UrbanMsc : Emin=    0 eV  Emax=  100 TeV
          StepLim=Minimal Rfact=0.2 Gfact=2.5 Sfact=0.6 DispFlag:0 Skin=1 Llim=1 mm
      ===== EM models for the G4Region  Target ======
            UrbanMsc : Emin=    1 MeV Emax=  100 TeV
          StepLim=Minimal Rfact=0.2 Gfact=2.5 Sfact=0.6 DispFlag:0 Skin=1 Llim=1 mm

Region <DefaultRegionForTheWorld> --  -- appears in <world> world volume
 This region is in the mass world.
 Root logical volume(s) : world 
 Pointers : G4VUserRegionInformation[0x0], G4UserLimits[0x0], G4FastSimulationManager[0x0], G4UserSteppingAction[0x0]
 Materials : G4_AIR G4_WATER 
 Production cuts :   gamma 1 nm      e- 1 nm      e+ 1 nm  proton 1 nm 

Region <DefaultRegionForParallelWorld> --  -- is not associated to any world.
 Root logical volume(s) : 
 Pointers : G4VUserRegionInformation[0x0], G4UserLimits[0x0], G4FastSimulationManager[0x0], G4UserSteppingAction[0x0]
 Materials : 
 Production cuts :   gamma 1 nm      e- 1 nm      e+ 1 nm  proton 1 nm 

Region <Target> --  -- appears in <world> world volume
 This region is in the mass world.
 Root logical volume(s) : TrackingVol 
 Pointers : G4VUserRegionInformation[0x0], G4UserLimits[0x0], G4FastSimulationManager[0x0], G4UserSteppingAction[0x0]
 Materials : G4_WATER 
 Production cuts :   gamma 1 nm      e- 1 nm      e+ 1 nm  proton 1 nm 

========= Table of registered couples ============================

Index : 0     used in the geometry : Yes
 Material : G4_AIR
 Range cuts        :  gamma  1 nm     e-  1 nm     e+  1 nm  proton 1 nm 
 Energy thresholds :  gamma  1 keV    e-  1 keV    e+  1 keV proton 100 meV
 Region(s) which use this couple : 
    DefaultRegionForTheWorld

Index : 1     used in the geometry : Yes
 Material : G4_WATER
 Range cuts        :  gamma  1 nm     e-  1 nm     e+  1 nm  proton 1 nm 
 Energy thresholds :  gamma  1 keV    e-  1 keV    e+  1 keV proton 100 meV
 Region(s) which use this couple : 
    DefaultRegionForTheWorld

Index : 2     used in the geometry : Yes
 Material : G4_WATER
 Range cuts        :  gamma  1 nm     e-  1 nm     e+  1 nm  proton 1 nm 
 Energy thresholds :  gamma  1 keV    e-  1 keV    e+  1 keV proton 100 meV
 Region(s) which use this couple : 
    Target

==================================================================

Start closing geometry.
G4GeometryManager::ReportVoxelStats -- Voxel Statistics

    Total memory consumed for geometry optimisation:   0 kByte
    Total CPU time elapsed for geometry optimisation: 0 seconds
### Run 0 starts.

----> Histogram file is opened in test_gamma
--> Event 0 starts.
DEBUG: gamma(ID: 2) entered TrackingVol 
DEBUG: gamma(ID: 2) entered TrackingVol 
DEBUG: gamma(ID: 2) entered TrackingVol 
DEBUG: gamma(ID: 2) entered TrackingVol 
DEBUG: gamma(ID: 2) entered TrackingVol 
DEBUG: gamma(ID: 2) entered TrackingVol 
DEBUG: gamma(ID: 2) entered TrackingVol 
DEBUG: gamma(ID: 2) entered TrackingVol 
DEBUG: gamma(ID: 2) entered TrackingVol 
DEBUG: gamma(ID: 2) entered TrackingVol 
DEBUG: gamma(ID: 2) entered TrackingVol 
DEBUG: gamma(ID: 2) entered TrackingVol 
DEBUG: gamma(ID: 2) entered TrackingVol 
DEBUG: gamma(ID: 2) entered TrackingVol 
DEBUG: gamma(ID: 2) entered TrackingVol 
DEBUG: gamma(ID: 2) entered TrackingVol 
DEBUG: gamma(ID: 2) entered TrackingVol 
DEBUG: gamma(ID: 2) entered TrackingVol 
DEBUG: gamma(ID: 2) entered TrackingVol 
DEBUG: gamma(ID: 2) entered TrackingVol 
DEBUG: gamma(ID: 2) entered TrackingVol 
DEBUG: gamma(ID: 2) entered TrackingVol 
DEBUG: gamma(ID: 2) entered TrackingVol 
DEBUG: gamma(ID: 2) entered TrackingVol 
DEBUG: gamma(ID: 2) entered TrackingVol 
DEBUG: gamma(ID: 2) entered TrackingVol 
DEBUG: gamma(ID: 2) entered TrackingVol 
DEBUG: gamma(ID: 2) entered TrackingVol 
DEBUG: gamma(ID: 2) entered TrackingVol 
DEBUG: gamma(ID: 2) entered TrackingVol 
DEBUG: gamma(ID: 2) entered TrackingVol 
DEBUG: gamma(ID: 2) entered TrackingVol 
DEBUG: gamma(ID: 2) entered TrackingVol 
DEBUG: gamma(ID: 2) entered TrackingVol 
DEBUG: gamma(ID: 2) entered TrackingVol 
DEBUG: gamma(ID: 2) entered TrackingVol 
DEBUG: gamma(ID: 2) entered TrackingVol 
DEBUG: gamma(ID: 2) entered TrackingVol 
DEBUG: gamma(ID: 2) entered TrackingVol 
DEBUG: gamma(ID: 2) entered TrackingVol 
DEBUG: gamma(ID: 2) entered TrackingVol 
DEBUG: gamma(ID: 2) entered TrackingVol 
DEBUG: gamma(ID: 2) entered TrackingVol 
DEBUG: gamma(ID: 2) entered TrackingVol 
DEBUG: gamma(ID: 2) entered TrackingVol 
DEBUG: gamma(ID: 2) entered TrackingVol 
DEBUG: gamma(ID: 2) entered TrackingVol 
DEBUG: gamma(ID: 2) entered TrackingVol 
DEBUG: gamma(ID: 2) entered TrackingVol 
DEBUG: gamma(ID: 2) entered TrackingVol 
DEBUG: gamma(ID: 2) entered TrackingVol 
DEBUG: gamma(ID: 2) entered TrackingVol 
DEBUG: gamma(ID: 2) entered TrackingVol 
DEBUG: gamma(ID: 2) entered TrackingVol 
DEBUG: gamma(ID: 2) entered TrackingVol 
DEBUG: gamma(ID: 2) entered TrackingVol 
DEBUG: gamma(ID: 2) entered TrackingVol 
DEBUG: gamma(ID: 2) entered TrackingVol 
DEBUG: gamma(ID: 2) entered TrackingVol 
DEBUG: gamma(ID: 2) entered TrackingVol 
DEBUG: gamma(ID: 2) entered TrackingVol 
DEBUG: gamma(ID: 2) entered TrackingVol 
DEBUG: gamma(ID: 2) entered TrackingVol 
DEBUG: gamma(ID: 2) entered TrackingVol 
DEBUG: gamma(ID: 2) entered TrackingVol 
DEBUG: gamma(ID: 2) entered TrackingVol 
DEBUG: gamma(ID: 2) entered TrackingVol 
DEBUG: gamma(ID: 2) entered TrackingVol 
DEBUG: gamma(ID: 2) entered TrackingVol 
DEBUG: gamma(ID: 2) entered TrackingVol 
DEBUG: gamma(ID: 2) entered TrackingVol 
DEBUG: gamma(ID: 2) entered TrackingVol 
DEBUG: gamma(ID: 2) entered TrackingVol 
DEBUG: gamma(ID: 2) entered TrackingVol 
DEBUG: gamma(ID: 2) entered TrackingVol 
DEBUG: gamma(ID: 2) entered TrackingVol 
DEBUG: gamma(ID: 2) entered TrackingVol 
DEBUG: gamma(ID: 2) entered TrackingVol 
DEBUG: gamma(ID: 2) entered TrackingVol 
DEBUG: gamma(ID: 2) entered TrackingVol 
DEBUG: gamma(ID: 2) entered TrackingVol 
DEBUG: gamma(ID: 2) entered TrackingVol 
DEBUG: gamma(ID: 2) entered TrackingVol 
DEBUG: gamma(ID: 2) entered TrackingVol 
DEBUG: gamma(ID: 2) entered TrackingVol 
DEBUG: gamma(ID: 2) entered TrackingVol 
DEBUG: gamma(ID: 2) entered TrackingVol 
DEBUG: gamma(ID: 2) entered TrackingVol 
DEBUG: gamma(ID: 2) entered TrackingVol 
DEBUG: gamma(ID: 2) entered TrackingVol 
DEBUG: gamma(ID: 2) entered TrackingVol 
DEBUG: gamma(ID: 2) entered TrackingVol 
DEBUG: gamma(ID: 2) entered TrackingVol 
DEBUG: gamma(ID: 2) entered TrackingVol 
DEBUG: gamma(ID: 2) entered TrackingVol 
DEBUG: gamma(ID: 2) entered TrackingVol 
DEBUG: gamma(ID: 2) entered TrackingVol 
DEBUG: gamma(ID: 2) entered TrackingVol 
DEBUG: gamma(ID: 2) entered TrackingVol 
DEBUG: gamma(ID: 2) entered TrackingVol 
DEBUG: gamma(ID: 2) entered TrackingVol 
DEBUG: gamma(ID: 2) entered TrackingVol 
DEBUG: gamma(ID: 2) entered TrackingVol 
DEBUG: gamma(ID: 2) entered TrackingVol 
DEBUG: gamma(ID: 2) entered TrackingVol 
DEBUG: gamma(ID: 2) entered TrackingVol 
DEBUG: gamma(ID: 2) entered TrackingVol 
DEBUG: gamma(ID: 2) entered TrackingVol 
DEBUG: gamma(ID: 2) entered TrackingVol 
DEBUG: gamma(ID: 2) entered TrackingVol 
DEBUG: gamma(ID: 2) entered TrackingVol 
DEBUG: gamma(ID: 2) entered TrackingVol 
DEBUG: gamma(ID: 2) entered TrackingVol 
DEBUG: gamma(ID: 2) entered TrackingVol 
DEBUG: gamma(ID: 2) entered TrackingVol 
DEBUG: gamma(ID: 2) entered TrackingVol 
DEBUG: gamma(ID: 2) entered TrackingVol 
DEBUG: gamma(ID: 2) entered TrackingVol 
DEBUG: gamma(ID: 2) entered TrackingVol 
DEBUG: gamma(ID: 2) entered TrackingVol 
DEBUG: gamma(ID: 2) entered TrackingVol 
DEBUG: gamma(ID: 2) entered TrackingVol 
DEBUG: gamma(ID: 2) entered TrackingVol 
DEBUG: gamma(ID: 2) entered TrackingVol 
DEBUG: gamma(ID: 2) entered TrackingVol 
DEBUG: gamma(ID: 2) entered TrackingVol 
DEBUG: gamma(ID: 2) entered TrackingVol 
DEBUG: gamma(ID: 2) entered TrackingVol 
DEBUG: gamma(ID: 2) entered TrackingVol 
DEBUG: gamma(ID: 2) entered TrackingVol 
DEBUG: gamma(ID: 2) entered TrackingVol 
DEBUG: gamma(ID: 2) entered TrackingVol 
DEBUG: gamma(ID: 2) entered TrackingVol 
DEBUG: gamma(ID: 2) entered TrackingVol 
DEBUG: gamma(ID: 2) entered TrackingVol 
DEBUG: gamma(ID: 2) entered TrackingVol 
DEBUG: gamma(ID: 2) entered TrackingVol 
DEBUG: gamma(ID: 2) entered TrackingVol 
DEBUG: gamma(ID: 2) entered TrackingVol 
DEBUG: gamma(ID: 2) entered TrackingVol 
DEBUG: gamma(ID: 2) entered TrackingVol 
DEBUG: gamma(ID: 2) entered TrackingVol 
DEBUG: gamma(ID: 2) entered TrackingVol 
DEBUG: gamma(ID: 2) entered TrackingVol 
DEBUG: gamma(ID: 2) entered TrackingVol 
DEBUG: gamma(ID: 2) entered TrackingVol 
DEBUG: gamma(ID: 2) entered TrackingVol 
DEBUG: gamma(ID: 2) entered TrackingVol 
DEBUG: gamma(ID: 2) entered TrackingVol 
DEBUG: gamma(ID: 2) entered TrackingVol 
DEBUG: gamma(ID: 2) entered TrackingVol 
DEBUG: gamma(ID: 2) entered TrackingVol 
DEBUG: gamma(ID: 2) entered TrackingVol 
DEBUG: gamma(ID: 2) entered TrackingVol 
DEBUG: gamma(ID: 2) entered TrackingVol 
DEBUG: gamma(ID: 2) entered TrackingVol 
DEBUG: gamma(ID: 2) entered TrackingVol 
DEBUG: gamma(ID: 2) entered TrackingVol 
DEBUG: gamma(ID: 2) entered TrackingVol 
DEBUG: gamma(ID: 2) entered TrackingVol 
DEBUG: gamma(ID: 2) entered TrackingVol 
DEBUG: gamma(ID: 2) entered TrackingVol 
DEBUG: gamma(ID: 2) entered TrackingVol 
DEBUG: gamma(ID: 2) entered TrackingVol 
DEBUG: gamma(ID: 2) entered TrackingVol 
DEBUG: gamma(ID: 2) entered TrackingVol 
DEBUG: gamma(ID: 2) entered TrackingVol 
DEBUG: gamma(ID: 2) entered TrackingVol 
DEBUG: gamma(ID: 2) entered TrackingVol 
DEBUG: gamma(ID: 2) entered TrackingVol 
DEBUG: gamma(ID: 2) entered TrackingVol 
DEBUG: gamma(ID: 2) entered TrackingVol 
DEBUG: gamma(ID: 2) entered TrackingVol 
DEBUG: gamma(ID: 2) entered TrackingVol 
DEBUG: gamma(ID: 2) entered TrackingVol 
DEBUG: gamma(ID: 2) entered TrackingVol 
DEBUG: gamma(ID: 2) entered TrackingVol 
DEBUG: gamma(ID: 2) entered TrackingVol 
DEBUG: gamma(ID: 2) entered TrackingVol 
DEBUG: gamma(ID: 2) entered TrackingVol 
DEBUG: gamma(ID: 2) entered TrackingVol 
DEBUG: gamma(ID: 2) entered TrackingVol 
DEBUG: gamma(ID: 2) entered TrackingVol 
DEBUG: gamma(ID: 2) entered TrackingVol 
DEBUG: gamma(ID: 2) entered TrackingVol 
DEBUG: gamma(ID: 2) entered TrackingVol 
DEBUG: gamma(ID: 2) entered TrackingVol 
DEBUG: gamma(ID: 2) entered TrackingVol 
DEBUG: gamma(ID: 2) entered TrackingVol 
DEBUG: gamma(ID: 2) entered TrackingVol 
DEBUG: gamma(ID: 2) entered TrackingVol 
DEBUG: gamma(ID: 2) entered TrackingVol 
DEBUG: gamma(ID: 2) entered TrackingVol 
DEBUG: gamma(ID: 2) entered TrackingVol 
DEBUG: gamma(ID: 2) entered TrackingVol 
DEBUG: gamma(ID: 2) entered TrackingVol 
DEBUG: gamma(ID: 2) entered TrackingVol 
DEBUG: gamma(ID: 2) entered TrackingVol 
DEBUG: gamma(ID: 2) entered TrackingVol 
DEBUG: gamma(ID: 2) entered TrackingVol 
DEBUG: gamma(ID: 2) entered TrackingVol 
DEBUG: gamma(ID: 2) entered TrackingVol 
DEBUG: gamma(ID: 2) entered TrackingVol 
DEBUG: gamma(ID: 2) entered TrackingVol 
DEBUG: gamma(ID: 2) entered TrackingVol 
DEBUG: gamma(ID: 2) entered TrackingVol 
DEBUG: gamma(ID: 2) entered TrackingVol 
DEBUG: gamma(ID: 2) entered TrackingVol 
DEBUG: gamma(ID: 2) entered TrackingVol 
DEBUG: gamma(ID: 2) entered TrackingVol 
DEBUG: gamma(ID: 2) entered TrackingVol 
DEBUG: gamma(ID: 2) entered TrackingVol 
DEBUG: gamma(ID: 2) entered TrackingVol 
DEBUG: gamma(ID: 2) entered TrackingVol 
DEBUG: gamma(ID: 2) entered TrackingVol 
DEBUG: gamma(ID: 2) entered TrackingVol 
DEBUG: gamma(ID: 2) entered TrackingVol 
DEBUG: gamma(ID: 2) entered TrackingVol 
DEBUG: gamma(ID: 2) entered TrackingVol 
DEBUG: gamma(ID: 2) entered TrackingVol 
DEBUG: gamma(ID: 2) entered TrackingVol 
DEBUG: gamma(ID: 2) entered TrackingVol 
DEBUG: gamma(ID: 2) entered TrackingVol 
DEBUG: gamma(ID: 2) entered TrackingVol 
DEBUG: gamma(ID: 2) entered TrackingVol 
DEBUG: gamma(ID: 2) entered TrackingVol 
DEBUG: gamma(ID: 2) entered TrackingVol 
DEBUG: gamma(ID: 2) entered TrackingVol 
DEBUG: gamma(ID: 2) entered TrackingVol 
DEBUG: gamma(ID: 2) entered TrackingVol 
DEBUG: gamma(ID: 2) entered TrackingVol 
DEBUG: gamma(ID: 2) entered TrackingVol 
DEBUG: gamma(ID: 2) entered TrackingVol 
DEBUG: gamma(ID: 2) entered TrackingVol 
DEBUG: gamma(ID: 2) entered TrackingVol 
DEBUG: gamma(ID: 2) entered TrackingVol 
DEBUG: gamma(ID: 2) entered TrackingVol 
DEBUG: gamma(ID: 2) entered TrackingVol 
DEBUG: gamma(ID: 2) entered TrackingVol 
DEBUG: gamma(ID: 2) entered TrackingVol 
DEBUG: gamma(ID: 2) entered TrackingVol 
DEBUG: gamma(ID: 2) entered TrackingVol 
DEBUG: gamma(ID: 2) entered TrackingVol 
DEBUG: gamma(ID: 2) entered TrackingVol 
DEBUG: gamma(ID: 2) entered TrackingVol 
DEBUG: gamma(ID: 2) entered TrackingVol 
DEBUG: gamma(ID: 2) entered TrackingVol 
DEBUG: gamma(ID: 2) entered TrackingVol 
DEBUG: gamma(ID: 2) entered TrackingVol 
DEBUG: gamma(ID: 2) entered TrackingVol 
DEBUG: gamma(ID: 2) entered TrackingVol 
DEBUG: gamma(ID: 2) entered TrackingVol 
DEBUG: gamma(ID: 2) entered TrackingVol 
DEBUG: gamma(ID: 2) entered TrackingVol 
DEBUG: gamma(ID: 2) entered TrackingVol 
DEBUG: gamma(ID: 2) entered TrackingVol 
DEBUG: gamma(ID: 2) entered TrackingVol 
DEBUG: gamma(ID: 2) entered TrackingVol 
DEBUG: gamma(ID: 2) entered TrackingVol 
DEBUG: gamma(ID: 2) entered TrackingVol 
DEBUG: gamma(ID: 2) entered TrackingVol 
DEBUG: gamma(ID: 2) entered TrackingVol 
DEBUG: gamma(ID: 2) entered TrackingVol 
DEBUG: gamma(ID: 2) entered TrackingVol 
DEBUG: gamma(ID: 2) entered TrackingVol 
DEBUG: gamma(ID: 2) entered TrackingVol 
DEBUG: gamma(ID: 2) entered TrackingVol 
DEBUG: gamma(ID: 2) entered TrackingVol 
DEBUG: gamma(ID: 2) entered TrackingVol 
DEBUG: gamma(ID: 2) entered TrackingVol 
DEBUG: gamma(ID: 2) entered TrackingVol 
DEBUG: gamma(ID: 2) entered TrackingVol 
DEBUG: gamma(ID: 2) entered TrackingVol 
DEBUG: gamma(ID: 2) entered TrackingVol 
DEBUG: gamma(ID: 2) entered TrackingVol 
DEBUG: gamma(ID: 2) entered TrackingVol 
DEBUG: gamma(ID: 2) entered TrackingVol 
DEBUG: gamma(ID: 2) entered TrackingVol 
DEBUG: gamma(ID: 2) entered TrackingVol 
DEBUG: gamma(ID: 2) entered TrackingVol 
DEBUG: gamma(ID: 2) entered TrackingVol 
DEBUG: gamma(ID: 2) entered TrackingVol 
DEBUG: gamma(ID: 2) entered TrackingVol 
DEBUG: gamma(ID: 2) entered TrackingVol 
DEBUG: gamma(ID: 2) entered TrackingVol 
DEBUG: gamma(ID: 2) entered TrackingVol 
DEBUG: gamma(ID: 2) entered TrackingVol 
DEBUG: gamma(ID: 2) entered TrackingVol 
DEBUG: gamma(ID: 2) entered TrackingVol 
DEBUG: gamma(ID: 2) entered TrackingVol 
DEBUG: gamma(ID: 2) entered TrackingVol 
DEBUG: gamma(ID: 2) entered TrackingVol 
DEBUG: gamma(ID: 2) entered TrackingVol 
DEBUG: gamma(ID: 2) entered TrackingVol 
DEBUG: gamma(ID: 2) entered TrackingVol 
DEBUG: gamma(ID: 2) entered TrackingVol 
DEBUG: gamma(ID: 2) entered TrackingVol 
DEBUG: gamma(ID: 2) entered TrackingVol 
DEBUG: gamma(ID: 2) entered TrackingVol 
DEBUG: gamma(ID: 2) entered TrackingVol 
DEBUG: gamma(ID: 2) entered TrackingVol 
DEBUG: gamma(ID: 2) entered TrackingVol 
DEBUG: gamma(ID: 2) entered TrackingVol 
DEBUG: gamma(ID: 2) entered TrackingVol 
DEBUG: gamma(ID: 2) entered TrackingVol 
DEBUG: gamma(ID: 2) entered TrackingVol 
DEBUG: gamma(ID: 2) entered TrackingVol 
DEBUG: gamma(ID: 2) entered TrackingVol 
DEBUG: gamma(ID: 2) entered TrackingVol 
DEBUG: gamma(ID: 2) entered TrackingVol 
DEBUG: gamma(ID: 2) entered TrackingVol 
DEBUG: gamma(ID: 2) entered TrackingVol 
DEBUG: gamma(ID: 2) entered TrackingVol 
DEBUG: gamma(ID: 2) entered TrackingVol 
DEBUG: gamma(ID: 2) entered TrackingVol 
DEBUG: gamma(ID: 2) entered TrackingVol 
DEBUG: gamma(ID: 2) entered TrackingVol 
DEBUG: gamma(ID: 2) entered TrackingVol 
DEBUG: gamma(ID: 2) entered TrackingVol 
DEBUG: gamma(ID: 2) entered TrackingVol 
DEBUG: gamma(ID: 2) entered TrackingVol 
DEBUG: gamma(ID: 2) entered TrackingVol 
DEBUG: gamma(ID: 2) entered TrackingVol 
DEBUG: gamma(ID: 2) entered TrackingVol 
DEBUG: gamma(ID: 2) entered TrackingVol 
DEBUG: gamma(ID: 2) entered TrackingVol 
DEBUG: gamma(ID: 2) entered TrackingVol 
DEBUG: gamma(ID: 2) entered TrackingVol 
DEBUG: gamma(ID: 2) entered TrackingVol 
DEBUG: gamma(ID: 2) entered TrackingVol 
DEBUG: gamma(ID: 2) entered TrackingVol 
DEBUG: gamma(ID: 2) entered TrackingVol 
DEBUG: gamma(ID: 2) entered TrackingVol 
DEBUG: gamma(ID: 2) entered TrackingVol 
DEBUG: gamma(ID: 2) entered TrackingVol 
DEBUG: gamma(ID: 2) entered TrackingVol 
DEBUG: gamma(ID: 2) entered TrackingVol 
DEBUG: gamma(ID: 2) entered TrackingVol 
DEBUG: gamma(ID: 2) entered TrackingVol 
DEBUG: gamma(ID: 2) entered TrackingVol 
DEBUG: gamma(ID: 2) entered TrackingVol 
DEBUG: gamma(ID: 2) entered TrackingVol 
DEBUG: gamma(ID: 2) entered TrackingVol 
DEBUG: gamma(ID: 2) entered TrackingVol 
DEBUG: gamma(ID: 2) entered TrackingVol 
DEBUG: gamma(ID: 2) entered TrackingVol 
DEBUG: gamma(ID: 2) entered TrackingVol 
DEBUG: gamma(ID: 2) entered TrackingVol 
DEBUG: gamma(ID: 2) entered TrackingVol 
DEBUG: gamma(ID: 2) entered TrackingVol 
DEBUG: gamma(ID: 2) entered TrackingVol 
DEBUG: gamma(ID: 2) entered TrackingVol 
DEBUG: gamma(ID: 2) entered TrackingVol 
DEBUG: gamma(ID: 2) entered TrackingVol 
DEBUG: gamma(ID: 2) entered TrackingVol 
DEBUG: gamma(ID: 2) entered TrackingVol 
DEBUG: gamma(ID: 2) entered TrackingVol 
DEBUG: gamma(ID: 2) entered TrackingVol 
DEBUG: gamma(ID: 2) entered TrackingVol 
DEBUG: gamma(ID: 2) entered TrackingVol 
DEBUG: gamma(ID: 2) entered TrackingVol 
DEBUG: gamma(ID: 2) entered TrackingVol 
DEBUG: gamma(ID: 2) entered TrackingVol 
DEBUG: gamma(ID: 2) entered TrackingVol 
DEBUG: gamma(ID: 2) entered TrackingVol 
DEBUG: gamma(ID: 2) entered TrackingVol 
DEBUG: gamma(ID: 2) entered TrackingVol 
DEBUG: gamma(ID: 2) entered TrackingVol 
DEBUG: gamma(ID: 2) entered TrackingVol 
DEBUG: gamma(ID: 2) entered TrackingVol 
DEBUG: gamma(ID: 2) entered TrackingVol 
DEBUG: gamma(ID: 2) entered TrackingVol 
DEBUG: gamma(ID: 2) entered TrackingVol 
DEBUG: gamma(ID: 2) entered TrackingVol 
DEBUG: gamma(ID: 2) entered TrackingVol 
DEBUG: gamma(ID: 2) entered TrackingVol 
DEBUG: gamma(ID: 2) entered TrackingVol 
DEBUG: gamma(ID: 2) entered TrackingVol 
DEBUG: gamma(ID: 2) entered TrackingVol 
DEBUG: gamma(ID: 2) entered TrackingVol 
DEBUG: gamma(ID: 2) entered TrackingVol 
DEBUG: gamma(ID: 2) entered TrackingVol 
DEBUG: gamma(ID: 2) entered TrackingVol 
DEBUG: gamma(ID: 2) entered TrackingVol 
DEBUG: gamma(ID: 2) entered TrackingVol 
DEBUG: gamma(ID: 2) entered TrackingVol 
DEBUG: gamma(ID: 2) entered TrackingVol 
DEBUG: gamma(ID: 2) entered TrackingVol 
DEBUG: gamma(ID: 2) entered TrackingVol 
DEBUG: gamma(ID: 2) entered TrackingVol 
DEBUG: gamma(ID: 2) entered TrackingVol 
DEBUG: gamma(ID: 2) entered TrackingVol 
DEBUG: gamma(ID: 2) entered TrackingVol 
DEBUG: gamma(ID: 2) entered TrackingVol 
DEBUG: gamma(ID: 2) entered TrackingVol 
DEBUG: gamma(ID: 2) entered TrackingVol 
DEBUG: gamma(ID: 2) entered TrackingVol 
DEBUG: gamma(ID: 2) entered TrackingVol 
DEBUG: gamma(ID: 2) entered TrackingVol 
DEBUG: gamma(ID: 2) entered TrackingVol 
DEBUG: gamma(ID: 2) entered TrackingVol 
DEBUG: gamma(ID: 2) entered TrackingVol 
DEBUG: gamma(ID: 2) entered TrackingVol 
DEBUG: gamma(ID: 2) entered TrackingVol 
DEBUG: gamma(ID: 2) entered TrackingVol 
DEBUG: gamma(ID: 2) entered TrackingVol 
DEBUG: gamma(ID: 2) entered TrackingVol 
DEBUG: gamma(ID: 2) entered TrackingVol 
DEBUG: gamma(ID: 2) entered TrackingVol 
DEBUG: gamma(ID: 2) entered TrackingVol 
DEBUG: gamma(ID: 2) entered TrackingVol 
DEBUG: gamma(ID: 2) entered TrackingVol 
DEBUG: gamma(ID: 2) entered TrackingVol 
DEBUG: gamma(ID: 2) entered TrackingVol 
DEBUG: gamma(ID: 2) entered TrackingVol 
DEBUG: gamma(ID: 2) entered TrackingVol 
DEBUG: gamma(ID: 2) entered TrackingVol 
DEBUG: gamma(ID: 2) entered TrackingVol 
DEBUG: gamma(ID: 2) entered TrackingVol 
DEBUG: gamma(ID: 2) entered TrackingVol 
DEBUG: gamma(ID: 2) entered TrackingVol 
DEBUG: gamma(ID: 2) entered TrackingVol 
DEBUG: gamma(ID: 2) entered TrackingVol 
DEBUG: gamma(ID: 2) entered TrackingVol 
DEBUG: gamma(ID: 2) entered TrackingVol 
DEBUG: gamma(ID: 2) entered TrackingVol 
DEBUG: gamma(ID: 2) entered TrackingVol 
DEBUG: gamma(ID: 2) entered TrackingVol 
DEBUG: gamma(ID: 2) entered TrackingVol 
DEBUG: gamma(ID: 2) entered TrackingVol 
DEBUG: gamma(ID: 2) entered TrackingVol 
DEBUG: gamma(ID: 2) entered TrackingVol 
DEBUG: gamma(ID: 2) entered TrackingVol 
DEBUG: gamma(ID: 2) entered TrackingVol 
DEBUG: gamma(ID: 2) entered TrackingVol 
DEBUG: gamma(ID: 2) entered TrackingVol 
DEBUG: gamma(ID: 2) entered TrackingVol 
DEBUG: gamma(ID: 2) entered TrackingVol 
DEBUG: gamma(ID: 2) entered TrackingVol 
DEBUG: gamma(ID: 2) entered TrackingVol 
DEBUG: gamma(ID: 2) entered TrackingVol 
DEBUG: gamma(ID: 2) entered TrackingVol 
DEBUG: gamma(ID: 2) entered TrackingVol 
DEBUG: gamma(ID: 2) entered TrackingVol 
DEBUG: gamma(ID: 2) entered TrackingVol 
DEBUG: gamma(ID: 2) entered TrackingVol 
DEBUG: gamma(ID: 2) entered TrackingVol 
DEBUG: gamma(ID: 2) entered TrackingVol 
DEBUG: gamma(ID: 2) entered TrackingVol 
DEBUG: gamma(ID: 2) entered TrackingVol 
DEBUG: gamma(ID: 2) entered TrackingVol 
DEBUG: gamma(ID: 2) entered TrackingVol 
DEBUG: gamma(ID: 2) entered TrackingVol 
DEBUG: gamma(ID: 2) entered TrackingVol 
DEBUG: gamma(ID: 2) entered TrackingVol 
DEBUG: gamma(ID: 2) entered TrackingVol 
DEBUG: gamma(ID: 2) entered TrackingVol 
DEBUG: gamma(ID: 2) entered TrackingVol 
DEBUG: gamma(ID: 2) entered TrackingVol 
DEBUG: gamma(ID: 2) entered TrackingVol 
DEBUG: gamma(ID: 2) entered TrackingVol 
DEBUG: gamma(ID: 2) entered TrackingVol 
DEBUG: gamma(ID: 2) entered TrackingVol 
DEBUG: gamma(ID: 2) entered TrackingVol 
DEBUG: gamma(ID: 2) entered TrackingVol 
DEBUG: gamma(ID: 2) entered TrackingVol 
DEBUG: gamma(ID: 2) entered TrackingVol 
DEBUG: gamma(ID: 2) entered TrackingVol 
DEBUG: gamma(ID: 2) entered TrackingVol 
DEBUG: gamma(ID: 2) entered TrackingVol 
DEBUG: gamma(ID: 2) entered TrackingVol 
DEBUG: gamma(ID: 2) entered TrackingVol 
DEBUG: gamma(ID: 2) entered TrackingVol 
DEBUG: gamma(ID: 2) entered TrackingVol 
DEBUG: gamma(ID: 2) entered TrackingVol 
DEBUG: gamma(ID: 2) entered TrackingVol 
DEBUG: gamma(ID: 2) entered TrackingVol 
DEBUG: gamma(ID: 2) entered TrackingVol 
DEBUG: gamma(ID: 2) entered TrackingVol 
DEBUG: gamma(ID: 2) entered TrackingVol 
DEBUG: gamma(ID: 2) entered TrackingVol 
DEBUG: gamma(ID: 2) entered TrackingVol 
DEBUG: gamma(ID: 2) entered TrackingVol 
DEBUG: gamma(ID: 2) entered TrackingVol 
DEBUG: gamma(ID: 2) entered TrackingVol 
DEBUG: gamma(ID: 2) entered TrackingVol 
DEBUG: gamma(ID: 2) entered TrackingVol 
DEBUG: gamma(ID: 2) entered TrackingVol 
DEBUG: gamma(ID: 2) entered TrackingVol 
DEBUG: gamma(ID: 2) entered TrackingVol 
DEBUG: gamma(ID: 2) entered TrackingVol 
DEBUG: gamma(ID: 2) entered TrackingVol 
DEBUG: gamma(ID: 2) entered TrackingVol 
DEBUG: gamma(ID: 2) entered TrackingVol 
DEBUG: gamma(ID: 2) entered TrackingVol 
DEBUG: gamma(ID: 2) entered TrackingVol 
DEBUG: gamma(ID: 2) entered TrackingVol 
DEBUG: gamma(ID: 2) entered TrackingVol 
DEBUG: gamma(ID: 2) entered TrackingVol 
DEBUG: gamma(ID: 2) entered TrackingVol 
DEBUG: gamma(ID: 2) entered TrackingVol 
DEBUG: gamma(ID: 2) entered TrackingVol 
DEBUG: gamma(ID: 2) entered TrackingVol 
DEBUG: gamma(ID: 2) entered TrackingVol 
DEBUG: gamma(ID: 2) entered TrackingVol 
DEBUG: gamma(ID: 2) entered TrackingVol 
DEBUG: gamma(ID: 2) entered TrackingVol 
DEBUG: gamma(ID: 2) entered TrackingVol 
DEBUG: gamma(ID: 2) entered TrackingVol 
DEBUG: gamma(ID: 2) entered TrackingVol 
DEBUG: gamma(ID: 2) entered TrackingVol 
DEBUG: gamma(ID: 2) entered TrackingVol 
DEBUG: gamma(ID: 2) entered TrackingVol 
DEBUG: gamma(ID: 2) entered TrackingVol 
DEBUG: gamma(ID: 2) entered TrackingVol 
DEBUG: gamma(ID: 2) entered TrackingVol 
DEBUG: gamma(ID: 2) entered TrackingVol 
DEBUG: gamma(ID: 2) entered TrackingVol 
DEBUG: gamma(ID: 2) entered TrackingVol 
DEBUG: gamma(ID: 2) entered TrackingVol 
DEBUG: gamma(ID: 2) entered TrackingVol 
DEBUG: gamma(ID: 2) entered TrackingVol 
DEBUG: gamma(ID: 2) entered TrackingVol 
DEBUG: gamma(ID: 2) entered TrackingVol 
DEBUG: gamma(ID: 2) entered TrackingVol 
DEBUG: gamma(ID: 2) entered TrackingVol 
DEBUG: gamma(ID: 2) entered TrackingVol 
DEBUG: gamma(ID: 2) entered TrackingVol 
DEBUG: gamma(ID: 2) entered TrackingVol 
DEBUG: gamma(ID: 2) entered TrackingVol 
DEBUG: gamma(ID: 2) entered TrackingVol 
DEBUG: gamma(ID: 2) entered TrackingVol 
DEBUG: gamma(ID: 2) entered TrackingVol 
DEBUG: gamma(ID: 2) entered TrackingVol 
DEBUG: gamma(ID: 2) entered TrackingVol 
DEBUG: gamma(ID: 2) entered TrackingVol 
DEBUG: gamma(ID: 2) entered TrackingVol 
DEBUG: gamma(ID: 2) entered TrackingVol 
DEBUG: gamma(ID: 2) entered TrackingVol 
DEBUG: gamma(ID: 2) entered TrackingVol 
DEBUG: gamma(ID: 2) entered TrackingVol 
DEBUG: gamma(ID: 2) entered TrackingVol 
DEBUG: gamma(ID: 2) entered TrackingVol 
DEBUG: gamma(ID: 2) entered TrackingVol 
DEBUG: gamma(ID: 2) entered TrackingVol 
DEBUG: gamma(ID: 2) entered TrackingVol 
DEBUG: gamma(ID: 2) entered TrackingVol 
DEBUG: gamma(ID: 2) entered TrackingVol 
DEBUG: gamma(ID: 2) entered TrackingVol 
DEBUG: gamma(ID: 2) entered TrackingVol 
DEBUG: gamma(ID: 2) entered TrackingVol 
DEBUG: gamma(ID: 2) entered TrackingVol 
DEBUG: gamma(ID: 2) entered TrackingVol 
DEBUG: gamma(ID: 2) entered TrackingVol 
DEBUG: gamma(ID: 2) entered TrackingVol 
DEBUG: gamma(ID: 2) entered TrackingVol 
DEBUG: gamma(ID: 2) entered TrackingVol 
DEBUG: gamma(ID: 2) entered TrackingVol 
DEBUG: gamma(ID: 2) entered TrackingVol 
DEBUG: gamma(ID: 2) entered TrackingVol 
DEBUG: gamma(ID: 2) entered TrackingVol 
DEBUG: gamma(ID: 2) entered TrackingVol 
DEBUG: gamma(ID: 2) entered TrackingVol 
DEBUG: gamma(ID: 2) entered TrackingVol 
DEBUG: gamma(ID: 2) entered TrackingVol 
DEBUG: gamma(ID: 2) entered TrackingVol 
DEBUG: gamma(ID: 2) entered TrackingVol 
DEBUG: gamma(ID: 2) entered TrackingVol 
DEBUG: gamma(ID: 2) entered TrackingVol 
DEBUG: gamma(ID: 2) entered TrackingVol 
DEBUG: gamma(ID: 2) entered TrackingVol 
DEBUG: gamma(ID: 2) entered TrackingVol 
DEBUG: gamma(ID: 2) entered TrackingVol 
DEBUG: gamma(ID: 2) entered TrackingVol 
DEBUG: gamma(ID: 2) entered TrackingVol 
DEBUG: gamma(ID: 2) entered TrackingVol 
DEBUG: gamma(ID: 2) entered TrackingVol 
DEBUG: gamma(ID: 2) entered TrackingVol 
DEBUG: gamma(ID: 2) entered TrackingVol 
DEBUG: gamma(ID: 2) entered TrackingVol 
DEBUG: gamma(ID: 2) entered TrackingVol 
DEBUG: gamma(ID: 2) entered TrackingVol 
DEBUG: gamma(ID: 2) entered TrackingVol 
DEBUG: gamma(ID: 2) entered TrackingVol 
DEBUG: gamma(ID: 2) entered TrackingVol 
DEBUG: gamma(ID: 2) entered TrackingVol 
DEBUG: gamma(ID: 2) entered TrackingVol 
DEBUG: gamma(ID: 2) entered TrackingVol 
DEBUG: gamma(ID: 2) entered TrackingVol 
DEBUG: gamma(ID: 2) entered TrackingVol 
DEBUG: gamma(ID: 2) entered TrackingVol 
DEBUG: gamma(ID: 2) entered TrackingVol 
DEBUG: gamma(ID: 2) entered TrackingVol 
DEBUG: gamma(ID: 2) entered TrackingVol 
DEBUG: gamma(ID: 2) entered TrackingVol 
DEBUG: gamma(ID: 2) entered TrackingVol 
DEBUG: gamma(ID: 2) entered TrackingVol 
DEBUG: gamma(ID: 2) entered TrackingVol 
DEBUG: gamma(ID: 2) entered TrackingVol 
DEBUG: gamma(ID: 2) entered TrackingVol 
DEBUG: gamma(ID: 2) entered TrackingVol 
DEBUG: gamma(ID: 2) entered TrackingVol 
DEBUG: gamma(ID: 2) entered TrackingVol 
DEBUG: gamma(ID: 2) entered TrackingVol 
DEBUG: gamma(ID: 2) entered TrackingVol 
DEBUG: gamma(ID: 2) entered TrackingVol 
DEBUG: gamma(ID: 2) entered TrackingVol 
DEBUG: gamma(ID: 2) entered TrackingVol 
DEBUG: gamma(ID: 2) entered TrackingVol 
DEBUG: gamma(ID: 2) entered TrackingVol 
DEBUG: gamma(ID: 2) entered TrackingVol 
DEBUG: gamma(ID: 2) entered TrackingVol 
DEBUG: gamma(ID: 2) entered TrackingVol 
DEBUG: gamma(ID: 2) entered TrackingVol 
DEBUG: gamma(ID: 2) entered TrackingVol 
DEBUG: gamma(ID: 2) entered TrackingVol 
DEBUG: gamma(ID: 2) entered TrackingVol 
DEBUG: gamma(ID: 2) entered TrackingVol 
DEBUG: gamma(ID: 2) entered TrackingVol 
DEBUG: gamma(ID: 2) entered TrackingVol 
DEBUG: gamma(ID: 2) entered TrackingVol 
DEBUG: gamma(ID: 2) entered TrackingVol 
DEBUG: gamma(ID: 2) entered TrackingVol 
DEBUG: gamma(ID: 2) entered TrackingVol 
DEBUG: gamma(ID: 2) entered TrackingVol 
DEBUG: gamma(ID: 2) entered TrackingVol 
DEBUG: gamma(ID: 2) entered TrackingVol 
DEBUG: gamma(ID: 2) entered TrackingVol 
DEBUG: gamma(ID: 2) entered TrackingVol 
DEBUG: gamma(ID: 2) entered TrackingVol 
DEBUG: gamma(ID: 2) entered TrackingVol 
DEBUG: gamma(ID: 2) entered TrackingVol 
DEBUG: gamma(ID: 2) entered TrackingVol 
DEBUG: gamma(ID: 2) entered TrackingVol 
DEBUG: gamma(ID: 2) entered TrackingVol 
DEBUG: gamma(ID: 2) entered TrackingVol 
DEBUG: gamma(ID: 2) entered TrackingVol 
DEBUG: gamma(ID: 2) entered TrackingVol 
DEBUG: gamma(ID: 2) entered TrackingVol 
DEBUG: gamma(ID: 2) entered TrackingVol 
DEBUG: gamma(ID: 2) entered TrackingVol 
DEBUG: gamma(ID: 2) entered TrackingVol 
DEBUG: gamma(ID: 2) entered TrackingVol 
DEBUG: gamma(ID: 2) entered TrackingVol 
DEBUG: gamma(ID: 2) entered TrackingVol 
DEBUG: gamma(ID: 2) entered TrackingVol 
DEBUG: gamma(ID: 2) entered TrackingVol 
DEBUG: gamma(ID: 2) entered TrackingVol 
DEBUG: gamma(ID: 2) entered TrackingVol 
DEBUG: gamma(ID: 2) entered TrackingVol 
DEBUG: gamma(ID: 2) entered TrackingVol 
DEBUG: gamma(ID: 2) entered TrackingVol 
DEBUG: gamma(ID: 2) entered TrackingVol 
DEBUG: gamma(ID: 2) entered TrackingVol 
DEBUG: gamma(ID: 2) entered TrackingVol 
DEBUG: gamma(ID: 2) entered TrackingVol 
DEBUG: gamma(ID: 2) entered TrackingVol 
DEBUG: gamma(ID: 2) entered TrackingVol 
DEBUG: gamma(ID: 2) entered TrackingVol 
DEBUG: gamma(ID: 2) entered TrackingVol 
DEBUG: gamma(ID: 2) entered TrackingVol 
DEBUG: gamma(ID: 2) entered TrackingVol 
DEBUG: gamma(ID: 2) entered TrackingVol 
DEBUG: gamma(ID: 2) entered TrackingVol 
DEBUG: gamma(ID: 2) entered TrackingVol 
DEBUG: gamma(ID: 2) entered TrackingVol 
DEBUG: gamma(ID: 2) entered TrackingVol 
DEBUG: gamma(ID: 2) entered TrackingVol 
DEBUG: gamma(ID: 2) entered TrackingVol 
DEBUG: gamma(ID: 2) entered TrackingVol 
DEBUG: gamma(ID: 2) entered TrackingVol 
DEBUG: gamma(ID: 2) entered TrackingVol 
DEBUG: gamma(ID: 2) entered TrackingVol 
DEBUG: gamma(ID: 2) entered TrackingVol 
DEBUG: gamma(ID: 2) entered TrackingVol 
DEBUG: gamma(ID: 2) entered TrackingVol 
DEBUG: gamma(ID: 2) entered TrackingVol 
DEBUG: gamma(ID: 2) entered TrackingVol 
DEBUG: gamma(ID: 2) entered TrackingVol 
DEBUG: gamma(ID: 2) entered TrackingVol 
DEBUG: gamma(ID: 2) entered TrackingVol 
DEBUG: gamma(ID: 2) entered TrackingVol 
DEBUG: gamma(ID: 2) entered TrackingVol 
DEBUG: gamma(ID: 2) entered TrackingVol 
DEBUG: gamma(ID: 2) entered TrackingVol 
DEBUG: gamma(ID: 2) entered TrackingVol 
DEBUG: gamma(ID: 2) entered TrackingVol 
DEBUG: gamma(ID: 2) entered TrackingVol 
DEBUG: gamma(ID: 2) entered TrackingVol 
DEBUG: gamma(ID: 2) entered TrackingVol 
DEBUG: gamma(ID: 2) entered TrackingVol 
DEBUG: gamma(ID: 2) entered TrackingVol 
DEBUG: gamma(ID: 2) entered TrackingVol 
DEBUG: gamma(ID: 2) entered TrackingVol 
DEBUG: gamma(ID: 2) entered TrackingVol 
DEBUG: gamma(ID: 2) entered TrackingVol 
DEBUG: gamma(ID: 2) entered TrackingVol 
DEBUG: gamma(ID: 2) entered TrackingVol 
DEBUG: gamma(ID: 2) entered TrackingVol 
DEBUG: gamma(ID: 2) entered TrackingVol 
DEBUG: gamma(ID: 2) entered TrackingVol 
DEBUG: gamma(ID: 2) entered TrackingVol 
DEBUG: gamma(ID: 2) entered TrackingVol 
DEBUG: gamma(ID: 2) entered TrackingVol 
DEBUG: gamma(ID: 2) entered TrackingVol 
DEBUG: gamma(ID: 2) entered TrackingVol 
DEBUG: gamma(ID: 2) entered TrackingVol 
DEBUG: gamma(ID: 2) entered TrackingVol 
DEBUG: gamma(ID: 2) entered TrackingVol 
DEBUG: gamma(ID: 2) entered TrackingVol 
DEBUG: gamma(ID: 2) entered TrackingVol 
DEBUG: gamma(ID: 2) entered TrackingVol 
DEBUG: gamma(ID: 2) entered TrackingVol 
DEBUG: gamma(ID: 2) entered TrackingVol 
DEBUG: gamma(ID: 2) entered TrackingVol 
DEBUG: gamma(ID: 2) entered TrackingVol 
DEBUG: gamma(ID: 2) entered TrackingVol 
DEBUG: gamma(ID: 2) entered TrackingVol 
DEBUG: gamma(ID: 2) entered TrackingVol 
DEBUG: gamma(ID: 2) entered TrackingVol 
DEBUG: gamma(ID: 2) entered TrackingVol 
DEBUG: gamma(ID: 2) entered TrackingVol 
DEBUG: gamma(ID: 2) entered TrackingVol 
DEBUG: gamma(ID: 2) entered TrackingVol 
DEBUG: gamma(ID: 2) entered TrackingVol 
DEBUG: gamma(ID: 2) entered TrackingVol 
DEBUG: gamma(ID: 2) entered TrackingVol 
DEBUG: gamma(ID: 2) entered TrackingVol 
DEBUG: gamma(ID: 2) entered TrackingVol 
DEBUG: gamma(ID: 2) entered TrackingVol 
DEBUG: gamma(ID: 2) entered TrackingVol 
DEBUG: gamma(ID: 2) entered TrackingVol 
DEBUG: gamma(ID: 2) entered TrackingVol 
DEBUG: gamma(ID: 2) entered TrackingVol 
DEBUG: gamma(ID: 2) entered TrackingVol 
DEBUG: gamma(ID: 2) entered TrackingVol 
DEBUG: gamma(ID: 2) entered TrackingVol 
DEBUG: gamma(ID: 2) entered TrackingVol 
DEBUG: gamma(ID: 2) entered TrackingVol 
DEBUG: gamma(ID: 2) entered TrackingVol 
DEBUG: gamma(ID: 2) entered TrackingVol 
DEBUG: gamma(ID: 2) entered TrackingVol 
DEBUG: gamma(ID: 2) entered TrackingVol 
DEBUG: gamma(ID: 2) entered TrackingVol 
DEBUG: gamma(ID: 2) entered TrackingVol 
DEBUG: gamma(ID: 2) entered TrackingVol 
DEBUG: gamma(ID: 2) entered TrackingVol 
DEBUG: gamma(ID: 2) entered TrackingVol 
DEBUG: gamma(ID: 2) entered TrackingVol 
DEBUG: gamma(ID: 2) entered TrackingVol 
DEBUG: gamma(ID: 2) entered TrackingVol 
DEBUG: gamma(ID: 2) entered TrackingVol 
DEBUG: gamma(ID: 2) entered TrackingVol 
DEBUG: gamma(ID: 2) entered TrackingVol 
DEBUG: gamma(ID: 2) entered TrackingVol 
DEBUG: gamma(ID: 2) entered TrackingVol 
DEBUG: gamma(ID: 2) entered TrackingVol 
DEBUG: gamma(ID: 2) entered TrackingVol 
DEBUG: gamma(ID: 2) entered TrackingVol 
DEBUG: gamma(ID: 2) entered TrackingVol 
DEBUG: gamma(ID: 2) entered TrackingVol 
DEBUG: gamma(ID: 2) entered TrackingVol 
DEBUG: gamma(ID: 2) entered TrackingVol 
DEBUG: gamma(ID: 2) entered TrackingVol 
DEBUG: gamma(ID: 2) entered TrackingVol 
DEBUG: gamma(ID: 2) entered TrackingVol 
DEBUG: gamma(ID: 2) entered TrackingVol 
DEBUG: gamma(ID: 2) entered TrackingVol 
DEBUG: gamma(ID: 2) entered TrackingVol 
DEBUG: gamma(ID: 2) entered TrackingVol 
DEBUG: gamma(ID: 2) entered TrackingVol 
DEBUG: gamma(ID: 2) entered TrackingVol 
DEBUG: gamma(ID: 2) entered TrackingVol 
DEBUG: gamma(ID: 2) entered TrackingVol 
DEBUG: gamma(ID: 2) entered TrackingVol 
DEBUG: gamma(ID: 2) entered TrackingVol 
DEBUG: gamma(ID: 2) entered TrackingVol 
DEBUG: gamma(ID: 2) entered TrackingVol 
DEBUG: gamma(ID: 2) entered TrackingVol 
DEBUG: gamma(ID: 2) entered TrackingVol 
DEBUG: gamma(ID: 2) entered TrackingVol 
DEBUG: gamma(ID: 2) entered TrackingVol 
DEBUG: gamma(ID: 2) entered TrackingVol 
DEBUG: gamma(ID: 2) entered TrackingVol 
DEBUG: gamma(ID: 2) entered TrackingVol 
DEBUG: gamma(ID: 2) entered TrackingVol 
DEBUG: gamma(ID: 2) entered TrackingVol 
DEBUG: gamma(ID: 2) entered TrackingVol 
DEBUG: gamma(ID: 2) entered TrackingVol 
DEBUG: gamma(ID: 2) entered TrackingVol 
DEBUG: gamma(ID: 2) entered TrackingVol 
DEBUG: gamma(ID: 2) entered TrackingVol 
DEBUG: gamma(ID: 2) entered TrackingVol 
DEBUG: gamma(ID: 2) entered TrackingVol 
DEBUG: gamma(ID: 2) entered TrackingVol 
DEBUG: gamma(ID: 2) entered TrackingVol 
DEBUG: gamma(ID: 2) entered TrackingVol 
DEBUG: gamma(ID: 2) entered TrackingVol 
DEBUG: gamma(ID: 2) entered TrackingVol 
DEBUG: gamma(ID: 2) entered TrackingVol 
DEBUG: gamma(ID: 2) entered TrackingVol 
DEBUG: gamma(ID: 2) entered TrackingVol 
DEBUG: gamma(ID: 2) entered TrackingVol 
DEBUG: gamma(ID: 2) entered TrackingVol 
DEBUG: gamma(ID: 2) entered TrackingVol 
DEBUG: gamma(ID: 2) entered TrackingVol 
DEBUG: gamma(ID: 2) entered TrackingVol 
DEBUG: gamma(ID: 2) entered TrackingVol 
DEBUG: gamma(ID: 2) entered TrackingVol 
DEBUG: gamma(ID: 2) entered TrackingVol 
DEBUG: gamma(ID: 2) entered TrackingVol 
DEBUG: gamma(ID: 2) entered TrackingVol 
DEBUG: gamma(ID: 2) entered TrackingVol 
DEBUG: gamma(ID: 2) entered TrackingVol 
DEBUG: gamma(ID: 2) entered TrackingVol 
DEBUG: gamma(ID: 2) entered TrackingVol 
DEBUG: gamma(ID: 2) entered TrackingVol 
DEBUG: gamma(ID: 2) entered TrackingVol 
DEBUG: gamma(ID: 2) entered TrackingVol 
DEBUG: gamma(ID: 2) entered TrackingVol 
DEBUG: gamma(ID: 2) entered TrackingVol 
DEBUG: gamma(ID: 2) entered TrackingVol 
DEBUG: gamma(ID: 2) entered TrackingVol 
DEBUG: gamma(ID: 2) entered TrackingVol 
DEBUG: gamma(ID: 2) entered TrackingVol 
DEBUG: gamma(ID: 2) entered TrackingVol 
DEBUG: gamma(ID: 2) entered TrackingVol 
DEBUG: gamma(ID: 2) entered TrackingVol 
DEBUG: gamma(ID: 2) entered TrackingVol 
DEBUG: gamma(ID: 2) entered TrackingVol 
DEBUG: gamma(ID: 2) entered TrackingVol 
DEBUG: gamma(ID: 2) entered TrackingVol 
DEBUG: gamma(ID: 2) entered TrackingVol 
DEBUG: gamma(ID: 2) entered TrackingVol 
DEBUG: gamma(ID: 2) entered TrackingVol 
DEBUG: gamma(ID: 2) entered TrackingVol 
DEBUG: gamma(ID: 2) entered TrackingVol 
DEBUG: gamma(ID: 2) entered TrackingVol 
DEBUG: gamma(ID: 2) entered TrackingVol 
DEBUG: gamma(ID: 2) entered TrackingVol 
DEBUG: gamma(ID: 2) entered TrackingVol 
DEBUG: gamma(ID: 2) entered TrackingVol 
DEBUG: gamma(ID: 2) entered TrackingVol 
DEBUG: gamma(ID: 2) entered TrackingVol 
DEBUG: gamma(ID: 2) entered TrackingVol 
DEBUG: gamma(ID: 2) entered TrackingVol 
DEBUG: gamma(ID: 2) entered TrackingVol 
DEBUG: gamma(ID: 2) entered TrackingVol 
DEBUG: gamma(ID: 2) entered TrackingVol 
DEBUG: gamma(ID: 2) entered TrackingVol 
DEBUG: gamma(ID: 2) entered TrackingVol 
DEBUG: gamma(ID: 2) entered TrackingVol 
DEBUG: gamma(ID: 2) entered TrackingVol 
DEBUG: gamma(ID: 2) entered TrackingVol 
DEBUG: gamma(ID: 2) entered TrackingVol 
DEBUG: gamma(ID: 2) entered TrackingVol 
DEBUG: gamma(ID: 2) entered TrackingVol 
DEBUG: gamma(ID: 2) entered TrackingVol 
DEBUG: gamma(ID: 2) entered TrackingVol 
DEBUG: gamma(ID: 2) entered TrackingVol 
DEBUG: gamma(ID: 2) entered TrackingVol 
DEBUG: gamma(ID: 2) entered TrackingVol 
DEBUG: gamma(ID: 2) entered TrackingVol 
DEBUG: gamma(ID: 2) entered TrackingVol 
DEBUG: gamma(ID: 2) entered TrackingVol 
DEBUG: gamma(ID: 2) entered TrackingVol 
DEBUG: gamma(ID: 2) entered TrackingVol 
DEBUG: gamma(ID: 2) entered TrackingVol 
DEBUG: gamma(ID: 2) entered TrackingVol 
DEBUG: gamma(ID: 2) entered TrackingVol 
DEBUG: gamma(ID: 2) entered TrackingVol 
DEBUG: gamma(ID: 2) entered TrackingVol 
DEBUG: gamma(ID: 2) entered TrackingVol 
DEBUG: gamma(ID: 2) entered TrackingVol 
DEBUG: gamma(ID: 2) entered TrackingVol 
DEBUG: gamma(ID: 2) entered TrackingVol 
DEBUG: gamma(ID: 2) entered TrackingVol 
DEBUG: gamma(ID: 2) entered TrackingVol 
DEBUG: gamma(ID: 2) entered TrackingVol 
DEBUG: gamma(ID: 2) entered TrackingVol 
DEBUG: gamma(ID: 2) entered TrackingVol 
DEBUG: gamma(ID: 2) entered TrackingVol 
DEBUG: gamma(ID: 2) entered TrackingVol 
DEBUG: gamma(ID: 2) entered TrackingVol 
DEBUG: gamma(ID: 2) entered TrackingVol 
DEBUG: gamma(ID: 2) entered TrackingVol 
DEBUG: gamma(ID: 2) entered TrackingVol 
DEBUG: gamma(ID: 2) entered TrackingVol 
DEBUG: gamma(ID: 2) entered TrackingVol 
DEBUG: gamma(ID: 2) entered TrackingVol 
DEBUG: gamma(ID: 2) entered TrackingVol 
DEBUG: gamma(ID: 2) entered TrackingVol 
DEBUG: gamma(ID: 2) entered TrackingVol 
DEBUG: gamma(ID: 2) entered TrackingVol 
DEBUG: gamma(ID: 2) entered TrackingVol 
DEBUG: gamma(ID: 2) entered TrackingVol 
DEBUG: gamma(ID: 2) entered TrackingVol 
DEBUG: gamma(ID: 2) entered TrackingVol 
DEBUG: gamma(ID: 2) entered TrackingVol 
DEBUG: gamma(ID: 2) entered TrackingVol 
DEBUG: gamma(ID: 2) entered TrackingVol 
DEBUG: gamma(ID: 2) entered TrackingVol 
DEBUG: gamma(ID: 2) entered TrackingVol 
DEBUG: gamma(ID: 2) entered TrackingVol 
DEBUG: gamma(ID: 2) entered TrackingVol 
DEBUG: gamma(ID: 2) entered TrackingVol 
DEBUG: gamma(ID: 2) entered TrackingVol 
DEBUG: gamma(ID: 2) entered TrackingVol 
DEBUG: gamma(ID: 2) entered TrackingVol 
DEBUG: gamma(ID: 2) entered TrackingVol 
DEBUG: gamma(ID: 2) entered TrackingVol 
DEBUG: gamma(ID: 2) entered TrackingVol 
DEBUG: gamma(ID: 2) entered TrackingVol 
DEBUG: gamma(ID: 2) entered TrackingVol 
DEBUG: gamma(ID: 2) entered TrackingVol 
DEBUG: gamma(ID: 2) entered TrackingVol 
DEBUG: gamma(ID: 2) entered TrackingVol 
DEBUG: gamma(ID: 2) entered TrackingVol 
DEBUG: gamma(ID: 2) entered TrackingVol 
DEBUG: gamma(ID: 2) entered TrackingVol 
DEBUG: gamma(ID: 2) entered TrackingVol 
DEBUG: gamma(ID: 2) entered TrackingVol 
DEBUG: gamma(ID: 2) entered TrackingVol 
DEBUG: gamma(ID: 2) entered TrackingVol 
DEBUG: gamma(ID: 2) entered TrackingVol 
DEBUG: gamma(ID: 2) entered TrackingVol 
DEBUG: gamma(ID: 2) entered TrackingVol 
DEBUG: gamma(ID: 2) entered TrackingVol 
DEBUG: gamma(ID: 2) entered TrackingVol 
DEBUG: gamma(ID: 2) entered TrackingVol 
DEBUG: gamma(ID: 2) entered TrackingVol 
DEBUG: gamma(ID: 2) entered TrackingVol 
DEBUG: gamma(ID: 2) entered TrackingVol 
DEBUG: gamma(ID: 2) entered TrackingVol 
DEBUG: gamma(ID: 2) entered TrackingVol 
DEBUG: gamma(ID: 2) entered TrackingVol 
DEBUG: gamma(ID: 2) entered TrackingVol 
DEBUG: gamma(ID: 2) entered TrackingVol 
DEBUG: gamma(ID: 2) entered TrackingVol 
DEBUG: gamma(ID: 2) entered TrackingVol 
DEBUG: gamma(ID: 2) entered TrackingVol 
DEBUG: gamma(ID: 2) entered TrackingVol 
DEBUG: gamma(ID: 2) entered TrackingVol 
DEBUG: gamma(ID: 2) entered TrackingVol 
DEBUG: gamma(ID: 2) entered TrackingVol 
DEBUG: gamma(ID: 2) entered TrackingVol 
DEBUG: gamma(ID: 2) entered TrackingVol 
DEBUG: gamma(ID: 2) entered TrackingVol 
DEBUG: gamma(ID: 2) entered TrackingVol 
DEBUG: gamma(ID: 2) entered TrackingVol 
DEBUG: gamma(ID: 2) entered TrackingVol 
DEBUG: gamma(ID: 2) entered TrackingVol 
DEBUG: gamma(ID: 2) entered TrackingVol 
DEBUG: gamma(ID: 2) entered TrackingVol 
DEBUG: gamma(ID: 2) entered TrackingVol 
DEBUG: gamma(ID: 2) entered TrackingVol 
DEBUG: gamma(ID: 2) entered TrackingVol 
DEBUG: gamma(ID: 2) entered TrackingVol 
DEBUG: gamma(ID: 2) entered TrackingVol 
DEBUG: gamma(ID: 2) entered TrackingVol 
DEBUG: gamma(ID: 2) entered TrackingVol 
DEBUG: gamma(ID: 2) entered TrackingVol 
DEBUG: gamma(ID: 2) entered TrackingVol 
DEBUG: gamma(ID: 2) entered TrackingVol 
DEBUG: gamma(ID: 2) entered TrackingVol 
DEBUG: gamma(ID: 2) entered TrackingVol 
DEBUG: gamma(ID: 2) entered TrackingVol 
DEBUG: gamma(ID: 2) entered TrackingVol 
DEBUG: gamma(ID: 2) entered TrackingVol 
DEBUG: gamma(ID: 2) entered TrackingVol 
DEBUG: gamma(ID: 2) entered TrackingVol 
DEBUG: gamma(ID: 2) entered TrackingVol 
DEBUG: gamma(ID: 2) entered TrackingVol 
DEBUG: gamma(ID: 2) entered TrackingVol 
DEBUG: gamma(ID: 2) entered TrackingVol 
DEBUG: gamma(ID: 2) entered TrackingVol 
DEBUG: gamma(ID: 2) entered TrackingVol 
DEBUG: gamma(ID: 2) entered TrackingVol 
DEBUG: gamma(ID: 2) entered TrackingVol 
DEBUG: gamma(ID: 2) entered TrackingVol 
DEBUG: gamma(ID: 2) entered TrackingVol 
DEBUG: gamma(ID: 2) entered TrackingVol 
DEBUG: gamma(ID: 2) entered TrackingVol 
DEBUG: gamma(ID: 2) entered TrackingVol 
DEBUG: gamma(ID: 2) entered TrackingVol 
DEBUG: gamma(ID: 2) entered TrackingVol 
DEBUG: gamma(ID: 2) entered TrackingVol 
DEBUG: gamma(ID: 2) entered TrackingVol 
DEBUG: gamma(ID: 2) entered TrackingVol 
DEBUG: gamma(ID: 2) entered TrackingVol 
DEBUG: gamma(ID: 2) entered TrackingVol 
DEBUG: gamma(ID: 2) entered TrackingVol 
DEBUG: gamma(ID: 2) entered TrackingVol 
DEBUG: gamma(ID: 2) entered TrackingVol 
DEBUG: gamma(ID: 2) entered TrackingVol 
DEBUG: gamma(ID: 2) entered TrackingVol 
DEBUG: gamma(ID: 2) entered TrackingVol 
DEBUG: gamma(ID: 2) entered TrackingVol 
DEBUG: gamma(ID: 2) entered TrackingVol 
DEBUG: gamma(ID: 2) entered TrackingVol 
 Run terminated.
Run Summary
  Number of events processed : 1000
  User=0.010000s Real=0.015248s Sys=0.010000s [Cpu=131.2%]

----> Histograms are saved

----> Number of secondaries saved 1000
G4 kernel has come to Quit state.
UserDetectorConstruction deleted.
UserPhysicsList deleted.
UserActionInitialization deleted.
UserWorkerInitialization deleted.
UserWorkerThreadInitialization deleted.
UserRunAction deleted.
UserPrimaryGenerator deleted.
RunManager is deleting RunManagerKernel.
G4SDManager deleted.
EventManager deleted.
Units table cleared.
TransportationManager deleted.
Total navigation history collections cleaned: 7
G4RNGHelper object is deleted.
================== Deleting memory pools ===================
Pool ID '20G4NavigationLevelRep', size : 0.00673 MB
Pool ID '24G4ReferenceCountedHandleIvE', size : 0.000961 MB
Pool ID '7G4Event', size : 0.000961 MB
Pool ID '15G4PrimaryVertex', size : 0.000961 MB
Pool ID '17G4PrimaryParticle', size : 0.000961 MB
Pool ID '17G4DynamicParticle', size : 0.000961 MB
Pool ID '7G4Track', size : 0.000961 MB
Pool ID '18G4TouchableHistory', size : 0.000961 MB
Pool ID '15G4CountedObjectIvE', size : 0.000961 MB
Number of memory pools allocated: 9; of which, static: 0
Dynamic pools deleted: 9 / Total memory freed: 0.014 MB
============================================================
G4Allocator objects are deleted.
UImanager deleted.
StateManager deleted.
RunManagerKernel is deleted. Good bye :)
RunManager is deleted.
