The system is: Linux - 3.10.0-1160.81.1.el7.x86_64 - x86_64
Compiling the C compiler identification source file "CMakeCCompilerId.c" succeeded.
Compiler: /opt/anaconda3/envs/rootpy/bin/x86_64-conda-linux-gnu-cc 
Build flags: -march=nocona;-mtune=haswell;-ftree-vectorize;-fPIC;-fstack-protector-strong;-fno-plt;-O2;-ffunction-sections;-pipe;-isystem;/opt/anaconda3/envs/rootpy/include
Id flags:  

The output was:
0


Compilation of the C compiler identification source "CMakeCCompilerId.c" produced "a.out"

The C compiler identification is GNU, found in "/home/cdesio/TAT/tat_simu_2steps/simulation/build/CMakeFiles/3.22.3/CompilerIdC/a.out"

Compiling the CXX compiler identification source file "CMakeCXXCompilerId.cpp" succeeded.
Compiler: /opt/anaconda3/envs/rootpy/bin/x86_64-conda-linux-gnu-c++ 
Build flags: -fvisibility-inlines-hidden;-std=c++17;-fmessage-length=0;-march=nocona;-mtune=haswell;-ftree-vectorize;-fPIC;-fstack-protector-strong;-fno-plt;-O2;-ffunction-sections;-pipe;-isystem;/opt/anaconda3/envs/rootpy/include
Id flags:  

The output was:
0


Compilation of the CXX compiler identification source "CMakeCXXCompilerId.cpp" produced "a.out"

The CXX compiler identification is GNU, found in "/home/cdesio/TAT/tat_simu_2steps/simulation/build/CMakeFiles/3.22.3/CompilerIdCXX/a.out"

Detecting C compiler ABI info compiled with the following output:
Change Dir: /home/cdesio/TAT/tat_simu_2steps/simulation/build/CMakeFiles/CMakeTmp

Run Build Command(s):/usr/bin/gmake -f Makefile cmTC_91bbe/fast && /usr/bin/gmake  -f CMakeFiles/cmTC_91bbe.dir/build.make CMakeFiles/cmTC_91bbe.dir/build
gmake[1]: Entering directory `/home/cdesio/TAT/tat_simu_2steps/simulation/build/CMakeFiles/CMakeTmp'
Building C object CMakeFiles/cmTC_91bbe.dir/CMakeCCompilerABI.c.o
/opt/anaconda3/envs/rootpy/bin/x86_64-conda-linux-gnu-cc   -march=nocona -mtune=haswell -ftree-vectorize -fPIC -fstack-protector-strong -fno-plt -O2 -ffunction-sections -pipe -isystem /opt/anaconda3/envs/rootpy/include    -v -o CMakeFiles/cmTC_91bbe.dir/CMakeCCompilerABI.c.o -c /usr/local/share/cmake-3.22/Modules/CMakeCCompilerABI.c
Reading specs from /opt/anaconda3/envs/rootpy/bin/../lib/gcc/x86_64-conda-linux-gnu/10.4.0/specs
could not find specs file conda.specs
COLLECT_GCC=/opt/anaconda3/envs/rootpy/bin/x86_64-conda-linux-gnu-cc
Target: x86_64-conda-linux-gnu
Configured with: ../configure --prefix=/home/conda/feedstock_root/build_artifacts/gcc_compilers_1666516817544/_h_env_placehold_placehold_placehold_placehold_placehold_placehold_placehold_placehold_placehold_placehold_placehold_placehold_placehold_placehold_placehold_placehold_placehold_placeho --with-slibdir=/home/conda/feedstock_root/build_artifacts/gcc_compilers_1666516817544/_h_env_placehold_placehold_placehold_placehold_placehold_placehold_placehold_placehold_placehold_placehold_placehold_placehold_placehold_placehold_placehold_placehold_placehold_placeho/lib --libdir=/home/conda/feedstock_root/build_artifacts/gcc_compilers_1666516817544/_h_env_placehold_placehold_placehold_placehold_placehold_placehold_placehold_placehold_placehold_placehold_placehold_placehold_placehold_placehold_placehold_placehold_placehold_placeho/lib --mandir=/home/conda/feedstock_root/build_artifacts/gcc_compilers_1666516817544/_h_env_placehold_placehold_placehold_placehold_placehold_placehold_placehold_placehold_placehold_placehold_placehold_placehold_placehold_placehold_placehold_placehold_placehold_placeho/man --build=x86_64-conda-linux-gnu --host=x86_64-conda-linux-gnu --target=x86_64-conda-linux-gnu --enable-default-pie --enable-languages=c,c++,fortran,objc,obj-c++ --enable-__cxa_atexit --disable-libmudflap --enable-libgomp --disable-libssp --enable-libquadmath --enable-libquadmath-support --enable-libsanitizer --enable-lto --enable-threads=posix --enable-target-optspace --enable-plugin --enable-gold --disable-nls --disable-bootstrap --disable-multilib --enable-long-long --with-sysroot=/home/conda/feedstock_root/build_artifacts/gcc_compilers_1666516817544/_h_env_placehold_placehold_placehold_placehold_placehold_placehold_placehold_placehold_placehold_placehold_placehold_placehold_placehold_placehold_placehold_placehold_placehold_placeho/x86_64-conda-linux-gnu/sysroot --with-build-sysroot=/home/conda/feedstock_root/build_artifacts/gcc_compilers_1666516817544/_build_env/x86_64-conda-linux-gnu/sysroot --with-gxx-include-dir=/home/conda/feedstock_root/build_artifacts/gcc_compilers_1666516817544/_h_env_placehold_placehold_placehold_placehold_placehold_placehold_placehold_placehold_placehold_placehold_placehold_placehold_placehold_placehold_placehold_placehold_placehold_placeho/x86_64-conda-linux-gnu/include/c++/10.4.0 --with-pkgversion='conda-forge gcc 10.4.0-19' --with-bugurl=https://github.com/conda-forge/ctng-compilers-feedstock/issues/new/choose
Thread model: posix
Supported LTO compression algorithms: zlib
gcc version 10.4.0 (conda-forge gcc 10.4.0-19) 
COLLECT_GCC_OPTIONS='-march=nocona' '-mtune=haswell' '-ftree-vectorize' '-fPIC' '-fstack-protector-strong' '-fno-plt' '-O2' '-ffunction-sections' '-pipe' '-isystem' '/opt/anaconda3/envs/rootpy/include' '-v' '-o' 'CMakeFiles/cmTC_91bbe.dir/CMakeCCompilerABI.c.o' '-c'
 /opt/anaconda3/envs/rootpy/bin/../libexec/gcc/x86_64-conda-linux-gnu/10.4.0/cc1 -quiet -v -iprefix /opt/anaconda3/envs/rootpy/bin/../lib/gcc/x86_64-conda-linux-gnu/10.4.0/ -isysroot /opt/anaconda3/envs/rootpy/bin/../x86_64-conda-linux-gnu/sysroot -isystem /opt/anaconda3/envs/rootpy/include /usr/local/share/cmake-3.22/Modules/CMakeCCompilerABI.c -quiet -dumpbase CMakeCCompilerABI.c -march=nocona -mtune=haswell -auxbase-strip CMakeFiles/cmTC_91bbe.dir/CMakeCCompilerABI.c.o -O2 -version -ftree-vectorize -fPIC -fstack-protector-strong -fno-plt -ffunction-sections -o - |
 /opt/anaconda3/envs/rootpy/bin/../lib/gcc/x86_64-conda-linux-gnu/10.4.0/../../../../x86_64-conda-linux-gnu/bin/as -v --64 -o CMakeFiles/cmTC_91bbe.dir/CMakeCCompilerABI.c.o
GNU assembler version 2.39 (x86_64-conda-linux-gnu) using BFD version (GNU Binutils) 2.39
GNU C17 (conda-forge gcc 10.4.0-19) version 10.4.0 (x86_64-conda-linux-gnu)
	compiled by GNU C version 10.4.0, GMP version 6.1.0, MPFR version 3.1.6, MPC version 1.0.3, isl version isl-0.18-GMP

GGC heuristics: --param ggc-min-expand=100 --param ggc-min-heapsize=131072
ignoring duplicate directory "/opt/anaconda3/envs/rootpy/bin/../lib/gcc/../../lib/gcc/x86_64-conda-linux-gnu/10.4.0/include"
ignoring nonexistent directory "/opt/anaconda3/envs/rootpy/bin/../x86_64-conda-linux-gnu/sysroot/usr/local/include"
ignoring duplicate directory "/opt/anaconda3/envs/rootpy/bin/../lib/gcc/../../lib/gcc/x86_64-conda-linux-gnu/10.4.0/include-fixed"
ignoring duplicate directory "/opt/anaconda3/envs/rootpy/bin/../lib/gcc/../../lib/gcc/x86_64-conda-linux-gnu/10.4.0/../../../../x86_64-conda-linux-gnu/include"
#include "..." search starts here:
#include <...> search starts here:
 /opt/anaconda3/envs/rootpy/include
 /opt/anaconda3/envs/rootpy/bin/../lib/gcc/x86_64-conda-linux-gnu/10.4.0/include
 /opt/anaconda3/envs/rootpy/bin/../lib/gcc/x86_64-conda-linux-gnu/10.4.0/include-fixed
 /opt/anaconda3/envs/rootpy/bin/../lib/gcc/x86_64-conda-linux-gnu/10.4.0/../../../../x86_64-conda-linux-gnu/include
 /opt/anaconda3/envs/rootpy/bin/../x86_64-conda-linux-gnu/sysroot/usr/include
End of search list.
GNU C17 (conda-forge gcc 10.4.0-19) version 10.4.0 (x86_64-conda-linux-gnu)
	compiled by GNU C version 10.4.0, GMP version 6.1.0, MPFR version 3.1.6, MPC version 1.0.3, isl version isl-0.18-GMP

GGC heuristics: --param ggc-min-expand=100 --param ggc-min-heapsize=131072
Compiler executable checksum: 261c333cfb634f8a42c0ca2a8624ba40
COMPILER_PATH=/opt/anaconda3/envs/rootpy/bin/../libexec/gcc/x86_64-conda-linux-gnu/10.4.0/:/opt/anaconda3/envs/rootpy/bin/../libexec/gcc/:/opt/anaconda3/envs/rootpy/bin/../lib/gcc/x86_64-conda-linux-gnu/10.4.0/../../../../x86_64-conda-linux-gnu/bin/
LIBRARY_PATH=/opt/anaconda3/envs/rootpy/bin/../lib/gcc/x86_64-conda-linux-gnu/10.4.0/:/opt/anaconda3/envs/rootpy/bin/../lib/gcc/:/opt/anaconda3/envs/rootpy/bin/../lib/gcc/x86_64-conda-linux-gnu/10.4.0/../../../../x86_64-conda-linux-gnu/lib/../lib/:/opt/anaconda3/envs/rootpy/bin/../lib/gcc/x86_64-conda-linux-gnu/10.4.0/../../../../lib/:/opt/anaconda3/envs/rootpy/bin/../x86_64-conda-linux-gnu/sysroot/lib/../lib/:/opt/anaconda3/envs/rootpy/bin/../x86_64-conda-linux-gnu/sysroot/usr/lib/../lib/:/opt/anaconda3/envs/rootpy/bin/../lib/gcc/x86_64-conda-linux-gnu/10.4.0/../../../../x86_64-conda-linux-gnu/lib/:/opt/anaconda3/envs/rootpy/bin/../lib/gcc/x86_64-conda-linux-gnu/10.4.0/../../../:/opt/anaconda3/envs/rootpy/bin/../x86_64-conda-linux-gnu/sysroot/lib/:/opt/anaconda3/envs/rootpy/bin/../x86_64-conda-linux-gnu/sysroot/usr/lib/
COLLECT_GCC_OPTIONS='-march=nocona' '-mtune=haswell' '-ftree-vectorize' '-fPIC' '-fstack-protector-strong' '-fno-plt' '-O2' '-ffunction-sections' '-pipe' '-isystem' '/opt/anaconda3/envs/rootpy/include' '-v' '-o' 'CMakeFiles/cmTC_91bbe.dir/CMakeCCompilerABI.c.o' '-c'
Linking C executable cmTC_91bbe
/usr/local/bin/cmake -E cmake_link_script CMakeFiles/cmTC_91bbe.dir/link.txt --verbose=1
/opt/anaconda3/envs/rootpy/bin/x86_64-conda-linux-gnu-cc -march=nocona -mtune=haswell -ftree-vectorize -fPIC -fstack-protector-strong -fno-plt -O2 -ffunction-sections -pipe -isystem /opt/anaconda3/envs/rootpy/include  -Wl,-O2 -Wl,--sort-common -Wl,--as-needed -Wl,-z,relro -Wl,-z,now -Wl,--disable-new-dtags -Wl,--gc-sections -Wl,--allow-shlib-undefined -Wl,-rpath,/opt/anaconda3/envs/rootpy/lib -Wl,-rpath-link,/opt/anaconda3/envs/rootpy/lib -L/opt/anaconda3/envs/rootpy/lib -v CMakeFiles/cmTC_91bbe.dir/CMakeCCompilerABI.c.o -o cmTC_91bbe 
Reading specs from /opt/anaconda3/envs/rootpy/bin/../lib/gcc/x86_64-conda-linux-gnu/10.4.0/specs
could not find specs file conda.specs
COLLECT_GCC=/opt/anaconda3/envs/rootpy/bin/x86_64-conda-linux-gnu-cc
COLLECT_LTO_WRAPPER=/opt/anaconda3/envs/rootpy/bin/../libexec/gcc/x86_64-conda-linux-gnu/10.4.0/lto-wrapper
Target: x86_64-conda-linux-gnu
Configured with: ../configure --prefix=/home/conda/feedstock_root/build_artifacts/gcc_compilers_1666516817544/_h_env_placehold_placehold_placehold_placehold_placehold_placehold_placehold_placehold_placehold_placehold_placehold_placehold_placehold_placehold_placehold_placehold_placehold_placeho --with-slibdir=/home/conda/feedstock_root/build_artifacts/gcc_compilers_1666516817544/_h_env_placehold_placehold_placehold_placehold_placehold_placehold_placehold_placehold_placehold_placehold_placehold_placehold_placehold_placehold_placehold_placehold_placehold_placeho/lib --libdir=/home/conda/feedstock_root/build_artifacts/gcc_compilers_1666516817544/_h_env_placehold_placehold_placehold_placehold_placehold_placehold_placehold_placehold_placehold_placehold_placehold_placehold_placehold_placehold_placehold_placehold_placehold_placeho/lib --mandir=/home/conda/feedstock_root/build_artifacts/gcc_compilers_1666516817544/_h_env_placehold_placehold_placehold_placehold_placehold_placehold_placehold_placehold_placehold_placehold_placehold_placehold_placehold_placehold_placehold_placehold_placehold_placeho/man --build=x86_64-conda-linux-gnu --host=x86_64-conda-linux-gnu --target=x86_64-conda-linux-gnu --enable-default-pie --enable-languages=c,c++,fortran,objc,obj-c++ --enable-__cxa_atexit --disable-libmudflap --enable-libgomp --disable-libssp --enable-libquadmath --enable-libquadmath-support --enable-libsanitizer --enable-lto --enable-threads=posix --enable-target-optspace --enable-plugin --enable-gold --disable-nls --disable-bootstrap --disable-multilib --enable-long-long --with-sysroot=/home/conda/feedstock_root/build_artifacts/gcc_compilers_1666516817544/_h_env_placehold_placehold_placehold_placehold_placehold_placehold_placehold_placehold_placehold_placehold_placehold_placehold_placehold_placehold_placehold_placehold_placehold_placeho/x86_64-conda-linux-gnu/sysroot --with-build-sysroot=/home/conda/feedstock_root/build_artifacts/gcc_compilers_1666516817544/_build_env/x86_64-conda-linux-gnu/sysroot --with-gxx-include-dir=/home/conda/feedstock_root/build_artifacts/gcc_compilers_1666516817544/_h_env_placehold_placehold_placehold_placehold_placehold_placehold_placehold_placehold_placehold_placehold_placehold_placehold_placehold_placehold_placehold_placehold_placehold_placeho/x86_64-conda-linux-gnu/include/c++/10.4.0 --with-pkgversion='conda-forge gcc 10.4.0-19' --with-bugurl=https://github.com/conda-forge/ctng-compilers-feedstock/issues/new/choose
Thread model: posix
Supported LTO compression algorithms: zlib
gcc version 10.4.0 (conda-forge gcc 10.4.0-19) 
COMPILER_PATH=/opt/anaconda3/envs/rootpy/bin/../libexec/gcc/x86_64-conda-linux-gnu/10.4.0/:/opt/anaconda3/envs/rootpy/bin/../libexec/gcc/:/opt/anaconda3/envs/rootpy/bin/../lib/gcc/x86_64-conda-linux-gnu/10.4.0/../../../../x86_64-conda-linux-gnu/bin/
LIBRARY_PATH=/opt/anaconda3/envs/rootpy/bin/../lib/gcc/x86_64-conda-linux-gnu/10.4.0/:/opt/anaconda3/envs/rootpy/bin/../lib/gcc/:/opt/anaconda3/envs/rootpy/bin/../lib/gcc/x86_64-conda-linux-gnu/10.4.0/../../../../x86_64-conda-linux-gnu/lib/../lib/:/opt/anaconda3/envs/rootpy/bin/../lib/gcc/x86_64-conda-linux-gnu/10.4.0/../../../../lib/:/opt/anaconda3/envs/rootpy/bin/../x86_64-conda-linux-gnu/sysroot/lib/../lib/:/opt/anaconda3/envs/rootpy/bin/../x86_64-conda-linux-gnu/sysroot/usr/lib/../lib/:/opt/anaconda3/envs/rootpy/bin/../lib/gcc/x86_64-conda-linux-gnu/10.4.0/../../../../x86_64-conda-linux-gnu/lib/:/opt/anaconda3/envs/rootpy/bin/../lib/gcc/x86_64-conda-linux-gnu/10.4.0/../../../:/opt/anaconda3/envs/rootpy/bin/../x86_64-conda-linux-gnu/sysroot/lib/:/opt/anaconda3/envs/rootpy/bin/../x86_64-conda-linux-gnu/sysroot/usr/lib/
COLLECT_GCC_OPTIONS='-march=nocona' '-mtune=haswell' '-ftree-vectorize' '-fPIC' '-fstack-protector-strong' '-fno-plt' '-O2' '-ffunction-sections' '-pipe' '-isystem' '/opt/anaconda3/envs/rootpy/include' '-L/opt/anaconda3/envs/rootpy/lib' '-v' '-o' 'cmTC_91bbe'
 /opt/anaconda3/envs/rootpy/bin/../libexec/gcc/x86_64-conda-linux-gnu/10.4.0/collect2 -plugin /opt/anaconda3/envs/rootpy/bin/../libexec/gcc/x86_64-conda-linux-gnu/10.4.0/liblto_plugin.so -plugin-opt=/opt/anaconda3/envs/rootpy/bin/../libexec/gcc/x86_64-conda-linux-gnu/10.4.0/lto-wrapper -plugin-opt=-fresolution=/tmp/ccdmLb37.res -plugin-opt=-pass-through=-lgcc -plugin-opt=-pass-through=-lgcc_s -plugin-opt=-pass-through=-lc -plugin-opt=-pass-through=-lgcc -plugin-opt=-pass-through=-lgcc_s --sysroot=/opt/anaconda3/envs/rootpy/bin/../x86_64-conda-linux-gnu/sysroot --eh-frame-hdr -m elf_x86_64 -dynamic-linker /lib64/ld-linux-x86-64.so.2 -pie -o cmTC_91bbe /opt/anaconda3/envs/rootpy/bin/../x86_64-conda-linux-gnu/sysroot/usr/lib/../lib/Scrt1.o /opt/anaconda3/envs/rootpy/bin/../x86_64-conda-linux-gnu/sysroot/usr/lib/../lib/crti.o /opt/anaconda3/envs/rootpy/bin/../lib/gcc/x86_64-conda-linux-gnu/10.4.0/crtbeginS.o -L/opt/anaconda3/envs/rootpy/lib -L/opt/anaconda3/envs/rootpy/bin/../lib/gcc/x86_64-conda-linux-gnu/10.4.0 -L/opt/anaconda3/envs/rootpy/bin/../lib/gcc -L/opt/anaconda3/envs/rootpy/bin/../lib/gcc/x86_64-conda-linux-gnu/10.4.0/../../../../x86_64-conda-linux-gnu/lib/../lib -L/opt/anaconda3/envs/rootpy/bin/../lib/gcc/x86_64-conda-linux-gnu/10.4.0/../../../../lib -L/opt/anaconda3/envs/rootpy/bin/../x86_64-conda-linux-gnu/sysroot/lib/../lib -L/opt/anaconda3/envs/rootpy/bin/../x86_64-conda-linux-gnu/sysroot/usr/lib/../lib -L/opt/anaconda3/envs/rootpy/bin/../lib/gcc/x86_64-conda-linux-gnu/10.4.0/../../../../x86_64-conda-linux-gnu/lib -L/opt/anaconda3/envs/rootpy/bin/../lib/gcc/x86_64-conda-linux-gnu/10.4.0/../../.. -L/opt/anaconda3/envs/rootpy/bin/../x86_64-conda-linux-gnu/sysroot/lib -L/opt/anaconda3/envs/rootpy/bin/../x86_64-conda-linux-gnu/sysroot/usr/lib -O2 --sort-common --as-needed -z relro -z now --disable-new-dtags --gc-sections --allow-shlib-undefined -rpath /opt/anaconda3/envs/rootpy/lib -rpath-link /opt/anaconda3/envs/rootpy/lib CMakeFiles/cmTC_91bbe.dir/CMakeCCompilerABI.c.o -lgcc --push-state --as-needed -lgcc_s --pop-state -lc -lgcc --push-state --as-needed -lgcc_s --pop-state /opt/anaconda3/envs/rootpy/bin/../lib/gcc/x86_64-conda-linux-gnu/10.4.0/crtendS.o /opt/anaconda3/envs/rootpy/bin/../x86_64-conda-linux-gnu/sysroot/usr/lib/../lib/crtn.o -rpath /opt/anaconda3/envs/rootpy/lib
COLLECT_GCC_OPTIONS='-march=nocona' '-mtune=haswell' '-ftree-vectorize' '-fPIC' '-fstack-protector-strong' '-fno-plt' '-O2' '-ffunction-sections' '-pipe' '-isystem' '/opt/anaconda3/envs/rootpy/include' '-L/opt/anaconda3/envs/rootpy/lib' '-v' '-o' 'cmTC_91bbe'
gmake[1]: Leaving directory `/home/cdesio/TAT/tat_simu_2steps/simulation/build/CMakeFiles/CMakeTmp'



Parsed C implicit include dir info from above output: rv=done
  found start of include info
  found start of implicit include info
    add: [/opt/anaconda3/envs/rootpy/include]
    add: [/opt/anaconda3/envs/rootpy/bin/../lib/gcc/x86_64-conda-linux-gnu/10.4.0/include]
    add: [/opt/anaconda3/envs/rootpy/bin/../lib/gcc/x86_64-conda-linux-gnu/10.4.0/include-fixed]
    add: [/opt/anaconda3/envs/rootpy/bin/../lib/gcc/x86_64-conda-linux-gnu/10.4.0/../../../../x86_64-conda-linux-gnu/include]
    add: [/opt/anaconda3/envs/rootpy/bin/../x86_64-conda-linux-gnu/sysroot/usr/include]
  end of search list found
  collapse include dir [/opt/anaconda3/envs/rootpy/include] ==> [/opt/anaconda3/envs/rootpy/include]
  collapse include dir [/opt/anaconda3/envs/rootpy/bin/../lib/gcc/x86_64-conda-linux-gnu/10.4.0/include] ==> [/opt/anaconda3/envs/rootpy/lib/gcc/x86_64-conda-linux-gnu/10.4.0/include]
  collapse include dir [/opt/anaconda3/envs/rootpy/bin/../lib/gcc/x86_64-conda-linux-gnu/10.4.0/include-fixed] ==> [/opt/anaconda3/envs/rootpy/lib/gcc/x86_64-conda-linux-gnu/10.4.0/include-fixed]
  collapse include dir [/opt/anaconda3/envs/rootpy/bin/../lib/gcc/x86_64-conda-linux-gnu/10.4.0/../../../../x86_64-conda-linux-gnu/include] ==> [/opt/anaconda3/envs/rootpy/x86_64-conda-linux-gnu/include]
  collapse include dir [/opt/anaconda3/envs/rootpy/bin/../x86_64-conda-linux-gnu/sysroot/usr/include] ==> [/opt/anaconda3/envs/rootpy/x86_64-conda-linux-gnu/sysroot/usr/include]
  implicit include dirs: [/opt/anaconda3/envs/rootpy/include;/opt/anaconda3/envs/rootpy/lib/gcc/x86_64-conda-linux-gnu/10.4.0/include;/opt/anaconda3/envs/rootpy/lib/gcc/x86_64-conda-linux-gnu/10.4.0/include-fixed;/opt/anaconda3/envs/rootpy/x86_64-conda-linux-gnu/include;/opt/anaconda3/envs/rootpy/x86_64-conda-linux-gnu/sysroot/usr/include]


Parsed C implicit link information from above output:
  link line regex: [^( *|.*[/\])(x86_64-conda-linux-gnu-ld|CMAKE_LINK_STARTFILE-NOTFOUND|([^/\]+-)?ld|collect2)[^/\]*( |$)]
  ignore line: [Change Dir: /home/cdesio/TAT/tat_simu_2steps/simulation/build/CMakeFiles/CMakeTmp]
  ignore line: []
  ignore line: [Run Build Command(s):/usr/bin/gmake -f Makefile cmTC_91bbe/fast && /usr/bin/gmake  -f CMakeFiles/cmTC_91bbe.dir/build.make CMakeFiles/cmTC_91bbe.dir/build]
  ignore line: [gmake[1]: Entering directory `/home/cdesio/TAT/tat_simu_2steps/simulation/build/CMakeFiles/CMakeTmp']
  ignore line: [Building C object CMakeFiles/cmTC_91bbe.dir/CMakeCCompilerABI.c.o]
  ignore line: [/opt/anaconda3/envs/rootpy/bin/x86_64-conda-linux-gnu-cc   -march=nocona -mtune=haswell -ftree-vectorize -fPIC -fstack-protector-strong -fno-plt -O2 -ffunction-sections -pipe -isystem /opt/anaconda3/envs/rootpy/include    -v -o CMakeFiles/cmTC_91bbe.dir/CMakeCCompilerABI.c.o -c /usr/local/share/cmake-3.22/Modules/CMakeCCompilerABI.c]
  ignore line: [Reading specs from /opt/anaconda3/envs/rootpy/bin/../lib/gcc/x86_64-conda-linux-gnu/10.4.0/specs]
  ignore line: [could not find specs file conda.specs]
  ignore line: [COLLECT_GCC=/opt/anaconda3/envs/rootpy/bin/x86_64-conda-linux-gnu-cc]
  ignore line: [Target: x86_64-conda-linux-gnu]
  ignore line: [Configured with: ../configure --prefix=/home/conda/feedstock_root/build_artifacts/gcc_compilers_1666516817544/_h_env_placehold_placehold_placehold_placehold_placehold_placehold_placehold_placehold_placehold_placehold_placehold_placehold_placehold_placehold_placehold_placehold_placehold_placeho --with-slibdir=/home/conda/feedstock_root/build_artifacts/gcc_compilers_1666516817544/_h_env_placehold_placehold_placehold_placehold_placehold_placehold_placehold_placehold_placehold_placehold_placehold_placehold_placehold_placehold_placehold_placehold_placehold_placeho/lib --libdir=/home/conda/feedstock_root/build_artifacts/gcc_compilers_1666516817544/_h_env_placehold_placehold_placehold_placehold_placehold_placehold_placehold_placehold_placehold_placehold_placehold_placehold_placehold_placehold_placehold_placehold_placehold_placeho/lib --mandir=/home/conda/feedstock_root/build_artifacts/gcc_compilers_1666516817544/_h_env_placehold_placehold_placehold_placehold_placehold_placehold_placehold_placehold_placehold_placehold_placehold_placehold_placehold_placehold_placehold_placehold_placehold_placeho/man --build=x86_64-conda-linux-gnu --host=x86_64-conda-linux-gnu --target=x86_64-conda-linux-gnu --enable-default-pie --enable-languages=c c++ fortran objc obj-c++ --enable-__cxa_atexit --disable-libmudflap --enable-libgomp --disable-libssp --enable-libquadmath --enable-libquadmath-support --enable-libsanitizer --enable-lto --enable-threads=posix --enable-target-optspace --enable-plugin --enable-gold --disable-nls --disable-bootstrap --disable-multilib --enable-long-long --with-sysroot=/home/conda/feedstock_root/build_artifacts/gcc_compilers_1666516817544/_h_env_placehold_placehold_placehold_placehold_placehold_placehold_placehold_placehold_placehold_placehold_placehold_placehold_placehold_placehold_placehold_placehold_placehold_placeho/x86_64-conda-linux-gnu/sysroot --with-build-sysroot=/home/conda/feedstock_root/build_artifacts/gcc_compilers_1666516817544/_build_env/x86_64-conda-linux-gnu/sysroot --with-gxx-include-dir=/home/conda/feedstock_root/build_artifacts/gcc_compilers_1666516817544/_h_env_placehold_placehold_placehold_placehold_placehold_placehold_placehold_placehold_placehold_placehold_placehold_placehold_placehold_placehold_placehold_placehold_placehold_placeho/x86_64-conda-linux-gnu/include/c++/10.4.0 --with-pkgversion='conda-forge gcc 10.4.0-19' --with-bugurl=https://github.com/conda-forge/ctng-compilers-feedstock/issues/new/choose]
  ignore line: [Thread model: posix]
  ignore line: [Supported LTO compression algorithms: zlib]
  ignore line: [gcc version 10.4.0 (conda-forge gcc 10.4.0-19) ]
  ignore line: [COLLECT_GCC_OPTIONS='-march=nocona' '-mtune=haswell' '-ftree-vectorize' '-fPIC' '-fstack-protector-strong' '-fno-plt' '-O2' '-ffunction-sections' '-pipe' '-isystem' '/opt/anaconda3/envs/rootpy/include' '-v' '-o' 'CMakeFiles/cmTC_91bbe.dir/CMakeCCompilerABI.c.o' '-c']
  ignore line: [ /opt/anaconda3/envs/rootpy/bin/../libexec/gcc/x86_64-conda-linux-gnu/10.4.0/cc1 -quiet -v -iprefix /opt/anaconda3/envs/rootpy/bin/../lib/gcc/x86_64-conda-linux-gnu/10.4.0/ -isysroot /opt/anaconda3/envs/rootpy/bin/../x86_64-conda-linux-gnu/sysroot -isystem /opt/anaconda3/envs/rootpy/include /usr/local/share/cmake-3.22/Modules/CMakeCCompilerABI.c -quiet -dumpbase CMakeCCompilerABI.c -march=nocona -mtune=haswell -auxbase-strip CMakeFiles/cmTC_91bbe.dir/CMakeCCompilerABI.c.o -O2 -version -ftree-vectorize -fPIC -fstack-protector-strong -fno-plt -ffunction-sections -o - |]
  ignore line: [ /opt/anaconda3/envs/rootpy/bin/../lib/gcc/x86_64-conda-linux-gnu/10.4.0/../../../../x86_64-conda-linux-gnu/bin/as -v --64 -o CMakeFiles/cmTC_91bbe.dir/CMakeCCompilerABI.c.o]
  ignore line: [GNU assembler version 2.39 (x86_64-conda-linux-gnu) using BFD version (GNU Binutils) 2.39]
  ignore line: [GNU C17 (conda-forge gcc 10.4.0-19) version 10.4.0 (x86_64-conda-linux-gnu)]
  ignore line: [	compiled by GNU C version 10.4.0  GMP version 6.1.0  MPFR version 3.1.6  MPC version 1.0.3  isl version isl-0.18-GMP]
  ignore line: []
  ignore line: [GGC heuristics: --param ggc-min-expand=100 --param ggc-min-heapsize=131072]
  ignore line: [ignoring duplicate directory "/opt/anaconda3/envs/rootpy/bin/../lib/gcc/../../lib/gcc/x86_64-conda-linux-gnu/10.4.0/include"]
  ignore line: [ignoring nonexistent directory "/opt/anaconda3/envs/rootpy/bin/../x86_64-conda-linux-gnu/sysroot/usr/local/include"]
  ignore line: [ignoring duplicate directory "/opt/anaconda3/envs/rootpy/bin/../lib/gcc/../../lib/gcc/x86_64-conda-linux-gnu/10.4.0/include-fixed"]
  ignore line: [ignoring duplicate directory "/opt/anaconda3/envs/rootpy/bin/../lib/gcc/../../lib/gcc/x86_64-conda-linux-gnu/10.4.0/../../../../x86_64-conda-linux-gnu/include"]
  ignore line: [#include "..." search starts here:]
  ignore line: [#include <...> search starts here:]
  ignore line: [ /opt/anaconda3/envs/rootpy/include]
  ignore line: [ /opt/anaconda3/envs/rootpy/bin/../lib/gcc/x86_64-conda-linux-gnu/10.4.0/include]
  ignore line: [ /opt/anaconda3/envs/rootpy/bin/../lib/gcc/x86_64-conda-linux-gnu/10.4.0/include-fixed]
  ignore line: [ /opt/anaconda3/envs/rootpy/bin/../lib/gcc/x86_64-conda-linux-gnu/10.4.0/../../../../x86_64-conda-linux-gnu/include]
  ignore line: [ /opt/anaconda3/envs/rootpy/bin/../x86_64-conda-linux-gnu/sysroot/usr/include]
  ignore line: [End of search list.]
  ignore line: [GNU C17 (conda-forge gcc 10.4.0-19) version 10.4.0 (x86_64-conda-linux-gnu)]
  ignore line: [	compiled by GNU C version 10.4.0  GMP version 6.1.0  MPFR version 3.1.6  MPC version 1.0.3  isl version isl-0.18-GMP]
  ignore line: []
  ignore line: [GGC heuristics: --param ggc-min-expand=100 --param ggc-min-heapsize=131072]
  ignore line: [Compiler executable checksum: 261c333cfb634f8a42c0ca2a8624ba40]
  ignore line: [COMPILER_PATH=/opt/anaconda3/envs/rootpy/bin/../libexec/gcc/x86_64-conda-linux-gnu/10.4.0/:/opt/anaconda3/envs/rootpy/bin/../libexec/gcc/:/opt/anaconda3/envs/rootpy/bin/../lib/gcc/x86_64-conda-linux-gnu/10.4.0/../../../../x86_64-conda-linux-gnu/bin/]
  ignore line: [LIBRARY_PATH=/opt/anaconda3/envs/rootpy/bin/../lib/gcc/x86_64-conda-linux-gnu/10.4.0/:/opt/anaconda3/envs/rootpy/bin/../lib/gcc/:/opt/anaconda3/envs/rootpy/bin/../lib/gcc/x86_64-conda-linux-gnu/10.4.0/../../../../x86_64-conda-linux-gnu/lib/../lib/:/opt/anaconda3/envs/rootpy/bin/../lib/gcc/x86_64-conda-linux-gnu/10.4.0/../../../../lib/:/opt/anaconda3/envs/rootpy/bin/../x86_64-conda-linux-gnu/sysroot/lib/../lib/:/opt/anaconda3/envs/rootpy/bin/../x86_64-conda-linux-gnu/sysroot/usr/lib/../lib/:/opt/anaconda3/envs/rootpy/bin/../lib/gcc/x86_64-conda-linux-gnu/10.4.0/../../../../x86_64-conda-linux-gnu/lib/:/opt/anaconda3/envs/rootpy/bin/../lib/gcc/x86_64-conda-linux-gnu/10.4.0/../../../:/opt/anaconda3/envs/rootpy/bin/../x86_64-conda-linux-gnu/sysroot/lib/:/opt/anaconda3/envs/rootpy/bin/../x86_64-conda-linux-gnu/sysroot/usr/lib/]
  ignore line: [COLLECT_GCC_OPTIONS='-march=nocona' '-mtune=haswell' '-ftree-vectorize' '-fPIC' '-fstack-protector-strong' '-fno-plt' '-O2' '-ffunction-sections' '-pipe' '-isystem' '/opt/anaconda3/envs/rootpy/include' '-v' '-o' 'CMakeFiles/cmTC_91bbe.dir/CMakeCCompilerABI.c.o' '-c']
  ignore line: [Linking C executable cmTC_91bbe]
  ignore line: [/usr/local/bin/cmake -E cmake_link_script CMakeFiles/cmTC_91bbe.dir/link.txt --verbose=1]
  ignore line: [/opt/anaconda3/envs/rootpy/bin/x86_64-conda-linux-gnu-cc -march=nocona -mtune=haswell -ftree-vectorize -fPIC -fstack-protector-strong -fno-plt -O2 -ffunction-sections -pipe -isystem /opt/anaconda3/envs/rootpy/include  -Wl -O2 -Wl --sort-common -Wl --as-needed -Wl -z relro -Wl -z now -Wl --disable-new-dtags -Wl --gc-sections -Wl --allow-shlib-undefined -Wl -rpath /opt/anaconda3/envs/rootpy/lib -Wl -rpath-link /opt/anaconda3/envs/rootpy/lib -L/opt/anaconda3/envs/rootpy/lib -v CMakeFiles/cmTC_91bbe.dir/CMakeCCompilerABI.c.o -o cmTC_91bbe ]
  ignore line: [Reading specs from /opt/anaconda3/envs/rootpy/bin/../lib/gcc/x86_64-conda-linux-gnu/10.4.0/specs]
  ignore line: [could not find specs file conda.specs]
  ignore line: [COLLECT_GCC=/opt/anaconda3/envs/rootpy/bin/x86_64-conda-linux-gnu-cc]
  ignore line: [COLLECT_LTO_WRAPPER=/opt/anaconda3/envs/rootpy/bin/../libexec/gcc/x86_64-conda-linux-gnu/10.4.0/lto-wrapper]
  ignore line: [Target: x86_64-conda-linux-gnu]
  ignore line: [Configured with: ../configure --prefix=/home/conda/feedstock_root/build_artifacts/gcc_compilers_1666516817544/_h_env_placehold_placehold_placehold_placehold_placehold_placehold_placehold_placehold_placehold_placehold_placehold_placehold_placehold_placehold_placehold_placehold_placehold_placeho --with-slibdir=/home/conda/feedstock_root/build_artifacts/gcc_compilers_1666516817544/_h_env_placehold_placehold_placehold_placehold_placehold_placehold_placehold_placehold_placehold_placehold_placehold_placehold_placehold_placehold_placehold_placehold_placehold_placeho/lib --libdir=/home/conda/feedstock_root/build_artifacts/gcc_compilers_1666516817544/_h_env_placehold_placehold_placehold_placehold_placehold_placehold_placehold_placehold_placehold_placehold_placehold_placehold_placehold_placehold_placehold_placehold_placehold_placeho/lib --mandir=/home/conda/feedstock_root/build_artifacts/gcc_compilers_1666516817544/_h_env_placehold_placehold_placehold_placehold_placehold_placehold_placehold_placehold_placehold_placehold_placehold_placehold_placehold_placehold_placehold_placehold_placehold_placeho/man --build=x86_64-conda-linux-gnu --host=x86_64-conda-linux-gnu --target=x86_64-conda-linux-gnu --enable-default-pie --enable-languages=c c++ fortran objc obj-c++ --enable-__cxa_atexit --disable-libmudflap --enable-libgomp --disable-libssp --enable-libquadmath --enable-libquadmath-support --enable-libsanitizer --enable-lto --enable-threads=posix --enable-target-optspace --enable-plugin --enable-gold --disable-nls --disable-bootstrap --disable-multilib --enable-long-long --with-sysroot=/home/conda/feedstock_root/build_artifacts/gcc_compilers_1666516817544/_h_env_placehold_placehold_placehold_placehold_placehold_placehold_placehold_placehold_placehold_placehold_placehold_placehold_placehold_placehold_placehold_placehold_placehold_placeho/x86_64-conda-linux-gnu/sysroot --with-build-sysroot=/home/conda/feedstock_root/build_artifacts/gcc_compilers_1666516817544/_build_env/x86_64-conda-linux-gnu/sysroot --with-gxx-include-dir=/home/conda/feedstock_root/build_artifacts/gcc_compilers_1666516817544/_h_env_placehold_placehold_placehold_placehold_placehold_placehold_placehold_placehold_placehold_placehold_placehold_placehold_placehold_placehold_placehold_placehold_placehold_placeho/x86_64-conda-linux-gnu/include/c++/10.4.0 --with-pkgversion='conda-forge gcc 10.4.0-19' --with-bugurl=https://github.com/conda-forge/ctng-compilers-feedstock/issues/new/choose]
  ignore line: [Thread model: posix]
  ignore line: [Supported LTO compression algorithms: zlib]
  ignore line: [gcc version 10.4.0 (conda-forge gcc 10.4.0-19) ]
  ignore line: [COMPILER_PATH=/opt/anaconda3/envs/rootpy/bin/../libexec/gcc/x86_64-conda-linux-gnu/10.4.0/:/opt/anaconda3/envs/rootpy/bin/../libexec/gcc/:/opt/anaconda3/envs/rootpy/bin/../lib/gcc/x86_64-conda-linux-gnu/10.4.0/../../../../x86_64-conda-linux-gnu/bin/]
  ignore line: [LIBRARY_PATH=/opt/anaconda3/envs/rootpy/bin/../lib/gcc/x86_64-conda-linux-gnu/10.4.0/:/opt/anaconda3/envs/rootpy/bin/../lib/gcc/:/opt/anaconda3/envs/rootpy/bin/../lib/gcc/x86_64-conda-linux-gnu/10.4.0/../../../../x86_64-conda-linux-gnu/lib/../lib/:/opt/anaconda3/envs/rootpy/bin/../lib/gcc/x86_64-conda-linux-gnu/10.4.0/../../../../lib/:/opt/anaconda3/envs/rootpy/bin/../x86_64-conda-linux-gnu/sysroot/lib/../lib/:/opt/anaconda3/envs/rootpy/bin/../x86_64-conda-linux-gnu/sysroot/usr/lib/../lib/:/opt/anaconda3/envs/rootpy/bin/../lib/gcc/x86_64-conda-linux-gnu/10.4.0/../../../../x86_64-conda-linux-gnu/lib/:/opt/anaconda3/envs/rootpy/bin/../lib/gcc/x86_64-conda-linux-gnu/10.4.0/../../../:/opt/anaconda3/envs/rootpy/bin/../x86_64-conda-linux-gnu/sysroot/lib/:/opt/anaconda3/envs/rootpy/bin/../x86_64-conda-linux-gnu/sysroot/usr/lib/]
  ignore line: [COLLECT_GCC_OPTIONS='-march=nocona' '-mtune=haswell' '-ftree-vectorize' '-fPIC' '-fstack-protector-strong' '-fno-plt' '-O2' '-ffunction-sections' '-pipe' '-isystem' '/opt/anaconda3/envs/rootpy/include' '-L/opt/anaconda3/envs/rootpy/lib' '-v' '-o' 'cmTC_91bbe']
  link line: [ /opt/anaconda3/envs/rootpy/bin/../libexec/gcc/x86_64-conda-linux-gnu/10.4.0/collect2 -plugin /opt/anaconda3/envs/rootpy/bin/../libexec/gcc/x86_64-conda-linux-gnu/10.4.0/liblto_plugin.so -plugin-opt=/opt/anaconda3/envs/rootpy/bin/../libexec/gcc/x86_64-conda-linux-gnu/10.4.0/lto-wrapper -plugin-opt=-fresolution=/tmp/ccdmLb37.res -plugin-opt=-pass-through=-lgcc -plugin-opt=-pass-through=-lgcc_s -plugin-opt=-pass-through=-lc -plugin-opt=-pass-through=-lgcc -plugin-opt=-pass-through=-lgcc_s --sysroot=/opt/anaconda3/envs/rootpy/bin/../x86_64-conda-linux-gnu/sysroot --eh-frame-hdr -m elf_x86_64 -dynamic-linker /lib64/ld-linux-x86-64.so.2 -pie -o cmTC_91bbe /opt/anaconda3/envs/rootpy/bin/../x86_64-conda-linux-gnu/sysroot/usr/lib/../lib/Scrt1.o /opt/anaconda3/envs/rootpy/bin/../x86_64-conda-linux-gnu/sysroot/usr/lib/../lib/crti.o /opt/anaconda3/envs/rootpy/bin/../lib/gcc/x86_64-conda-linux-gnu/10.4.0/crtbeginS.o -L/opt/anaconda3/envs/rootpy/lib -L/opt/anaconda3/envs/rootpy/bin/../lib/gcc/x86_64-conda-linux-gnu/10.4.0 -L/opt/anaconda3/envs/rootpy/bin/../lib/gcc -L/opt/anaconda3/envs/rootpy/bin/../lib/gcc/x86_64-conda-linux-gnu/10.4.0/../../../../x86_64-conda-linux-gnu/lib/../lib -L/opt/anaconda3/envs/rootpy/bin/../lib/gcc/x86_64-conda-linux-gnu/10.4.0/../../../../lib -L/opt/anaconda3/envs/rootpy/bin/../x86_64-conda-linux-gnu/sysroot/lib/../lib -L/opt/anaconda3/envs/rootpy/bin/../x86_64-conda-linux-gnu/sysroot/usr/lib/../lib -L/opt/anaconda3/envs/rootpy/bin/../lib/gcc/x86_64-conda-linux-gnu/10.4.0/../../../../x86_64-conda-linux-gnu/lib -L/opt/anaconda3/envs/rootpy/bin/../lib/gcc/x86_64-conda-linux-gnu/10.4.0/../../.. -L/opt/anaconda3/envs/rootpy/bin/../x86_64-conda-linux-gnu/sysroot/lib -L/opt/anaconda3/envs/rootpy/bin/../x86_64-conda-linux-gnu/sysroot/usr/lib -O2 --sort-common --as-needed -z relro -z now --disable-new-dtags --gc-sections --allow-shlib-undefined -rpath /opt/anaconda3/envs/rootpy/lib -rpath-link /opt/anaconda3/envs/rootpy/lib CMakeFiles/cmTC_91bbe.dir/CMakeCCompilerABI.c.o -lgcc --push-state --as-needed -lgcc_s --pop-state -lc -lgcc --push-state --as-needed -lgcc_s --pop-state /opt/anaconda3/envs/rootpy/bin/../lib/gcc/x86_64-conda-linux-gnu/10.4.0/crtendS.o /opt/anaconda3/envs/rootpy/bin/../x86_64-conda-linux-gnu/sysroot/usr/lib/../lib/crtn.o -rpath /opt/anaconda3/envs/rootpy/lib]
    arg [/opt/anaconda3/envs/rootpy/bin/../libexec/gcc/x86_64-conda-linux-gnu/10.4.0/collect2] ==> ignore
    arg [-plugin] ==> ignore
    arg [/opt/anaconda3/envs/rootpy/bin/../libexec/gcc/x86_64-conda-linux-gnu/10.4.0/liblto_plugin.so] ==> ignore
    arg [-plugin-opt=/opt/anaconda3/envs/rootpy/bin/../libexec/gcc/x86_64-conda-linux-gnu/10.4.0/lto-wrapper] ==> ignore
    arg [-plugin-opt=-fresolution=/tmp/ccdmLb37.res] ==> ignore
    arg [-plugin-opt=-pass-through=-lgcc] ==> ignore
    arg [-plugin-opt=-pass-through=-lgcc_s] ==> ignore
    arg [-plugin-opt=-pass-through=-lc] ==> ignore
    arg [-plugin-opt=-pass-through=-lgcc] ==> ignore
    arg [-plugin-opt=-pass-through=-lgcc_s] ==> ignore
    arg [--sysroot=/opt/anaconda3/envs/rootpy/bin/../x86_64-conda-linux-gnu/sysroot] ==> ignore
    arg [--eh-frame-hdr] ==> ignore
    arg [-m] ==> ignore
    arg [elf_x86_64] ==> ignore
    arg [-dynamic-linker] ==> ignore
    arg [/lib64/ld-linux-x86-64.so.2] ==> ignore
    arg [-pie] ==> ignore
    arg [-o] ==> ignore
    arg [cmTC_91bbe] ==> ignore
    arg [/opt/anaconda3/envs/rootpy/bin/../x86_64-conda-linux-gnu/sysroot/usr/lib/../lib/Scrt1.o] ==> obj [/opt/anaconda3/envs/rootpy/bin/../x86_64-conda-linux-gnu/sysroot/usr/lib/../lib/Scrt1.o]
    arg [/opt/anaconda3/envs/rootpy/bin/../x86_64-conda-linux-gnu/sysroot/usr/lib/../lib/crti.o] ==> obj [/opt/anaconda3/envs/rootpy/bin/../x86_64-conda-linux-gnu/sysroot/usr/lib/../lib/crti.o]
    arg [/opt/anaconda3/envs/rootpy/bin/../lib/gcc/x86_64-conda-linux-gnu/10.4.0/crtbeginS.o] ==> obj [/opt/anaconda3/envs/rootpy/bin/../lib/gcc/x86_64-conda-linux-gnu/10.4.0/crtbeginS.o]
    arg [-L/opt/anaconda3/envs/rootpy/lib] ==> dir [/opt/anaconda3/envs/rootpy/lib]
    arg [-L/opt/anaconda3/envs/rootpy/bin/../lib/gcc/x86_64-conda-linux-gnu/10.4.0] ==> dir [/opt/anaconda3/envs/rootpy/bin/../lib/gcc/x86_64-conda-linux-gnu/10.4.0]
    arg [-L/opt/anaconda3/envs/rootpy/bin/../lib/gcc] ==> dir [/opt/anaconda3/envs/rootpy/bin/../lib/gcc]
    arg [-L/opt/anaconda3/envs/rootpy/bin/../lib/gcc/x86_64-conda-linux-gnu/10.4.0/../../../../x86_64-conda-linux-gnu/lib/../lib] ==> dir [/opt/anaconda3/envs/rootpy/bin/../lib/gcc/x86_64-conda-linux-gnu/10.4.0/../../../../x86_64-conda-linux-gnu/lib/../lib]
    arg [-L/opt/anaconda3/envs/rootpy/bin/../lib/gcc/x86_64-conda-linux-gnu/10.4.0/../../../../lib] ==> dir [/opt/anaconda3/envs/rootpy/bin/../lib/gcc/x86_64-conda-linux-gnu/10.4.0/../../../../lib]
    arg [-L/opt/anaconda3/envs/rootpy/bin/../x86_64-conda-linux-gnu/sysroot/lib/../lib] ==> dir [/opt/anaconda3/envs/rootpy/bin/../x86_64-conda-linux-gnu/sysroot/lib/../lib]
    arg [-L/opt/anaconda3/envs/rootpy/bin/../x86_64-conda-linux-gnu/sysroot/usr/lib/../lib] ==> dir [/opt/anaconda3/envs/rootpy/bin/../x86_64-conda-linux-gnu/sysroot/usr/lib/../lib]
    arg [-L/opt/anaconda3/envs/rootpy/bin/../lib/gcc/x86_64-conda-linux-gnu/10.4.0/../../../../x86_64-conda-linux-gnu/lib] ==> dir [/opt/anaconda3/envs/rootpy/bin/../lib/gcc/x86_64-conda-linux-gnu/10.4.0/../../../../x86_64-conda-linux-gnu/lib]
    arg [-L/opt/anaconda3/envs/rootpy/bin/../lib/gcc/x86_64-conda-linux-gnu/10.4.0/../../..] ==> dir [/opt/anaconda3/envs/rootpy/bin/../lib/gcc/x86_64-conda-linux-gnu/10.4.0/../../..]
    arg [-L/opt/anaconda3/envs/rootpy/bin/../x86_64-conda-linux-gnu/sysroot/lib] ==> dir [/opt/anaconda3/envs/rootpy/bin/../x86_64-conda-linux-gnu/sysroot/lib]
    arg [-L/opt/anaconda3/envs/rootpy/bin/../x86_64-conda-linux-gnu/sysroot/usr/lib] ==> dir [/opt/anaconda3/envs/rootpy/bin/../x86_64-conda-linux-gnu/sysroot/usr/lib]
    arg [-O2] ==> ignore
    arg [--sort-common] ==> ignore
    arg [--as-needed] ==> ignore
    arg [-zrelro] ==> ignore
    arg [-znow] ==> ignore
    arg [--disable-new-dtags] ==> ignore
    arg [--gc-sections] ==> ignore
    arg [--allow-shlib-undefined] ==> ignore
    arg [-rpath] ==> ignore
    arg [/opt/anaconda3/envs/rootpy/lib] ==> ignore
    arg [-rpath-link] ==> ignore
    arg [/opt/anaconda3/envs/rootpy/lib] ==> ignore
    arg [CMakeFiles/cmTC_91bbe.dir/CMakeCCompilerABI.c.o] ==> ignore
    arg [-lgcc] ==> lib [gcc]
    arg [--push-state] ==> ignore
    arg [--as-needed] ==> ignore
    arg [-lgcc_s] ==> lib [gcc_s]
    arg [--pop-state] ==> ignore
    arg [-lc] ==> lib [c]
    arg [-lgcc] ==> lib [gcc]
    arg [--push-state] ==> ignore
    arg [--as-needed] ==> ignore
    arg [-lgcc_s] ==> lib [gcc_s]
    arg [--pop-state] ==> ignore
    arg [/opt/anaconda3/envs/rootpy/bin/../lib/gcc/x86_64-conda-linux-gnu/10.4.0/crtendS.o] ==> obj [/opt/anaconda3/envs/rootpy/bin/../lib/gcc/x86_64-conda-linux-gnu/10.4.0/crtendS.o]
    arg [/opt/anaconda3/envs/rootpy/bin/../x86_64-conda-linux-gnu/sysroot/usr/lib/../lib/crtn.o] ==> obj [/opt/anaconda3/envs/rootpy/bin/../x86_64-conda-linux-gnu/sysroot/usr/lib/../lib/crtn.o]
    arg [-rpath] ==> ignore
    arg [/opt/anaconda3/envs/rootpy/lib] ==> ignore
  collapse obj [/opt/anaconda3/envs/rootpy/bin/../x86_64-conda-linux-gnu/sysroot/usr/lib/../lib/Scrt1.o] ==> [/opt/anaconda3/envs/rootpy/x86_64-conda-linux-gnu/sysroot/usr/lib/Scrt1.o]
  collapse obj [/opt/anaconda3/envs/rootpy/bin/../x86_64-conda-linux-gnu/sysroot/usr/lib/../lib/crti.o] ==> [/opt/anaconda3/envs/rootpy/x86_64-conda-linux-gnu/sysroot/usr/lib/crti.o]
  collapse obj [/opt/anaconda3/envs/rootpy/bin/../lib/gcc/x86_64-conda-linux-gnu/10.4.0/crtbeginS.o] ==> [/opt/anaconda3/envs/rootpy/lib/gcc/x86_64-conda-linux-gnu/10.4.0/crtbeginS.o]
  collapse obj [/opt/anaconda3/envs/rootpy/bin/../lib/gcc/x86_64-conda-linux-gnu/10.4.0/crtendS.o] ==> [/opt/anaconda3/envs/rootpy/lib/gcc/x86_64-conda-linux-gnu/10.4.0/crtendS.o]
  collapse obj [/opt/anaconda3/envs/rootpy/bin/../x86_64-conda-linux-gnu/sysroot/usr/lib/../lib/crtn.o] ==> [/opt/anaconda3/envs/rootpy/x86_64-conda-linux-gnu/sysroot/usr/lib/crtn.o]
  collapse library dir [/opt/anaconda3/envs/rootpy/lib] ==> [/opt/anaconda3/envs/rootpy/lib]
  collapse library dir [/opt/anaconda3/envs/rootpy/bin/../lib/gcc/x86_64-conda-linux-gnu/10.4.0] ==> [/opt/anaconda3/envs/rootpy/lib/gcc/x86_64-conda-linux-gnu/10.4.0]
  collapse library dir [/opt/anaconda3/envs/rootpy/bin/../lib/gcc] ==> [/opt/anaconda3/envs/rootpy/lib/gcc]
  collapse library dir [/opt/anaconda3/envs/rootpy/bin/../lib/gcc/x86_64-conda-linux-gnu/10.4.0/../../../../x86_64-conda-linux-gnu/lib/../lib] ==> [/opt/anaconda3/envs/rootpy/x86_64-conda-linux-gnu/lib]
  collapse library dir [/opt/anaconda3/envs/rootpy/bin/../lib/gcc/x86_64-conda-linux-gnu/10.4.0/../../../../lib] ==> [/opt/anaconda3/envs/rootpy/lib]
  collapse library dir [/opt/anaconda3/envs/rootpy/bin/../x86_64-conda-linux-gnu/sysroot/lib/../lib] ==> [/opt/anaconda3/envs/rootpy/x86_64-conda-linux-gnu/sysroot/lib]
  collapse library dir [/opt/anaconda3/envs/rootpy/bin/../x86_64-conda-linux-gnu/sysroot/usr/lib/../lib] ==> [/opt/anaconda3/envs/rootpy/x86_64-conda-linux-gnu/sysroot/usr/lib]
  collapse library dir [/opt/anaconda3/envs/rootpy/bin/../lib/gcc/x86_64-conda-linux-gnu/10.4.0/../../../../x86_64-conda-linux-gnu/lib] ==> [/opt/anaconda3/envs/rootpy/x86_64-conda-linux-gnu/lib]
  collapse library dir [/opt/anaconda3/envs/rootpy/bin/../lib/gcc/x86_64-conda-linux-gnu/10.4.0/../../..] ==> [/opt/anaconda3/envs/rootpy/lib]
  collapse library dir [/opt/anaconda3/envs/rootpy/bin/../x86_64-conda-linux-gnu/sysroot/lib] ==> [/opt/anaconda3/envs/rootpy/x86_64-conda-linux-gnu/sysroot/lib]
  collapse library dir [/opt/anaconda3/envs/rootpy/bin/../x86_64-conda-linux-gnu/sysroot/usr/lib] ==> [/opt/anaconda3/envs/rootpy/x86_64-conda-linux-gnu/sysroot/usr/lib]
  implicit libs: [gcc;gcc_s;c;gcc;gcc_s]
  implicit objs: [/opt/anaconda3/envs/rootpy/x86_64-conda-linux-gnu/sysroot/usr/lib/Scrt1.o;/opt/anaconda3/envs/rootpy/x86_64-conda-linux-gnu/sysroot/usr/lib/crti.o;/opt/anaconda3/envs/rootpy/lib/gcc/x86_64-conda-linux-gnu/10.4.0/crtbeginS.o;/opt/anaconda3/envs/rootpy/lib/gcc/x86_64-conda-linux-gnu/10.4.0/crtendS.o;/opt/anaconda3/envs/rootpy/x86_64-conda-linux-gnu/sysroot/usr/lib/crtn.o]
  implicit dirs: [/opt/anaconda3/envs/rootpy/lib;/opt/anaconda3/envs/rootpy/lib/gcc/x86_64-conda-linux-gnu/10.4.0;/opt/anaconda3/envs/rootpy/lib/gcc;/opt/anaconda3/envs/rootpy/x86_64-conda-linux-gnu/lib;/opt/anaconda3/envs/rootpy/x86_64-conda-linux-gnu/sysroot/lib;/opt/anaconda3/envs/rootpy/x86_64-conda-linux-gnu/sysroot/usr/lib]
  implicit fwks: []


Detecting CXX compiler ABI info compiled with the following output:
Change Dir: /home/cdesio/TAT/tat_simu_2steps/simulation/build/CMakeFiles/CMakeTmp

Run Build Command(s):/usr/bin/gmake -f Makefile cmTC_e9ea4/fast && /usr/bin/gmake  -f CMakeFiles/cmTC_e9ea4.dir/build.make CMakeFiles/cmTC_e9ea4.dir/build
gmake[1]: Entering directory `/home/cdesio/TAT/tat_simu_2steps/simulation/build/CMakeFiles/CMakeTmp'
Building CXX object CMakeFiles/cmTC_e9ea4.dir/CMakeCXXCompilerABI.cpp.o
/opt/anaconda3/envs/rootpy/bin/x86_64-conda-linux-gnu-c++   -fvisibility-inlines-hidden -std=c++17 -fmessage-length=0 -march=nocona -mtune=haswell -ftree-vectorize -fPIC -fstack-protector-strong -fno-plt -O2 -ffunction-sections -pipe -isystem /opt/anaconda3/envs/rootpy/include    -v -o CMakeFiles/cmTC_e9ea4.dir/CMakeCXXCompilerABI.cpp.o -c /usr/local/share/cmake-3.22/Modules/CMakeCXXCompilerABI.cpp
Reading specs from /opt/anaconda3/envs/rootpy/bin/../lib/gcc/x86_64-conda-linux-gnu/10.4.0/specs
could not find specs file conda.specs
COLLECT_GCC=/opt/anaconda3/envs/rootpy/bin/x86_64-conda-linux-gnu-c++
Target: x86_64-conda-linux-gnu
Configured with: ../configure --prefix=/home/conda/feedstock_root/build_artifacts/gcc_compilers_1666516817544/_h_env_placehold_placehold_placehold_placehold_placehold_placehold_placehold_placehold_placehold_placehold_placehold_placehold_placehold_placehold_placehold_placehold_placehold_placeho --with-slibdir=/home/conda/feedstock_root/build_artifacts/gcc_compilers_1666516817544/_h_env_placehold_placehold_placehold_placehold_placehold_placehold_placehold_placehold_placehold_placehold_placehold_placehold_placehold_placehold_placehold_placehold_placehold_placeho/lib --libdir=/home/conda/feedstock_root/build_artifacts/gcc_compilers_1666516817544/_h_env_placehold_placehold_placehold_placehold_placehold_placehold_placehold_placehold_placehold_placehold_placehold_placehold_placehold_placehold_placehold_placehold_placehold_placeho/lib --mandir=/home/conda/feedstock_root/build_artifacts/gcc_compilers_1666516817544/_h_env_placehold_placehold_placehold_placehold_placehold_placehold_placehold_placehold_placehold_placehold_placehold_placehold_placehold_placehold_placehold_placehold_placehold_placeho/man --build=x86_64-conda-linux-gnu --host=x86_64-conda-linux-gnu --target=x86_64-conda-linux-gnu --enable-default-pie --enable-languages=c,c++,fortran,objc,obj-c++ --enable-__cxa_atexit --disable-libmudflap --enable-libgomp --disable-libssp --enable-libquadmath --enable-libquadmath-support --enable-libsanitizer --enable-lto --enable-threads=posix --enable-target-optspace --enable-plugin --enable-gold --disable-nls --disable-bootstrap --disable-multilib --enable-long-long --with-sysroot=/home/conda/feedstock_root/build_artifacts/gcc_compilers_1666516817544/_h_env_placehold_placehold_placehold_placehold_placehold_placehold_placehold_placehold_placehold_placehold_placehold_placehold_placehold_placehold_placehold_placehold_placehold_placeho/x86_64-conda-linux-gnu/sysroot --with-build-sysroot=/home/conda/feedstock_root/build_artifacts/gcc_compilers_1666516817544/_build_env/x86_64-conda-linux-gnu/sysroot --with-gxx-include-dir=/home/conda/feedstock_root/build_artifacts/gcc_compilers_1666516817544/_h_env_placehold_placehold_placehold_placehold_placehold_placehold_placehold_placehold_placehold_placehold_placehold_placehold_placehold_placehold_placehold_placehold_placehold_placeho/x86_64-conda-linux-gnu/include/c++/10.4.0 --with-pkgversion='conda-forge gcc 10.4.0-19' --with-bugurl=https://github.com/conda-forge/ctng-compilers-feedstock/issues/new/choose
Thread model: posix
Supported LTO compression algorithms: zlib
gcc version 10.4.0 (conda-forge gcc 10.4.0-19) 
COLLECT_GCC_OPTIONS='-fvisibility-inlines-hidden' '-std=c++17' '-fmessage-length=0' '-march=nocona' '-mtune=haswell' '-ftree-vectorize' '-fPIC' '-fstack-protector-strong' '-fno-plt' '-O2' '-ffunction-sections' '-pipe' '-isystem' '/opt/anaconda3/envs/rootpy/include' '-v' '-o' 'CMakeFiles/cmTC_e9ea4.dir/CMakeCXXCompilerABI.cpp.o' '-c' '-shared-libgcc'
 /opt/anaconda3/envs/rootpy/bin/../libexec/gcc/x86_64-conda-linux-gnu/10.4.0/cc1plus -quiet -v -iprefix /opt/anaconda3/envs/rootpy/bin/../lib/gcc/x86_64-conda-linux-gnu/10.4.0/ -isysroot /opt/anaconda3/envs/rootpy/bin/../x86_64-conda-linux-gnu/sysroot -D_GNU_SOURCE -isystem /opt/anaconda3/envs/rootpy/include /usr/local/share/cmake-3.22/Modules/CMakeCXXCompilerABI.cpp -quiet -dumpbase CMakeCXXCompilerABI.cpp -march=nocona -mtune=haswell -auxbase-strip CMakeFiles/cmTC_e9ea4.dir/CMakeCXXCompilerABI.cpp.o -O2 -std=c++17 -version -fvisibility-inlines-hidden -fmessage-length=0 -ftree-vectorize -fPIC -fstack-protector-strong -fno-plt -ffunction-sections -o - |
 /opt/anaconda3/envs/rootpy/bin/../lib/gcc/x86_64-conda-linux-gnu/10.4.0/../../../../x86_64-conda-linux-gnu/bin/as -v --64 -o CMakeFiles/cmTC_e9ea4.dir/CMakeCXXCompilerABI.cpp.o
GNU assembler version 2.39 (x86_64-conda-linux-gnu) using BFD version (GNU Binutils) 2.39
GNU C++17 (conda-forge gcc 10.4.0-19) version 10.4.0 (x86_64-conda-linux-gnu)
	compiled by GNU C version 10.4.0, GMP version 6.1.0, MPFR version 3.1.6, MPC version 1.0.3, isl version isl-0.18-GMP

GGC heuristics: --param ggc-min-expand=100 --param ggc-min-heapsize=131072
ignoring duplicate directory "/opt/anaconda3/envs/rootpy/bin/../lib/gcc/../../lib/gcc/x86_64-conda-linux-gnu/10.4.0/include"
ignoring nonexistent directory "/opt/anaconda3/envs/rootpy/bin/../x86_64-conda-linux-gnu/sysroot/usr/local/include"
ignoring duplicate directory "/opt/anaconda3/envs/rootpy/bin/../lib/gcc/../../lib/gcc/x86_64-conda-linux-gnu/10.4.0/include-fixed"
ignoring duplicate directory "/opt/anaconda3/envs/rootpy/bin/../lib/gcc/../../lib/gcc/x86_64-conda-linux-gnu/10.4.0/../../../../x86_64-conda-linux-gnu/include"
#include "..." search starts here:
#include <...> search starts here:
 /opt/anaconda3/envs/rootpy/include
 /opt/anaconda3/envs/rootpy/bin/../lib/gcc/x86_64-conda-linux-gnu/10.4.0/include
 /opt/anaconda3/envs/rootpy/bin/../lib/gcc/x86_64-conda-linux-gnu/10.4.0/include-fixed
 /opt/anaconda3/envs/rootpy/bin/../lib/gcc/x86_64-conda-linux-gnu/10.4.0/../../../../x86_64-conda-linux-gnu/include
 /opt/anaconda3/envs/rootpy/bin/../lib/gcc/../../x86_64-conda-linux-gnu/include/c++/10.4.0
 /opt/anaconda3/envs/rootpy/bin/../lib/gcc/../../x86_64-conda-linux-gnu/include/c++/10.4.0/x86_64-conda-linux-gnu
 /opt/anaconda3/envs/rootpy/bin/../lib/gcc/../../x86_64-conda-linux-gnu/include/c++/10.4.0/backward
 /opt/anaconda3/envs/rootpy/bin/../x86_64-conda-linux-gnu/sysroot/usr/include
End of search list.
GNU C++17 (conda-forge gcc 10.4.0-19) version 10.4.0 (x86_64-conda-linux-gnu)
	compiled by GNU C version 10.4.0, GMP version 6.1.0, MPFR version 3.1.6, MPC version 1.0.3, isl version isl-0.18-GMP

GGC heuristics: --param ggc-min-expand=100 --param ggc-min-heapsize=131072
Compiler executable checksum: 0fca5b8e4fb11ad6149b2d89dd596e0c
COMPILER_PATH=/opt/anaconda3/envs/rootpy/bin/../libexec/gcc/x86_64-conda-linux-gnu/10.4.0/:/opt/anaconda3/envs/rootpy/bin/../libexec/gcc/:/opt/anaconda3/envs/rootpy/bin/../lib/gcc/x86_64-conda-linux-gnu/10.4.0/../../../../x86_64-conda-linux-gnu/bin/
LIBRARY_PATH=/opt/anaconda3/envs/rootpy/bin/../lib/gcc/x86_64-conda-linux-gnu/10.4.0/:/opt/anaconda3/envs/rootpy/bin/../lib/gcc/:/opt/anaconda3/envs/rootpy/bin/../lib/gcc/x86_64-conda-linux-gnu/10.4.0/../../../../x86_64-conda-linux-gnu/lib/../lib/:/opt/anaconda3/envs/rootpy/bin/../lib/gcc/x86_64-conda-linux-gnu/10.4.0/../../../../lib/:/opt/anaconda3/envs/rootpy/bin/../x86_64-conda-linux-gnu/sysroot/lib/../lib/:/opt/anaconda3/envs/rootpy/bin/../x86_64-conda-linux-gnu/sysroot/usr/lib/../lib/:/opt/anaconda3/envs/rootpy/bin/../lib/gcc/x86_64-conda-linux-gnu/10.4.0/../../../../x86_64-conda-linux-gnu/lib/:/opt/anaconda3/envs/rootpy/bin/../lib/gcc/x86_64-conda-linux-gnu/10.4.0/../../../:/opt/anaconda3/envs/rootpy/bin/../x86_64-conda-linux-gnu/sysroot/lib/:/opt/anaconda3/envs/rootpy/bin/../x86_64-conda-linux-gnu/sysroot/usr/lib/
COLLECT_GCC_OPTIONS='-fvisibility-inlines-hidden' '-std=c++17' '-fmessage-length=0' '-march=nocona' '-mtune=haswell' '-ftree-vectorize' '-fPIC' '-fstack-protector-strong' '-fno-plt' '-O2' '-ffunction-sections' '-pipe' '-isystem' '/opt/anaconda3/envs/rootpy/include' '-v' '-o' 'CMakeFiles/cmTC_e9ea4.dir/CMakeCXXCompilerABI.cpp.o' '-c' '-shared-libgcc'
Linking CXX executable cmTC_e9ea4
/usr/local/bin/cmake -E cmake_link_script CMakeFiles/cmTC_e9ea4.dir/link.txt --verbose=1
/opt/anaconda3/envs/rootpy/bin/x86_64-conda-linux-gnu-c++ -fvisibility-inlines-hidden -std=c++17 -fmessage-length=0 -march=nocona -mtune=haswell -ftree-vectorize -fPIC -fstack-protector-strong -fno-plt -O2 -ffunction-sections -pipe -isystem /opt/anaconda3/envs/rootpy/include  -Wl,-O2 -Wl,--sort-common -Wl,--as-needed -Wl,-z,relro -Wl,-z,now -Wl,--disable-new-dtags -Wl,--gc-sections -Wl,--allow-shlib-undefined -Wl,-rpath,/opt/anaconda3/envs/rootpy/lib -Wl,-rpath-link,/opt/anaconda3/envs/rootpy/lib -L/opt/anaconda3/envs/rootpy/lib -v CMakeFiles/cmTC_e9ea4.dir/CMakeCXXCompilerABI.cpp.o -o cmTC_e9ea4 
Reading specs from /opt/anaconda3/envs/rootpy/bin/../lib/gcc/x86_64-conda-linux-gnu/10.4.0/specs
could not find specs file conda.specs
COLLECT_GCC=/opt/anaconda3/envs/rootpy/bin/x86_64-conda-linux-gnu-c++
COLLECT_LTO_WRAPPER=/opt/anaconda3/envs/rootpy/bin/../libexec/gcc/x86_64-conda-linux-gnu/10.4.0/lto-wrapper
Target: x86_64-conda-linux-gnu
Configured with: ../configure --prefix=/home/conda/feedstock_root/build_artifacts/gcc_compilers_1666516817544/_h_env_placehold_placehold_placehold_placehold_placehold_placehold_placehold_placehold_placehold_placehold_placehold_placehold_placehold_placehold_placehold_placehold_placehold_placeho --with-slibdir=/home/conda/feedstock_root/build_artifacts/gcc_compilers_1666516817544/_h_env_placehold_placehold_placehold_placehold_placehold_placehold_placehold_placehold_placehold_placehold_placehold_placehold_placehold_placehold_placehold_placehold_placehold_placeho/lib --libdir=/home/conda/feedstock_root/build_artifacts/gcc_compilers_1666516817544/_h_env_placehold_placehold_placehold_placehold_placehold_placehold_placehold_placehold_placehold_placehold_placehold_placehold_placehold_placehold_placehold_placehold_placehold_placeho/lib --mandir=/home/conda/feedstock_root/build_artifacts/gcc_compilers_1666516817544/_h_env_placehold_placehold_placehold_placehold_placehold_placehold_placehold_placehold_placehold_placehold_placehold_placehold_placehold_placehold_placehold_placehold_placehold_placeho/man --build=x86_64-conda-linux-gnu --host=x86_64-conda-linux-gnu --target=x86_64-conda-linux-gnu --enable-default-pie --enable-languages=c,c++,fortran,objc,obj-c++ --enable-__cxa_atexit --disable-libmudflap --enable-libgomp --disable-libssp --enable-libquadmath --enable-libquadmath-support --enable-libsanitizer --enable-lto --enable-threads=posix --enable-target-optspace --enable-plugin --enable-gold --disable-nls --disable-bootstrap --disable-multilib --enable-long-long --with-sysroot=/home/conda/feedstock_root/build_artifacts/gcc_compilers_1666516817544/_h_env_placehold_placehold_placehold_placehold_placehold_placehold_placehold_placehold_placehold_placehold_placehold_placehold_placehold_placehold_placehold_placehold_placehold_placeho/x86_64-conda-linux-gnu/sysroot --with-build-sysroot=/home/conda/feedstock_root/build_artifacts/gcc_compilers_1666516817544/_build_env/x86_64-conda-linux-gnu/sysroot --with-gxx-include-dir=/home/conda/feedstock_root/build_artifacts/gcc_compilers_1666516817544/_h_env_placehold_placehold_placehold_placehold_placehold_placehold_placehold_placehold_placehold_placehold_placehold_placehold_placehold_placehold_placehold_placehold_placehold_placeho/x86_64-conda-linux-gnu/include/c++/10.4.0 --with-pkgversion='conda-forge gcc 10.4.0-19' --with-bugurl=https://github.com/conda-forge/ctng-compilers-feedstock/issues/new/choose
Thread model: posix
Supported LTO compression algorithms: zlib
gcc version 10.4.0 (conda-forge gcc 10.4.0-19) 
COMPILER_PATH=/opt/anaconda3/envs/rootpy/bin/../libexec/gcc/x86_64-conda-linux-gnu/10.4.0/:/opt/anaconda3/envs/rootpy/bin/../libexec/gcc/:/opt/anaconda3/envs/rootpy/bin/../lib/gcc/x86_64-conda-linux-gnu/10.4.0/../../../../x86_64-conda-linux-gnu/bin/
LIBRARY_PATH=/opt/anaconda3/envs/rootpy/bin/../lib/gcc/x86_64-conda-linux-gnu/10.4.0/:/opt/anaconda3/envs/rootpy/bin/../lib/gcc/:/opt/anaconda3/envs/rootpy/bin/../lib/gcc/x86_64-conda-linux-gnu/10.4.0/../../../../x86_64-conda-linux-gnu/lib/../lib/:/opt/anaconda3/envs/rootpy/bin/../lib/gcc/x86_64-conda-linux-gnu/10.4.0/../../../../lib/:/opt/anaconda3/envs/rootpy/bin/../x86_64-conda-linux-gnu/sysroot/lib/../lib/:/opt/anaconda3/envs/rootpy/bin/../x86_64-conda-linux-gnu/sysroot/usr/lib/../lib/:/opt/anaconda3/envs/rootpy/bin/../lib/gcc/x86_64-conda-linux-gnu/10.4.0/../../../../x86_64-conda-linux-gnu/lib/:/opt/anaconda3/envs/rootpy/bin/../lib/gcc/x86_64-conda-linux-gnu/10.4.0/../../../:/opt/anaconda3/envs/rootpy/bin/../x86_64-conda-linux-gnu/sysroot/lib/:/opt/anaconda3/envs/rootpy/bin/../x86_64-conda-linux-gnu/sysroot/usr/lib/
COLLECT_GCC_OPTIONS='-fvisibility-inlines-hidden' '-std=c++17' '-fmessage-length=0' '-march=nocona' '-mtune=haswell' '-ftree-vectorize' '-fPIC' '-fstack-protector-strong' '-fno-plt' '-O2' '-ffunction-sections' '-pipe' '-isystem' '/opt/anaconda3/envs/rootpy/include' '-L/opt/anaconda3/envs/rootpy/lib' '-v' '-o' 'cmTC_e9ea4' '-shared-libgcc'
 /opt/anaconda3/envs/rootpy/bin/../libexec/gcc/x86_64-conda-linux-gnu/10.4.0/collect2 -plugin /opt/anaconda3/envs/rootpy/bin/../libexec/gcc/x86_64-conda-linux-gnu/10.4.0/liblto_plugin.so -plugin-opt=/opt/anaconda3/envs/rootpy/bin/../libexec/gcc/x86_64-conda-linux-gnu/10.4.0/lto-wrapper -plugin-opt=-fresolution=/tmp/ccYStFye.res -plugin-opt=-pass-through=-lgcc_s -plugin-opt=-pass-through=-lgcc -plugin-opt=-pass-through=-lc -plugin-opt=-pass-through=-lgcc_s -plugin-opt=-pass-through=-lgcc --sysroot=/opt/anaconda3/envs/rootpy/bin/../x86_64-conda-linux-gnu/sysroot --eh-frame-hdr -m elf_x86_64 -dynamic-linker /lib64/ld-linux-x86-64.so.2 -pie -o cmTC_e9ea4 /opt/anaconda3/envs/rootpy/bin/../x86_64-conda-linux-gnu/sysroot/usr/lib/../lib/Scrt1.o /opt/anaconda3/envs/rootpy/bin/../x86_64-conda-linux-gnu/sysroot/usr/lib/../lib/crti.o /opt/anaconda3/envs/rootpy/bin/../lib/gcc/x86_64-conda-linux-gnu/10.4.0/crtbeginS.o -L/opt/anaconda3/envs/rootpy/lib -L/opt/anaconda3/envs/rootpy/bin/../lib/gcc/x86_64-conda-linux-gnu/10.4.0 -L/opt/anaconda3/envs/rootpy/bin/../lib/gcc -L/opt/anaconda3/envs/rootpy/bin/../lib/gcc/x86_64-conda-linux-gnu/10.4.0/../../../../x86_64-conda-linux-gnu/lib/../lib -L/opt/anaconda3/envs/rootpy/bin/../lib/gcc/x86_64-conda-linux-gnu/10.4.0/../../../../lib -L/opt/anaconda3/envs/rootpy/bin/../x86_64-conda-linux-gnu/sysroot/lib/../lib -L/opt/anaconda3/envs/rootpy/bin/../x86_64-conda-linux-gnu/sysroot/usr/lib/../lib -L/opt/anaconda3/envs/rootpy/bin/../lib/gcc/x86_64-conda-linux-gnu/10.4.0/../../../../x86_64-conda-linux-gnu/lib -L/opt/anaconda3/envs/rootpy/bin/../lib/gcc/x86_64-conda-linux-gnu/10.4.0/../../.. -L/opt/anaconda3/envs/rootpy/bin/../x86_64-conda-linux-gnu/sysroot/lib -L/opt/anaconda3/envs/rootpy/bin/../x86_64-conda-linux-gnu/sysroot/usr/lib -O2 --sort-common --as-needed -z relro -z now --disable-new-dtags --gc-sections --allow-shlib-undefined -rpath /opt/anaconda3/envs/rootpy/lib -rpath-link /opt/anaconda3/envs/rootpy/lib CMakeFiles/cmTC_e9ea4.dir/CMakeCXXCompilerABI.cpp.o -lstdc++ -lm -lgcc_s -lgcc -lc -lgcc_s -lgcc /opt/anaconda3/envs/rootpy/bin/../lib/gcc/x86_64-conda-linux-gnu/10.4.0/crtendS.o /opt/anaconda3/envs/rootpy/bin/../x86_64-conda-linux-gnu/sysroot/usr/lib/../lib/crtn.o -rpath /opt/anaconda3/envs/rootpy/lib
COLLECT_GCC_OPTIONS='-fvisibility-inlines-hidden' '-std=c++17' '-fmessage-length=0' '-march=nocona' '-mtune=haswell' '-ftree-vectorize' '-fPIC' '-fstack-protector-strong' '-fno-plt' '-O2' '-ffunction-sections' '-pipe' '-isystem' '/opt/anaconda3/envs/rootpy/include' '-L/opt/anaconda3/envs/rootpy/lib' '-v' '-o' 'cmTC_e9ea4' '-shared-libgcc'
gmake[1]: Leaving directory `/home/cdesio/TAT/tat_simu_2steps/simulation/build/CMakeFiles/CMakeTmp'



Parsed CXX implicit include dir info from above output: rv=done
  found start of include info
  found start of implicit include info
    add: [/opt/anaconda3/envs/rootpy/include]
    add: [/opt/anaconda3/envs/rootpy/bin/../lib/gcc/x86_64-conda-linux-gnu/10.4.0/include]
    add: [/opt/anaconda3/envs/rootpy/bin/../lib/gcc/x86_64-conda-linux-gnu/10.4.0/include-fixed]
    add: [/opt/anaconda3/envs/rootpy/bin/../lib/gcc/x86_64-conda-linux-gnu/10.4.0/../../../../x86_64-conda-linux-gnu/include]
    add: [/opt/anaconda3/envs/rootpy/bin/../lib/gcc/../../x86_64-conda-linux-gnu/include/c++/10.4.0]
    add: [/opt/anaconda3/envs/rootpy/bin/../lib/gcc/../../x86_64-conda-linux-gnu/include/c++/10.4.0/x86_64-conda-linux-gnu]
    add: [/opt/anaconda3/envs/rootpy/bin/../lib/gcc/../../x86_64-conda-linux-gnu/include/c++/10.4.0/backward]
    add: [/opt/anaconda3/envs/rootpy/bin/../x86_64-conda-linux-gnu/sysroot/usr/include]
  end of search list found
  collapse include dir [/opt/anaconda3/envs/rootpy/include] ==> [/opt/anaconda3/envs/rootpy/include]
  collapse include dir [/opt/anaconda3/envs/rootpy/bin/../lib/gcc/x86_64-conda-linux-gnu/10.4.0/include] ==> [/opt/anaconda3/envs/rootpy/lib/gcc/x86_64-conda-linux-gnu/10.4.0/include]
  collapse include dir [/opt/anaconda3/envs/rootpy/bin/../lib/gcc/x86_64-conda-linux-gnu/10.4.0/include-fixed] ==> [/opt/anaconda3/envs/rootpy/lib/gcc/x86_64-conda-linux-gnu/10.4.0/include-fixed]
  collapse include dir [/opt/anaconda3/envs/rootpy/bin/../lib/gcc/x86_64-conda-linux-gnu/10.4.0/../../../../x86_64-conda-linux-gnu/include] ==> [/opt/anaconda3/envs/rootpy/x86_64-conda-linux-gnu/include]
  collapse include dir [/opt/anaconda3/envs/rootpy/bin/../lib/gcc/../../x86_64-conda-linux-gnu/include/c++/10.4.0] ==> [/opt/anaconda3/envs/rootpy/x86_64-conda-linux-gnu/include/c++/10.4.0]
  collapse include dir [/opt/anaconda3/envs/rootpy/bin/../lib/gcc/../../x86_64-conda-linux-gnu/include/c++/10.4.0/x86_64-conda-linux-gnu] ==> [/opt/anaconda3/envs/rootpy/x86_64-conda-linux-gnu/include/c++/10.4.0/x86_64-conda-linux-gnu]
  collapse include dir [/opt/anaconda3/envs/rootpy/bin/../lib/gcc/../../x86_64-conda-linux-gnu/include/c++/10.4.0/backward] ==> [/opt/anaconda3/envs/rootpy/x86_64-conda-linux-gnu/include/c++/10.4.0/backward]
  collapse include dir [/opt/anaconda3/envs/rootpy/bin/../x86_64-conda-linux-gnu/sysroot/usr/include] ==> [/opt/anaconda3/envs/rootpy/x86_64-conda-linux-gnu/sysroot/usr/include]
  implicit include dirs: [/opt/anaconda3/envs/rootpy/include;/opt/anaconda3/envs/rootpy/lib/gcc/x86_64-conda-linux-gnu/10.4.0/include;/opt/anaconda3/envs/rootpy/lib/gcc/x86_64-conda-linux-gnu/10.4.0/include-fixed;/opt/anaconda3/envs/rootpy/x86_64-conda-linux-gnu/include;/opt/anaconda3/envs/rootpy/x86_64-conda-linux-gnu/include/c++/10.4.0;/opt/anaconda3/envs/rootpy/x86_64-conda-linux-gnu/include/c++/10.4.0/x86_64-conda-linux-gnu;/opt/anaconda3/envs/rootpy/x86_64-conda-linux-gnu/include/c++/10.4.0/backward;/opt/anaconda3/envs/rootpy/x86_64-conda-linux-gnu/sysroot/usr/include]


Parsed CXX implicit link information from above output:
  link line regex: [^( *|.*[/\])(x86_64-conda-linux-gnu-ld|CMAKE_LINK_STARTFILE-NOTFOUND|([^/\]+-)?ld|collect2)[^/\]*( |$)]
  ignore line: [Change Dir: /home/cdesio/TAT/tat_simu_2steps/simulation/build/CMakeFiles/CMakeTmp]
  ignore line: []
  ignore line: [Run Build Command(s):/usr/bin/gmake -f Makefile cmTC_e9ea4/fast && /usr/bin/gmake  -f CMakeFiles/cmTC_e9ea4.dir/build.make CMakeFiles/cmTC_e9ea4.dir/build]
  ignore line: [gmake[1]: Entering directory `/home/cdesio/TAT/tat_simu_2steps/simulation/build/CMakeFiles/CMakeTmp']
  ignore line: [Building CXX object CMakeFiles/cmTC_e9ea4.dir/CMakeCXXCompilerABI.cpp.o]
  ignore line: [/opt/anaconda3/envs/rootpy/bin/x86_64-conda-linux-gnu-c++   -fvisibility-inlines-hidden -std=c++17 -fmessage-length=0 -march=nocona -mtune=haswell -ftree-vectorize -fPIC -fstack-protector-strong -fno-plt -O2 -ffunction-sections -pipe -isystem /opt/anaconda3/envs/rootpy/include    -v -o CMakeFiles/cmTC_e9ea4.dir/CMakeCXXCompilerABI.cpp.o -c /usr/local/share/cmake-3.22/Modules/CMakeCXXCompilerABI.cpp]
  ignore line: [Reading specs from /opt/anaconda3/envs/rootpy/bin/../lib/gcc/x86_64-conda-linux-gnu/10.4.0/specs]
  ignore line: [could not find specs file conda.specs]
  ignore line: [COLLECT_GCC=/opt/anaconda3/envs/rootpy/bin/x86_64-conda-linux-gnu-c++]
  ignore line: [Target: x86_64-conda-linux-gnu]
  ignore line: [Configured with: ../configure --prefix=/home/conda/feedstock_root/build_artifacts/gcc_compilers_1666516817544/_h_env_placehold_placehold_placehold_placehold_placehold_placehold_placehold_placehold_placehold_placehold_placehold_placehold_placehold_placehold_placehold_placehold_placehold_placeho --with-slibdir=/home/conda/feedstock_root/build_artifacts/gcc_compilers_1666516817544/_h_env_placehold_placehold_placehold_placehold_placehold_placehold_placehold_placehold_placehold_placehold_placehold_placehold_placehold_placehold_placehold_placehold_placehold_placeho/lib --libdir=/home/conda/feedstock_root/build_artifacts/gcc_compilers_1666516817544/_h_env_placehold_placehold_placehold_placehold_placehold_placehold_placehold_placehold_placehold_placehold_placehold_placehold_placehold_placehold_placehold_placehold_placehold_placeho/lib --mandir=/home/conda/feedstock_root/build_artifacts/gcc_compilers_1666516817544/_h_env_placehold_placehold_placehold_placehold_placehold_placehold_placehold_placehold_placehold_placehold_placehold_placehold_placehold_placehold_placehold_placehold_placehold_placeho/man --build=x86_64-conda-linux-gnu --host=x86_64-conda-linux-gnu --target=x86_64-conda-linux-gnu --enable-default-pie --enable-languages=c c++ fortran objc obj-c++ --enable-__cxa_atexit --disable-libmudflap --enable-libgomp --disable-libssp --enable-libquadmath --enable-libquadmath-support --enable-libsanitizer --enable-lto --enable-threads=posix --enable-target-optspace --enable-plugin --enable-gold --disable-nls --disable-bootstrap --disable-multilib --enable-long-long --with-sysroot=/home/conda/feedstock_root/build_artifacts/gcc_compilers_1666516817544/_h_env_placehold_placehold_placehold_placehold_placehold_placehold_placehold_placehold_placehold_placehold_placehold_placehold_placehold_placehold_placehold_placehold_placehold_placeho/x86_64-conda-linux-gnu/sysroot --with-build-sysroot=/home/conda/feedstock_root/build_artifacts/gcc_compilers_1666516817544/_build_env/x86_64-conda-linux-gnu/sysroot --with-gxx-include-dir=/home/conda/feedstock_root/build_artifacts/gcc_compilers_1666516817544/_h_env_placehold_placehold_placehold_placehold_placehold_placehold_placehold_placehold_placehold_placehold_placehold_placehold_placehold_placehold_placehold_placehold_placehold_placeho/x86_64-conda-linux-gnu/include/c++/10.4.0 --with-pkgversion='conda-forge gcc 10.4.0-19' --with-bugurl=https://github.com/conda-forge/ctng-compilers-feedstock/issues/new/choose]
  ignore line: [Thread model: posix]
  ignore line: [Supported LTO compression algorithms: zlib]
  ignore line: [gcc version 10.4.0 (conda-forge gcc 10.4.0-19) ]
  ignore line: [COLLECT_GCC_OPTIONS='-fvisibility-inlines-hidden' '-std=c++17' '-fmessage-length=0' '-march=nocona' '-mtune=haswell' '-ftree-vectorize' '-fPIC' '-fstack-protector-strong' '-fno-plt' '-O2' '-ffunction-sections' '-pipe' '-isystem' '/opt/anaconda3/envs/rootpy/include' '-v' '-o' 'CMakeFiles/cmTC_e9ea4.dir/CMakeCXXCompilerABI.cpp.o' '-c' '-shared-libgcc']
  ignore line: [ /opt/anaconda3/envs/rootpy/bin/../libexec/gcc/x86_64-conda-linux-gnu/10.4.0/cc1plus -quiet -v -iprefix /opt/anaconda3/envs/rootpy/bin/../lib/gcc/x86_64-conda-linux-gnu/10.4.0/ -isysroot /opt/anaconda3/envs/rootpy/bin/../x86_64-conda-linux-gnu/sysroot -D_GNU_SOURCE -isystem /opt/anaconda3/envs/rootpy/include /usr/local/share/cmake-3.22/Modules/CMakeCXXCompilerABI.cpp -quiet -dumpbase CMakeCXXCompilerABI.cpp -march=nocona -mtune=haswell -auxbase-strip CMakeFiles/cmTC_e9ea4.dir/CMakeCXXCompilerABI.cpp.o -O2 -std=c++17 -version -fvisibility-inlines-hidden -fmessage-length=0 -ftree-vectorize -fPIC -fstack-protector-strong -fno-plt -ffunction-sections -o - |]
  ignore line: [ /opt/anaconda3/envs/rootpy/bin/../lib/gcc/x86_64-conda-linux-gnu/10.4.0/../../../../x86_64-conda-linux-gnu/bin/as -v --64 -o CMakeFiles/cmTC_e9ea4.dir/CMakeCXXCompilerABI.cpp.o]
  ignore line: [GNU assembler version 2.39 (x86_64-conda-linux-gnu) using BFD version (GNU Binutils) 2.39]
  ignore line: [GNU C++17 (conda-forge gcc 10.4.0-19) version 10.4.0 (x86_64-conda-linux-gnu)]
  ignore line: [	compiled by GNU C version 10.4.0  GMP version 6.1.0  MPFR version 3.1.6  MPC version 1.0.3  isl version isl-0.18-GMP]
  ignore line: []
  ignore line: [GGC heuristics: --param ggc-min-expand=100 --param ggc-min-heapsize=131072]
  ignore line: [ignoring duplicate directory "/opt/anaconda3/envs/rootpy/bin/../lib/gcc/../../lib/gcc/x86_64-conda-linux-gnu/10.4.0/include"]
  ignore line: [ignoring nonexistent directory "/opt/anaconda3/envs/rootpy/bin/../x86_64-conda-linux-gnu/sysroot/usr/local/include"]
  ignore line: [ignoring duplicate directory "/opt/anaconda3/envs/rootpy/bin/../lib/gcc/../../lib/gcc/x86_64-conda-linux-gnu/10.4.0/include-fixed"]
  ignore line: [ignoring duplicate directory "/opt/anaconda3/envs/rootpy/bin/../lib/gcc/../../lib/gcc/x86_64-conda-linux-gnu/10.4.0/../../../../x86_64-conda-linux-gnu/include"]
  ignore line: [#include "..." search starts here:]
  ignore line: [#include <...> search starts here:]
  ignore line: [ /opt/anaconda3/envs/rootpy/include]
  ignore line: [ /opt/anaconda3/envs/rootpy/bin/../lib/gcc/x86_64-conda-linux-gnu/10.4.0/include]
  ignore line: [ /opt/anaconda3/envs/rootpy/bin/../lib/gcc/x86_64-conda-linux-gnu/10.4.0/include-fixed]
  ignore line: [ /opt/anaconda3/envs/rootpy/bin/../lib/gcc/x86_64-conda-linux-gnu/10.4.0/../../../../x86_64-conda-linux-gnu/include]
  ignore line: [ /opt/anaconda3/envs/rootpy/bin/../lib/gcc/../../x86_64-conda-linux-gnu/include/c++/10.4.0]
  ignore line: [ /opt/anaconda3/envs/rootpy/bin/../lib/gcc/../../x86_64-conda-linux-gnu/include/c++/10.4.0/x86_64-conda-linux-gnu]
  ignore line: [ /opt/anaconda3/envs/rootpy/bin/../lib/gcc/../../x86_64-conda-linux-gnu/include/c++/10.4.0/backward]
  ignore line: [ /opt/anaconda3/envs/rootpy/bin/../x86_64-conda-linux-gnu/sysroot/usr/include]
  ignore line: [End of search list.]
  ignore line: [GNU C++17 (conda-forge gcc 10.4.0-19) version 10.4.0 (x86_64-conda-linux-gnu)]
  ignore line: [	compiled by GNU C version 10.4.0  GMP version 6.1.0  MPFR version 3.1.6  MPC version 1.0.3  isl version isl-0.18-GMP]
  ignore line: []
  ignore line: [GGC heuristics: --param ggc-min-expand=100 --param ggc-min-heapsize=131072]
  ignore line: [Compiler executable checksum: 0fca5b8e4fb11ad6149b2d89dd596e0c]
  ignore line: [COMPILER_PATH=/opt/anaconda3/envs/rootpy/bin/../libexec/gcc/x86_64-conda-linux-gnu/10.4.0/:/opt/anaconda3/envs/rootpy/bin/../libexec/gcc/:/opt/anaconda3/envs/rootpy/bin/../lib/gcc/x86_64-conda-linux-gnu/10.4.0/../../../../x86_64-conda-linux-gnu/bin/]
  ignore line: [LIBRARY_PATH=/opt/anaconda3/envs/rootpy/bin/../lib/gcc/x86_64-conda-linux-gnu/10.4.0/:/opt/anaconda3/envs/rootpy/bin/../lib/gcc/:/opt/anaconda3/envs/rootpy/bin/../lib/gcc/x86_64-conda-linux-gnu/10.4.0/../../../../x86_64-conda-linux-gnu/lib/../lib/:/opt/anaconda3/envs/rootpy/bin/../lib/gcc/x86_64-conda-linux-gnu/10.4.0/../../../../lib/:/opt/anaconda3/envs/rootpy/bin/../x86_64-conda-linux-gnu/sysroot/lib/../lib/:/opt/anaconda3/envs/rootpy/bin/../x86_64-conda-linux-gnu/sysroot/usr/lib/../lib/:/opt/anaconda3/envs/rootpy/bin/../lib/gcc/x86_64-conda-linux-gnu/10.4.0/../../../../x86_64-conda-linux-gnu/lib/:/opt/anaconda3/envs/rootpy/bin/../lib/gcc/x86_64-conda-linux-gnu/10.4.0/../../../:/opt/anaconda3/envs/rootpy/bin/../x86_64-conda-linux-gnu/sysroot/lib/:/opt/anaconda3/envs/rootpy/bin/../x86_64-conda-linux-gnu/sysroot/usr/lib/]
  ignore line: [COLLECT_GCC_OPTIONS='-fvisibility-inlines-hidden' '-std=c++17' '-fmessage-length=0' '-march=nocona' '-mtune=haswell' '-ftree-vectorize' '-fPIC' '-fstack-protector-strong' '-fno-plt' '-O2' '-ffunction-sections' '-pipe' '-isystem' '/opt/anaconda3/envs/rootpy/include' '-v' '-o' 'CMakeFiles/cmTC_e9ea4.dir/CMakeCXXCompilerABI.cpp.o' '-c' '-shared-libgcc']
  ignore line: [Linking CXX executable cmTC_e9ea4]
  ignore line: [/usr/local/bin/cmake -E cmake_link_script CMakeFiles/cmTC_e9ea4.dir/link.txt --verbose=1]
  ignore line: [/opt/anaconda3/envs/rootpy/bin/x86_64-conda-linux-gnu-c++ -fvisibility-inlines-hidden -std=c++17 -fmessage-length=0 -march=nocona -mtune=haswell -ftree-vectorize -fPIC -fstack-protector-strong -fno-plt -O2 -ffunction-sections -pipe -isystem /opt/anaconda3/envs/rootpy/include  -Wl -O2 -Wl --sort-common -Wl --as-needed -Wl -z relro -Wl -z now -Wl --disable-new-dtags -Wl --gc-sections -Wl --allow-shlib-undefined -Wl -rpath /opt/anaconda3/envs/rootpy/lib -Wl -rpath-link /opt/anaconda3/envs/rootpy/lib -L/opt/anaconda3/envs/rootpy/lib -v CMakeFiles/cmTC_e9ea4.dir/CMakeCXXCompilerABI.cpp.o -o cmTC_e9ea4 ]
  ignore line: [Reading specs from /opt/anaconda3/envs/rootpy/bin/../lib/gcc/x86_64-conda-linux-gnu/10.4.0/specs]
  ignore line: [could not find specs file conda.specs]
  ignore line: [COLLECT_GCC=/opt/anaconda3/envs/rootpy/bin/x86_64-conda-linux-gnu-c++]
  ignore line: [COLLECT_LTO_WRAPPER=/opt/anaconda3/envs/rootpy/bin/../libexec/gcc/x86_64-conda-linux-gnu/10.4.0/lto-wrapper]
  ignore line: [Target: x86_64-conda-linux-gnu]
  ignore line: [Configured with: ../configure --prefix=/home/conda/feedstock_root/build_artifacts/gcc_compilers_1666516817544/_h_env_placehold_placehold_placehold_placehold_placehold_placehold_placehold_placehold_placehold_placehold_placehold_placehold_placehold_placehold_placehold_placehold_placehold_placeho --with-slibdir=/home/conda/feedstock_root/build_artifacts/gcc_compilers_1666516817544/_h_env_placehold_placehold_placehold_placehold_placehold_placehold_placehold_placehold_placehold_placehold_placehold_placehold_placehold_placehold_placehold_placehold_placehold_placeho/lib --libdir=/home/conda/feedstock_root/build_artifacts/gcc_compilers_1666516817544/_h_env_placehold_placehold_placehold_placehold_placehold_placehold_placehold_placehold_placehold_placehold_placehold_placehold_placehold_placehold_placehold_placehold_placehold_placeho/lib --mandir=/home/conda/feedstock_root/build_artifacts/gcc_compilers_1666516817544/_h_env_placehold_placehold_placehold_placehold_placehold_placehold_placehold_placehold_placehold_placehold_placehold_placehold_placehold_placehold_placehold_placehold_placehold_placeho/man --build=x86_64-conda-linux-gnu --host=x86_64-conda-linux-gnu --target=x86_64-conda-linux-gnu --enable-default-pie --enable-languages=c c++ fortran objc obj-c++ --enable-__cxa_atexit --disable-libmudflap --enable-libgomp --disable-libssp --enable-libquadmath --enable-libquadmath-support --enable-libsanitizer --enable-lto --enable-threads=posix --enable-target-optspace --enable-plugin --enable-gold --disable-nls --disable-bootstrap --disable-multilib --enable-long-long --with-sysroot=/home/conda/feedstock_root/build_artifacts/gcc_compilers_1666516817544/_h_env_placehold_placehold_placehold_placehold_placehold_placehold_placehold_placehold_placehold_placehold_placehold_placehold_placehold_placehold_placehold_placehold_placehold_placeho/x86_64-conda-linux-gnu/sysroot --with-build-sysroot=/home/conda/feedstock_root/build_artifacts/gcc_compilers_1666516817544/_build_env/x86_64-conda-linux-gnu/sysroot --with-gxx-include-dir=/home/conda/feedstock_root/build_artifacts/gcc_compilers_1666516817544/_h_env_placehold_placehold_placehold_placehold_placehold_placehold_placehold_placehold_placehold_placehold_placehold_placehold_placehold_placehold_placehold_placehold_placehold_placeho/x86_64-conda-linux-gnu/include/c++/10.4.0 --with-pkgversion='conda-forge gcc 10.4.0-19' --with-bugurl=https://github.com/conda-forge/ctng-compilers-feedstock/issues/new/choose]
  ignore line: [Thread model: posix]
  ignore line: [Supported LTO compression algorithms: zlib]
  ignore line: [gcc version 10.4.0 (conda-forge gcc 10.4.0-19) ]
  ignore line: [COMPILER_PATH=/opt/anaconda3/envs/rootpy/bin/../libexec/gcc/x86_64-conda-linux-gnu/10.4.0/:/opt/anaconda3/envs/rootpy/bin/../libexec/gcc/:/opt/anaconda3/envs/rootpy/bin/../lib/gcc/x86_64-conda-linux-gnu/10.4.0/../../../../x86_64-conda-linux-gnu/bin/]
  ignore line: [LIBRARY_PATH=/opt/anaconda3/envs/rootpy/bin/../lib/gcc/x86_64-conda-linux-gnu/10.4.0/:/opt/anaconda3/envs/rootpy/bin/../lib/gcc/:/opt/anaconda3/envs/rootpy/bin/../lib/gcc/x86_64-conda-linux-gnu/10.4.0/../../../../x86_64-conda-linux-gnu/lib/../lib/:/opt/anaconda3/envs/rootpy/bin/../lib/gcc/x86_64-conda-linux-gnu/10.4.0/../../../../lib/:/opt/anaconda3/envs/rootpy/bin/../x86_64-conda-linux-gnu/sysroot/lib/../lib/:/opt/anaconda3/envs/rootpy/bin/../x86_64-conda-linux-gnu/sysroot/usr/lib/../lib/:/opt/anaconda3/envs/rootpy/bin/../lib/gcc/x86_64-conda-linux-gnu/10.4.0/../../../../x86_64-conda-linux-gnu/lib/:/opt/anaconda3/envs/rootpy/bin/../lib/gcc/x86_64-conda-linux-gnu/10.4.0/../../../:/opt/anaconda3/envs/rootpy/bin/../x86_64-conda-linux-gnu/sysroot/lib/:/opt/anaconda3/envs/rootpy/bin/../x86_64-conda-linux-gnu/sysroot/usr/lib/]
  ignore line: [COLLECT_GCC_OPTIONS='-fvisibility-inlines-hidden' '-std=c++17' '-fmessage-length=0' '-march=nocona' '-mtune=haswell' '-ftree-vectorize' '-fPIC' '-fstack-protector-strong' '-fno-plt' '-O2' '-ffunction-sections' '-pipe' '-isystem' '/opt/anaconda3/envs/rootpy/include' '-L/opt/anaconda3/envs/rootpy/lib' '-v' '-o' 'cmTC_e9ea4' '-shared-libgcc']
  link line: [ /opt/anaconda3/envs/rootpy/bin/../libexec/gcc/x86_64-conda-linux-gnu/10.4.0/collect2 -plugin /opt/anaconda3/envs/rootpy/bin/../libexec/gcc/x86_64-conda-linux-gnu/10.4.0/liblto_plugin.so -plugin-opt=/opt/anaconda3/envs/rootpy/bin/../libexec/gcc/x86_64-conda-linux-gnu/10.4.0/lto-wrapper -plugin-opt=-fresolution=/tmp/ccYStFye.res -plugin-opt=-pass-through=-lgcc_s -plugin-opt=-pass-through=-lgcc -plugin-opt=-pass-through=-lc -plugin-opt=-pass-through=-lgcc_s -plugin-opt=-pass-through=-lgcc --sysroot=/opt/anaconda3/envs/rootpy/bin/../x86_64-conda-linux-gnu/sysroot --eh-frame-hdr -m elf_x86_64 -dynamic-linker /lib64/ld-linux-x86-64.so.2 -pie -o cmTC_e9ea4 /opt/anaconda3/envs/rootpy/bin/../x86_64-conda-linux-gnu/sysroot/usr/lib/../lib/Scrt1.o /opt/anaconda3/envs/rootpy/bin/../x86_64-conda-linux-gnu/sysroot/usr/lib/../lib/crti.o /opt/anaconda3/envs/rootpy/bin/../lib/gcc/x86_64-conda-linux-gnu/10.4.0/crtbeginS.o -L/opt/anaconda3/envs/rootpy/lib -L/opt/anaconda3/envs/rootpy/bin/../lib/gcc/x86_64-conda-linux-gnu/10.4.0 -L/opt/anaconda3/envs/rootpy/bin/../lib/gcc -L/opt/anaconda3/envs/rootpy/bin/../lib/gcc/x86_64-conda-linux-gnu/10.4.0/../../../../x86_64-conda-linux-gnu/lib/../lib -L/opt/anaconda3/envs/rootpy/bin/../lib/gcc/x86_64-conda-linux-gnu/10.4.0/../../../../lib -L/opt/anaconda3/envs/rootpy/bin/../x86_64-conda-linux-gnu/sysroot/lib/../lib -L/opt/anaconda3/envs/rootpy/bin/../x86_64-conda-linux-gnu/sysroot/usr/lib/../lib -L/opt/anaconda3/envs/rootpy/bin/../lib/gcc/x86_64-conda-linux-gnu/10.4.0/../../../../x86_64-conda-linux-gnu/lib -L/opt/anaconda3/envs/rootpy/bin/../lib/gcc/x86_64-conda-linux-gnu/10.4.0/../../.. -L/opt/anaconda3/envs/rootpy/bin/../x86_64-conda-linux-gnu/sysroot/lib -L/opt/anaconda3/envs/rootpy/bin/../x86_64-conda-linux-gnu/sysroot/usr/lib -O2 --sort-common --as-needed -z relro -z now --disable-new-dtags --gc-sections --allow-shlib-undefined -rpath /opt/anaconda3/envs/rootpy/lib -rpath-link /opt/anaconda3/envs/rootpy/lib CMakeFiles/cmTC_e9ea4.dir/CMakeCXXCompilerABI.cpp.o -lstdc++ -lm -lgcc_s -lgcc -lc -lgcc_s -lgcc /opt/anaconda3/envs/rootpy/bin/../lib/gcc/x86_64-conda-linux-gnu/10.4.0/crtendS.o /opt/anaconda3/envs/rootpy/bin/../x86_64-conda-linux-gnu/sysroot/usr/lib/../lib/crtn.o -rpath /opt/anaconda3/envs/rootpy/lib]
    arg [/opt/anaconda3/envs/rootpy/bin/../libexec/gcc/x86_64-conda-linux-gnu/10.4.0/collect2] ==> ignore
    arg [-plugin] ==> ignore
    arg [/opt/anaconda3/envs/rootpy/bin/../libexec/gcc/x86_64-conda-linux-gnu/10.4.0/liblto_plugin.so] ==> ignore
    arg [-plugin-opt=/opt/anaconda3/envs/rootpy/bin/../libexec/gcc/x86_64-conda-linux-gnu/10.4.0/lto-wrapper] ==> ignore
    arg [-plugin-opt=-fresolution=/tmp/ccYStFye.res] ==> ignore
    arg [-plugin-opt=-pass-through=-lgcc_s] ==> ignore
    arg [-plugin-opt=-pass-through=-lgcc] ==> ignore
    arg [-plugin-opt=-pass-through=-lc] ==> ignore
    arg [-plugin-opt=-pass-through=-lgcc_s] ==> ignore
    arg [-plugin-opt=-pass-through=-lgcc] ==> ignore
    arg [--sysroot=/opt/anaconda3/envs/rootpy/bin/../x86_64-conda-linux-gnu/sysroot] ==> ignore
    arg [--eh-frame-hdr] ==> ignore
    arg [-m] ==> ignore
    arg [elf_x86_64] ==> ignore
    arg [-dynamic-linker] ==> ignore
    arg [/lib64/ld-linux-x86-64.so.2] ==> ignore
    arg [-pie] ==> ignore
    arg [-o] ==> ignore
    arg [cmTC_e9ea4] ==> ignore
    arg [/opt/anaconda3/envs/rootpy/bin/../x86_64-conda-linux-gnu/sysroot/usr/lib/../lib/Scrt1.o] ==> obj [/opt/anaconda3/envs/rootpy/bin/../x86_64-conda-linux-gnu/sysroot/usr/lib/../lib/Scrt1.o]
    arg [/opt/anaconda3/envs/rootpy/bin/../x86_64-conda-linux-gnu/sysroot/usr/lib/../lib/crti.o] ==> obj [/opt/anaconda3/envs/rootpy/bin/../x86_64-conda-linux-gnu/sysroot/usr/lib/../lib/crti.o]
    arg [/opt/anaconda3/envs/rootpy/bin/../lib/gcc/x86_64-conda-linux-gnu/10.4.0/crtbeginS.o] ==> obj [/opt/anaconda3/envs/rootpy/bin/../lib/gcc/x86_64-conda-linux-gnu/10.4.0/crtbeginS.o]
    arg [-L/opt/anaconda3/envs/rootpy/lib] ==> dir [/opt/anaconda3/envs/rootpy/lib]
    arg [-L/opt/anaconda3/envs/rootpy/bin/../lib/gcc/x86_64-conda-linux-gnu/10.4.0] ==> dir [/opt/anaconda3/envs/rootpy/bin/../lib/gcc/x86_64-conda-linux-gnu/10.4.0]
    arg [-L/opt/anaconda3/envs/rootpy/bin/../lib/gcc] ==> dir [/opt/anaconda3/envs/rootpy/bin/../lib/gcc]
    arg [-L/opt/anaconda3/envs/rootpy/bin/../lib/gcc/x86_64-conda-linux-gnu/10.4.0/../../../../x86_64-conda-linux-gnu/lib/../lib] ==> dir [/opt/anaconda3/envs/rootpy/bin/../lib/gcc/x86_64-conda-linux-gnu/10.4.0/../../../../x86_64-conda-linux-gnu/lib/../lib]
    arg [-L/opt/anaconda3/envs/rootpy/bin/../lib/gcc/x86_64-conda-linux-gnu/10.4.0/../../../../lib] ==> dir [/opt/anaconda3/envs/rootpy/bin/../lib/gcc/x86_64-conda-linux-gnu/10.4.0/../../../../lib]
    arg [-L/opt/anaconda3/envs/rootpy/bin/../x86_64-conda-linux-gnu/sysroot/lib/../lib] ==> dir [/opt/anaconda3/envs/rootpy/bin/../x86_64-conda-linux-gnu/sysroot/lib/../lib]
    arg [-L/opt/anaconda3/envs/rootpy/bin/../x86_64-conda-linux-gnu/sysroot/usr/lib/../lib] ==> dir [/opt/anaconda3/envs/rootpy/bin/../x86_64-conda-linux-gnu/sysroot/usr/lib/../lib]
    arg [-L/opt/anaconda3/envs/rootpy/bin/../lib/gcc/x86_64-conda-linux-gnu/10.4.0/../../../../x86_64-conda-linux-gnu/lib] ==> dir [/opt/anaconda3/envs/rootpy/bin/../lib/gcc/x86_64-conda-linux-gnu/10.4.0/../../../../x86_64-conda-linux-gnu/lib]
    arg [-L/opt/anaconda3/envs/rootpy/bin/../lib/gcc/x86_64-conda-linux-gnu/10.4.0/../../..] ==> dir [/opt/anaconda3/envs/rootpy/bin/../lib/gcc/x86_64-conda-linux-gnu/10.4.0/../../..]
    arg [-L/opt/anaconda3/envs/rootpy/bin/../x86_64-conda-linux-gnu/sysroot/lib] ==> dir [/opt/anaconda3/envs/rootpy/bin/../x86_64-conda-linux-gnu/sysroot/lib]
    arg [-L/opt/anaconda3/envs/rootpy/bin/../x86_64-conda-linux-gnu/sysroot/usr/lib] ==> dir [/opt/anaconda3/envs/rootpy/bin/../x86_64-conda-linux-gnu/sysroot/usr/lib]
    arg [-O2] ==> ignore
    arg [--sort-common] ==> ignore
    arg [--as-needed] ==> ignore
    arg [-zrelro] ==> ignore
    arg [-znow] ==> ignore
    arg [--disable-new-dtags] ==> ignore
    arg [--gc-sections] ==> ignore
    arg [--allow-shlib-undefined] ==> ignore
    arg [-rpath] ==> ignore
    arg [/opt/anaconda3/envs/rootpy/lib] ==> ignore
    arg [-rpath-link] ==> ignore
    arg [/opt/anaconda3/envs/rootpy/lib] ==> ignore
    arg [CMakeFiles/cmTC_e9ea4.dir/CMakeCXXCompilerABI.cpp.o] ==> ignore
    arg [-lstdc++] ==> lib [stdc++]
    arg [-lm] ==> lib [m]
    arg [-lgcc_s] ==> lib [gcc_s]
    arg [-lgcc] ==> lib [gcc]
    arg [-lc] ==> lib [c]
    arg [-lgcc_s] ==> lib [gcc_s]
    arg [-lgcc] ==> lib [gcc]
    arg [/opt/anaconda3/envs/rootpy/bin/../lib/gcc/x86_64-conda-linux-gnu/10.4.0/crtendS.o] ==> obj [/opt/anaconda3/envs/rootpy/bin/../lib/gcc/x86_64-conda-linux-gnu/10.4.0/crtendS.o]
    arg [/opt/anaconda3/envs/rootpy/bin/../x86_64-conda-linux-gnu/sysroot/usr/lib/../lib/crtn.o] ==> obj [/opt/anaconda3/envs/rootpy/bin/../x86_64-conda-linux-gnu/sysroot/usr/lib/../lib/crtn.o]
    arg [-rpath] ==> ignore
    arg [/opt/anaconda3/envs/rootpy/lib] ==> ignore
  collapse obj [/opt/anaconda3/envs/rootpy/bin/../x86_64-conda-linux-gnu/sysroot/usr/lib/../lib/Scrt1.o] ==> [/opt/anaconda3/envs/rootpy/x86_64-conda-linux-gnu/sysroot/usr/lib/Scrt1.o]
  collapse obj [/opt/anaconda3/envs/rootpy/bin/../x86_64-conda-linux-gnu/sysroot/usr/lib/../lib/crti.o] ==> [/opt/anaconda3/envs/rootpy/x86_64-conda-linux-gnu/sysroot/usr/lib/crti.o]
  collapse obj [/opt/anaconda3/envs/rootpy/bin/../lib/gcc/x86_64-conda-linux-gnu/10.4.0/crtbeginS.o] ==> [/opt/anaconda3/envs/rootpy/lib/gcc/x86_64-conda-linux-gnu/10.4.0/crtbeginS.o]
  collapse obj [/opt/anaconda3/envs/rootpy/bin/../lib/gcc/x86_64-conda-linux-gnu/10.4.0/crtendS.o] ==> [/opt/anaconda3/envs/rootpy/lib/gcc/x86_64-conda-linux-gnu/10.4.0/crtendS.o]
  collapse obj [/opt/anaconda3/envs/rootpy/bin/../x86_64-conda-linux-gnu/sysroot/usr/lib/../lib/crtn.o] ==> [/opt/anaconda3/envs/rootpy/x86_64-conda-linux-gnu/sysroot/usr/lib/crtn.o]
  collapse library dir [/opt/anaconda3/envs/rootpy/lib] ==> [/opt/anaconda3/envs/rootpy/lib]
  collapse library dir [/opt/anaconda3/envs/rootpy/bin/../lib/gcc/x86_64-conda-linux-gnu/10.4.0] ==> [/opt/anaconda3/envs/rootpy/lib/gcc/x86_64-conda-linux-gnu/10.4.0]
  collapse library dir [/opt/anaconda3/envs/rootpy/bin/../lib/gcc] ==> [/opt/anaconda3/envs/rootpy/lib/gcc]
  collapse library dir [/opt/anaconda3/envs/rootpy/bin/../lib/gcc/x86_64-conda-linux-gnu/10.4.0/../../../../x86_64-conda-linux-gnu/lib/../lib] ==> [/opt/anaconda3/envs/rootpy/x86_64-conda-linux-gnu/lib]
  collapse library dir [/opt/anaconda3/envs/rootpy/bin/../lib/gcc/x86_64-conda-linux-gnu/10.4.0/../../../../lib] ==> [/opt/anaconda3/envs/rootpy/lib]
  collapse library dir [/opt/anaconda3/envs/rootpy/bin/../x86_64-conda-linux-gnu/sysroot/lib/../lib] ==> [/opt/anaconda3/envs/rootpy/x86_64-conda-linux-gnu/sysroot/lib]
  collapse library dir [/opt/anaconda3/envs/rootpy/bin/../x86_64-conda-linux-gnu/sysroot/usr/lib/../lib] ==> [/opt/anaconda3/envs/rootpy/x86_64-conda-linux-gnu/sysroot/usr/lib]
  collapse library dir [/opt/anaconda3/envs/rootpy/bin/../lib/gcc/x86_64-conda-linux-gnu/10.4.0/../../../../x86_64-conda-linux-gnu/lib] ==> [/opt/anaconda3/envs/rootpy/x86_64-conda-linux-gnu/lib]
  collapse library dir [/opt/anaconda3/envs/rootpy/bin/../lib/gcc/x86_64-conda-linux-gnu/10.4.0/../../..] ==> [/opt/anaconda3/envs/rootpy/lib]
  collapse library dir [/opt/anaconda3/envs/rootpy/bin/../x86_64-conda-linux-gnu/sysroot/lib] ==> [/opt/anaconda3/envs/rootpy/x86_64-conda-linux-gnu/sysroot/lib]
  collapse library dir [/opt/anaconda3/envs/rootpy/bin/../x86_64-conda-linux-gnu/sysroot/usr/lib] ==> [/opt/anaconda3/envs/rootpy/x86_64-conda-linux-gnu/sysroot/usr/lib]
  implicit libs: [stdc++;m;gcc_s;gcc;c;gcc_s;gcc]
  implicit objs: [/opt/anaconda3/envs/rootpy/x86_64-conda-linux-gnu/sysroot/usr/lib/Scrt1.o;/opt/anaconda3/envs/rootpy/x86_64-conda-linux-gnu/sysroot/usr/lib/crti.o;/opt/anaconda3/envs/rootpy/lib/gcc/x86_64-conda-linux-gnu/10.4.0/crtbeginS.o;/opt/anaconda3/envs/rootpy/lib/gcc/x86_64-conda-linux-gnu/10.4.0/crtendS.o;/opt/anaconda3/envs/rootpy/x86_64-conda-linux-gnu/sysroot/usr/lib/crtn.o]
  implicit dirs: [/opt/anaconda3/envs/rootpy/lib;/opt/anaconda3/envs/rootpy/lib/gcc/x86_64-conda-linux-gnu/10.4.0;/opt/anaconda3/envs/rootpy/lib/gcc;/opt/anaconda3/envs/rootpy/x86_64-conda-linux-gnu/lib;/opt/anaconda3/envs/rootpy/x86_64-conda-linux-gnu/sysroot/lib;/opt/anaconda3/envs/rootpy/x86_64-conda-linux-gnu/sysroot/usr/lib]
  implicit fwks: []


Determining if the include file pthread.h exists passed with the following output:
Change Dir: /home/cdesio/TAT/tat_simu_2steps/simulation/build/CMakeFiles/CMakeTmp

Run Build Command(s):/usr/bin/gmake -f Makefile cmTC_27bd1/fast && /usr/bin/gmake  -f CMakeFiles/cmTC_27bd1.dir/build.make CMakeFiles/cmTC_27bd1.dir/build
gmake[1]: Entering directory `/home/cdesio/TAT/tat_simu_2steps/simulation/build/CMakeFiles/CMakeTmp'
Building C object CMakeFiles/cmTC_27bd1.dir/CheckIncludeFile.c.o
/opt/anaconda3/envs/rootpy/bin/x86_64-conda-linux-gnu-cc   -march=nocona -mtune=haswell -ftree-vectorize -fPIC -fstack-protector-strong -fno-plt -O2 -ffunction-sections -pipe -isystem /opt/anaconda3/envs/rootpy/include  -o CMakeFiles/cmTC_27bd1.dir/CheckIncludeFile.c.o -c /home/cdesio/TAT/tat_simu_2steps/simulation/build/CMakeFiles/CMakeTmp/CheckIncludeFile.c
Linking C executable cmTC_27bd1
/usr/local/bin/cmake -E cmake_link_script CMakeFiles/cmTC_27bd1.dir/link.txt --verbose=1
/opt/anaconda3/envs/rootpy/bin/x86_64-conda-linux-gnu-cc -march=nocona -mtune=haswell -ftree-vectorize -fPIC -fstack-protector-strong -fno-plt -O2 -ffunction-sections -pipe -isystem /opt/anaconda3/envs/rootpy/include  -Wl,-O2 -Wl,--sort-common -Wl,--as-needed -Wl,-z,relro -Wl,-z,now -Wl,--disable-new-dtags -Wl,--gc-sections -Wl,--allow-shlib-undefined -Wl,-rpath,/opt/anaconda3/envs/rootpy/lib -Wl,-rpath-link,/opt/anaconda3/envs/rootpy/lib -L/opt/anaconda3/envs/rootpy/lib  CMakeFiles/cmTC_27bd1.dir/CheckIncludeFile.c.o -o cmTC_27bd1 
gmake[1]: Leaving directory `/home/cdesio/TAT/tat_simu_2steps/simulation/build/CMakeFiles/CMakeTmp'



Determining if the function XOpenDisplay exists in the /opt/anaconda3/envs/rootpy/lib/libX11.so;/opt/anaconda3/envs/rootpy/lib/libXext.so passed with the following output:
Change Dir: /home/cdesio/TAT/tat_simu_2steps/simulation/build/CMakeFiles/CMakeTmp

Run Build Command(s):/usr/bin/gmake -f Makefile cmTC_d7fe7/fast && /usr/bin/gmake  -f CMakeFiles/cmTC_d7fe7.dir/build.make CMakeFiles/cmTC_d7fe7.dir/build
gmake[1]: Entering directory `/home/cdesio/TAT/tat_simu_2steps/simulation/build/CMakeFiles/CMakeTmp'
Building C object CMakeFiles/cmTC_d7fe7.dir/CheckFunctionExists.c.o
/opt/anaconda3/envs/rootpy/bin/x86_64-conda-linux-gnu-cc   -march=nocona -mtune=haswell -ftree-vectorize -fPIC -fstack-protector-strong -fno-plt -O2 -ffunction-sections -pipe -isystem /opt/anaconda3/envs/rootpy/include -DCHECK_FUNCTION_EXISTS=XOpenDisplay -o CMakeFiles/cmTC_d7fe7.dir/CheckFunctionExists.c.o -c /usr/local/share/cmake-3.22/Modules/CheckFunctionExists.c
Linking C executable cmTC_d7fe7
/usr/local/bin/cmake -E cmake_link_script CMakeFiles/cmTC_d7fe7.dir/link.txt --verbose=1
/opt/anaconda3/envs/rootpy/bin/x86_64-conda-linux-gnu-cc -march=nocona -mtune=haswell -ftree-vectorize -fPIC -fstack-protector-strong -fno-plt -O2 -ffunction-sections -pipe -isystem /opt/anaconda3/envs/rootpy/include -DCHECK_FUNCTION_EXISTS=XOpenDisplay -Wl,-O2 -Wl,--sort-common -Wl,--as-needed -Wl,-z,relro -Wl,-z,now -Wl,--disable-new-dtags -Wl,--gc-sections -Wl,--allow-shlib-undefined -Wl,-rpath,/opt/anaconda3/envs/rootpy/lib -Wl,-rpath-link,/opt/anaconda3/envs/rootpy/lib -L/opt/anaconda3/envs/rootpy/lib  CMakeFiles/cmTC_d7fe7.dir/CheckFunctionExists.c.o -o cmTC_d7fe7  /opt/anaconda3/envs/rootpy/lib/libX11.so /opt/anaconda3/envs/rootpy/lib/libXext.so 
gmake[1]: Leaving directory `/home/cdesio/TAT/tat_simu_2steps/simulation/build/CMakeFiles/CMakeTmp'



Determining if the function gethostbyname exists passed with the following output:
Change Dir: /home/cdesio/TAT/tat_simu_2steps/simulation/build/CMakeFiles/CMakeTmp

Run Build Command(s):/usr/bin/gmake -f Makefile cmTC_7130e/fast && /usr/bin/gmake  -f CMakeFiles/cmTC_7130e.dir/build.make CMakeFiles/cmTC_7130e.dir/build
gmake[1]: Entering directory `/home/cdesio/TAT/tat_simu_2steps/simulation/build/CMakeFiles/CMakeTmp'
Building C object CMakeFiles/cmTC_7130e.dir/CheckFunctionExists.c.o
/opt/anaconda3/envs/rootpy/bin/x86_64-conda-linux-gnu-cc   -march=nocona -mtune=haswell -ftree-vectorize -fPIC -fstack-protector-strong -fno-plt -O2 -ffunction-sections -pipe -isystem /opt/anaconda3/envs/rootpy/include -DCHECK_FUNCTION_EXISTS=gethostbyname -o CMakeFiles/cmTC_7130e.dir/CheckFunctionExists.c.o -c /usr/local/share/cmake-3.22/Modules/CheckFunctionExists.c
Linking C executable cmTC_7130e
/usr/local/bin/cmake -E cmake_link_script CMakeFiles/cmTC_7130e.dir/link.txt --verbose=1
/opt/anaconda3/envs/rootpy/bin/x86_64-conda-linux-gnu-cc -march=nocona -mtune=haswell -ftree-vectorize -fPIC -fstack-protector-strong -fno-plt -O2 -ffunction-sections -pipe -isystem /opt/anaconda3/envs/rootpy/include -DCHECK_FUNCTION_EXISTS=gethostbyname -Wl,-O2 -Wl,--sort-common -Wl,--as-needed -Wl,-z,relro -Wl,-z,now -Wl,--disable-new-dtags -Wl,--gc-sections -Wl,--allow-shlib-undefined -Wl,-rpath,/opt/anaconda3/envs/rootpy/lib -Wl,-rpath-link,/opt/anaconda3/envs/rootpy/lib -L/opt/anaconda3/envs/rootpy/lib  CMakeFiles/cmTC_7130e.dir/CheckFunctionExists.c.o -o cmTC_7130e 
gmake[1]: Leaving directory `/home/cdesio/TAT/tat_simu_2steps/simulation/build/CMakeFiles/CMakeTmp'



Determining if the function connect exists passed with the following output:
Change Dir: /home/cdesio/TAT/tat_simu_2steps/simulation/build/CMakeFiles/CMakeTmp

Run Build Command(s):/usr/bin/gmake -f Makefile cmTC_5f3f1/fast && /usr/bin/gmake  -f CMakeFiles/cmTC_5f3f1.dir/build.make CMakeFiles/cmTC_5f3f1.dir/build
gmake[1]: Entering directory `/home/cdesio/TAT/tat_simu_2steps/simulation/build/CMakeFiles/CMakeTmp'
Building C object CMakeFiles/cmTC_5f3f1.dir/CheckFunctionExists.c.o
/opt/anaconda3/envs/rootpy/bin/x86_64-conda-linux-gnu-cc   -march=nocona -mtune=haswell -ftree-vectorize -fPIC -fstack-protector-strong -fno-plt -O2 -ffunction-sections -pipe -isystem /opt/anaconda3/envs/rootpy/include -DCHECK_FUNCTION_EXISTS=connect -o CMakeFiles/cmTC_5f3f1.dir/CheckFunctionExists.c.o -c /usr/local/share/cmake-3.22/Modules/CheckFunctionExists.c
Linking C executable cmTC_5f3f1
/usr/local/bin/cmake -E cmake_link_script CMakeFiles/cmTC_5f3f1.dir/link.txt --verbose=1
/opt/anaconda3/envs/rootpy/bin/x86_64-conda-linux-gnu-cc -march=nocona -mtune=haswell -ftree-vectorize -fPIC -fstack-protector-strong -fno-plt -O2 -ffunction-sections -pipe -isystem /opt/anaconda3/envs/rootpy/include -DCHECK_FUNCTION_EXISTS=connect -Wl,-O2 -Wl,--sort-common -Wl,--as-needed -Wl,-z,relro -Wl,-z,now -Wl,--disable-new-dtags -Wl,--gc-sections -Wl,--allow-shlib-undefined -Wl,-rpath,/opt/anaconda3/envs/rootpy/lib -Wl,-rpath-link,/opt/anaconda3/envs/rootpy/lib -L/opt/anaconda3/envs/rootpy/lib  CMakeFiles/cmTC_5f3f1.dir/CheckFunctionExists.c.o -o cmTC_5f3f1 
gmake[1]: Leaving directory `/home/cdesio/TAT/tat_simu_2steps/simulation/build/CMakeFiles/CMakeTmp'



Determining if the function remove exists passed with the following output:
Change Dir: /home/cdesio/TAT/tat_simu_2steps/simulation/build/CMakeFiles/CMakeTmp

Run Build Command(s):/usr/bin/gmake -f Makefile cmTC_526e5/fast && /usr/bin/gmake  -f CMakeFiles/cmTC_526e5.dir/build.make CMakeFiles/cmTC_526e5.dir/build
gmake[1]: Entering directory `/home/cdesio/TAT/tat_simu_2steps/simulation/build/CMakeFiles/CMakeTmp'
Building C object CMakeFiles/cmTC_526e5.dir/CheckFunctionExists.c.o
/opt/anaconda3/envs/rootpy/bin/x86_64-conda-linux-gnu-cc   -march=nocona -mtune=haswell -ftree-vectorize -fPIC -fstack-protector-strong -fno-plt -O2 -ffunction-sections -pipe -isystem /opt/anaconda3/envs/rootpy/include -DCHECK_FUNCTION_EXISTS=remove -o CMakeFiles/cmTC_526e5.dir/CheckFunctionExists.c.o -c /usr/local/share/cmake-3.22/Modules/CheckFunctionExists.c
Linking C executable cmTC_526e5
/usr/local/bin/cmake -E cmake_link_script CMakeFiles/cmTC_526e5.dir/link.txt --verbose=1
/opt/anaconda3/envs/rootpy/bin/x86_64-conda-linux-gnu-cc -march=nocona -mtune=haswell -ftree-vectorize -fPIC -fstack-protector-strong -fno-plt -O2 -ffunction-sections -pipe -isystem /opt/anaconda3/envs/rootpy/include -DCHECK_FUNCTION_EXISTS=remove -Wl,-O2 -Wl,--sort-common -Wl,--as-needed -Wl,-z,relro -Wl,-z,now -Wl,--disable-new-dtags -Wl,--gc-sections -Wl,--allow-shlib-undefined -Wl,-rpath,/opt/anaconda3/envs/rootpy/lib -Wl,-rpath-link,/opt/anaconda3/envs/rootpy/lib -L/opt/anaconda3/envs/rootpy/lib  CMakeFiles/cmTC_526e5.dir/CheckFunctionExists.c.o -o cmTC_526e5 
gmake[1]: Leaving directory `/home/cdesio/TAT/tat_simu_2steps/simulation/build/CMakeFiles/CMakeTmp'



Determining if the function shmat exists passed with the following output:
Change Dir: /home/cdesio/TAT/tat_simu_2steps/simulation/build/CMakeFiles/CMakeTmp

Run Build Command(s):/usr/bin/gmake -f Makefile cmTC_a90c6/fast && /usr/bin/gmake  -f CMakeFiles/cmTC_a90c6.dir/build.make CMakeFiles/cmTC_a90c6.dir/build
gmake[1]: Entering directory `/home/cdesio/TAT/tat_simu_2steps/simulation/build/CMakeFiles/CMakeTmp'
Building C object CMakeFiles/cmTC_a90c6.dir/CheckFunctionExists.c.o
/opt/anaconda3/envs/rootpy/bin/x86_64-conda-linux-gnu-cc   -march=nocona -mtune=haswell -ftree-vectorize -fPIC -fstack-protector-strong -fno-plt -O2 -ffunction-sections -pipe -isystem /opt/anaconda3/envs/rootpy/include -DCHECK_FUNCTION_EXISTS=shmat -o CMakeFiles/cmTC_a90c6.dir/CheckFunctionExists.c.o -c /usr/local/share/cmake-3.22/Modules/CheckFunctionExists.c
Linking C executable cmTC_a90c6
/usr/local/bin/cmake -E cmake_link_script CMakeFiles/cmTC_a90c6.dir/link.txt --verbose=1
/opt/anaconda3/envs/rootpy/bin/x86_64-conda-linux-gnu-cc -march=nocona -mtune=haswell -ftree-vectorize -fPIC -fstack-protector-strong -fno-plt -O2 -ffunction-sections -pipe -isystem /opt/anaconda3/envs/rootpy/include -DCHECK_FUNCTION_EXISTS=shmat -Wl,-O2 -Wl,--sort-common -Wl,--as-needed -Wl,-z,relro -Wl,-z,now -Wl,--disable-new-dtags -Wl,--gc-sections -Wl,--allow-shlib-undefined -Wl,-rpath,/opt/anaconda3/envs/rootpy/lib -Wl,-rpath-link,/opt/anaconda3/envs/rootpy/lib -L/opt/anaconda3/envs/rootpy/lib  CMakeFiles/cmTC_a90c6.dir/CheckFunctionExists.c.o -o cmTC_a90c6 
gmake[1]: Leaving directory `/home/cdesio/TAT/tat_simu_2steps/simulation/build/CMakeFiles/CMakeTmp'



Determining if the function IceConnectionNumber exists in the ICE passed with the following output:
Change Dir: /home/cdesio/TAT/tat_simu_2steps/simulation/build/CMakeFiles/CMakeTmp

Run Build Command(s):/usr/bin/gmake -f Makefile cmTC_084e0/fast && /usr/bin/gmake  -f CMakeFiles/cmTC_084e0.dir/build.make CMakeFiles/cmTC_084e0.dir/build
gmake[1]: Entering directory `/home/cdesio/TAT/tat_simu_2steps/simulation/build/CMakeFiles/CMakeTmp'
Building C object CMakeFiles/cmTC_084e0.dir/CheckFunctionExists.c.o
/opt/anaconda3/envs/rootpy/bin/x86_64-conda-linux-gnu-cc   -march=nocona -mtune=haswell -ftree-vectorize -fPIC -fstack-protector-strong -fno-plt -O2 -ffunction-sections -pipe -isystem /opt/anaconda3/envs/rootpy/include -DCHECK_FUNCTION_EXISTS=IceConnectionNumber -o CMakeFiles/cmTC_084e0.dir/CheckFunctionExists.c.o -c /usr/local/share/cmake-3.22/Modules/CheckFunctionExists.c
Linking C executable cmTC_084e0
/usr/local/bin/cmake -E cmake_link_script CMakeFiles/cmTC_084e0.dir/link.txt --verbose=1
/opt/anaconda3/envs/rootpy/bin/x86_64-conda-linux-gnu-cc -march=nocona -mtune=haswell -ftree-vectorize -fPIC -fstack-protector-strong -fno-plt -O2 -ffunction-sections -pipe -isystem /opt/anaconda3/envs/rootpy/include -DCHECK_FUNCTION_EXISTS=IceConnectionNumber -Wl,-O2 -Wl,--sort-common -Wl,--as-needed -Wl,-z,relro -Wl,-z,now -Wl,--disable-new-dtags -Wl,--gc-sections -Wl,--allow-shlib-undefined -Wl,-rpath,/opt/anaconda3/envs/rootpy/lib -Wl,-rpath-link,/opt/anaconda3/envs/rootpy/lib -L/opt/anaconda3/envs/rootpy/lib  CMakeFiles/cmTC_084e0.dir/CheckFunctionExists.c.o -o cmTC_084e0  -lICE 
gmake[1]: Leaving directory `/home/cdesio/TAT/tat_simu_2steps/simulation/build/CMakeFiles/CMakeTmp'



